main start at this time 1684456329.8618155
-----------------------------------------before load data 
 Nvidia-smi: 0.166015625 GB
    Memory Allocated: 0.0  GigaBytes
Max Memory Allocated: 0.0  GigaBytes

#nodes: 2449029
#edges: 123718024
#classes: 47
success----------------------------------------
196571
39255
2164782
# Nodes: 2400608
# Edges: 123718024
# Train: 196571
# Val: 39255
# Test: 2164782
# Classes: 47

----------------------------------------start of run function 
 Nvidia-smi: 0.166015625 GB
    Memory Allocated: 0.0  GigaBytes
Max Memory Allocated: 0.0  GigaBytes

len(bkt)  173
len(bkt)  221
len(bkt)  374
len(bkt)  456
len(bkt)  445
len(bkt)  550
len(bkt)  655
len(bkt)  512
len(bkt)  576
len(bkt)  640
len(bkt)  624
len(bkt)  583
len(bkt)  615
len(bkt)  695
len(bkt)  673
len(bkt)  614
len(bkt)  556
len(bkt)  604
len(bkt)  584
len(bkt)  572
len(bkt)  586
len(bkt)  592
len(bkt)  648
len(bkt)  645
len(bkt)  671
len(bkt)  659
len(bkt)  646
len(bkt)  768
len(bkt)  643
len(bkt)  689
len(bkt)  691
len(bkt)  727
len(bkt)  793
len(bkt)  677
len(bkt)  754
len(bkt)  741
len(bkt)  791
len(bkt)  775
len(bkt)  816
len(bkt)  852
len(bkt)  861
len(bkt)  813
len(bkt)  933
len(bkt)  806
len(bkt)  884
len(bkt)  807
len(bkt)  927
len(bkt)  958
len(bkt)  879
len(bkt)  877
len(bkt)  928
len(bkt)  959
len(bkt)  907
len(bkt)  996
len(bkt)  907
len(bkt)  913
len(bkt)  923
len(bkt)  957
len(bkt)  950
len(bkt)  930
len(bkt)  981
len(bkt)  959
len(bkt)  955
len(bkt)  953
len(bkt)  994
len(bkt)  977
len(bkt)  1158
len(bkt)  1053
len(bkt)  1107
len(bkt)  1068
len(bkt)  1080
len(bkt)  1052
len(bkt)  1080
len(bkt)  1069
len(bkt)  1169
len(bkt)  1145
len(bkt)  1190
len(bkt)  1169
len(bkt)  1185
len(bkt)  1117
len(bkt)  1185
len(bkt)  1160
len(bkt)  1165
len(bkt)  1177
len(bkt)  1164
len(bkt)  1151
len(bkt)  1156
len(bkt)  1183
len(bkt)  1142
len(bkt)  1108
len(bkt)  1154
len(bkt)  1119
len(bkt)  1088
len(bkt)  1069
len(bkt)  1017
len(bkt)  1020
len(bkt)  1034
len(bkt)  963
len(bkt)  1042
len(bkt)  111012
---||-----||-----||-----||-----||-----||-----||-----||-----||-----||-----||-----||-----||-----||-----||-----||-----||-----||-----||-----||--

__ 
100
group 1 start =========================
group 2 start=========================
group 3 start=========================
group 4 start=========================
group 5 start=========================
group 6 start=========================
group 7 start=========================
group 8 start=========================
group 9 start=========================
group 10 start=========================
group 11 start=========================
51
length  196571
group1  24886
group2  11539
group7  5817
[0.12660056671635186, 0.058701436122317124, 0.04818106434825076, 0.03718758107757503, 0.033550218496115905, 0.02973989042127272, 0.029592361029856896, 0.023345254386455783, 0.01709814774305467, 0.01580090654267415, 0.015460062776299658, 0.01412212381276994, 0.01412212381276994, 0.01412212381276994, 0.01412212381276994, 0.01412212381276994, 0.01412212381276994, 0.01412212381276994, 0.01412212381276994, 0.01412212381276994, 0.01412212381276994, 0.01412212381276994, 0.01412212381276994, 0.01412212381276994, 0.01412212381276994, 0.01412212381276994, 0.01412212381276994, 0.01412212381276994, 0.01412212381276994, 0.01412212381276994, 0.01412212381276994, 0.01412212381276994, 0.01412212381276994, 0.01412212381276994, 0.01412212381276994, 0.01412212381276994, 0.01412212381276994, 0.01412212381276994, 0.01412212381276994, 0.01412212381276994, 0.01412212381276994, 0.01412212381276994, 0.01412212381276994, 0.01412212381276994, 0.01412212381276994, 0.01412212381276994, 0.01412212381276994, 0.01412212381276994, 0.01412212381276994, 0.01412212381276994, 0.013979681641747765]
 the number of batches:  51
check_connections_block*********************************
num of batch  51
check_connections_block*********************************
----------------------------------------after generate_dataloader_bucket_block 
 Nvidia-smi: 1.34375 GB
    Memory Allocated: 0.000934600830078125  GigaBytes
Max Memory Allocated: 0.000934600830078125  GigaBytes

batch 0
src global  883827
seeds global  24886
----------------------------------------after load_block_subtensor
 Nvidia-smi: 1.673828125 GB
    Memory Allocated: 0.33119821548461914  GigaBytes
Max Memory Allocated: 0.33119821548461914  GigaBytes

----------------------------------------after blocks to device
 Nvidia-smi: 1.80078125 GB
    Memory Allocated: 0.35492563247680664  GigaBytes
Max Memory Allocated: 0.35492563247680664  GigaBytes

----------------------------------------after model forward
 Nvidia-smi: 21.611328125 GB
    Memory Allocated: 19.690189361572266  GigaBytes
Max Memory Allocated: 19.97451162338257  GigaBytes

----------------------------------------after loss_fcn calculation
 Nvidia-smi: 21.611328125 GB
    Memory Allocated: 19.694547653198242  GigaBytes
Max Memory Allocated: 19.97451162338257  GigaBytes

----------------------------------------after loss backward
 Nvidia-smi: 22.427734375 GB
    Memory Allocated: 0.39138221740722656  GigaBytes
Max Memory Allocated: 19.97451162338257  GigaBytes

---------------------------------------- batch 0
 Nvidia-smi: 22.427734375 GB
    Memory Allocated: 0.39138221740722656  GigaBytes
Max Memory Allocated: 19.97451162338257  GigaBytes

batch 1
src global  915578
seeds global  11539
----------------------------------------after load_block_subtensor
 Nvidia-smi: 22.427734375 GB
    Memory Allocated: 0.3624687194824219  GigaBytes
Max Memory Allocated: 19.97451162338257  GigaBytes

----------------------------------------after blocks to device
 Nvidia-smi: 22.427734375 GB
    Memory Allocated: 0.3876004219055176  GigaBytes
Max Memory Allocated: 19.97451162338257  GigaBytes

----------------------------------------after model forward
 Nvidia-smi: 22.134765625 GB
    Memory Allocated: 20.1643385887146  GigaBytes
Max Memory Allocated: 20.442575931549072  GigaBytes

----------------------------------------after loss_fcn calculation
 Nvidia-smi: 22.134765625 GB
    Memory Allocated: 20.166359424591064  GigaBytes
Max Memory Allocated: 20.442575931549072  GigaBytes

----------------------------------------after loss backward
 Nvidia-smi: 22.654296875 GB
    Memory Allocated: 0.41703176498413086  GigaBytes
Max Memory Allocated: 20.442575931549072  GigaBytes

---------------------------------------- batch 1
 Nvidia-smi: 22.654296875 GB
    Memory Allocated: 0.41703176498413086  GigaBytes
Max Memory Allocated: 20.442575931549072  GigaBytes

batch 2
src global  949778
seeds global  9471
----------------------------------------after load_block_subtensor
 Nvidia-smi: 22.654296875 GB
    Memory Allocated: 0.388124942779541  GigaBytes
Max Memory Allocated: 20.442575931549072  GigaBytes

----------------------------------------after blocks to device
 Nvidia-smi: 22.654296875 GB
    Memory Allocated: 0.41477060317993164  GigaBytes
Max Memory Allocated: 20.442575931549072  GigaBytes

----------------------------------------after model forward
 Nvidia-smi: 23.634765625 GB
    Memory Allocated: 21.67023992538452  GigaBytes
Max Memory Allocated: 21.958191394805908  GigaBytes

----------------------------------------after loss_fcn calculation
 Nvidia-smi: 23.634765625 GB
    Memory Allocated: 21.67193603515625  GigaBytes
Max Memory Allocated: 21.958191394805908  GigaBytes

----------------------------------------after loss backward
 Nvidia-smi: 23.287109375 GB
    Memory Allocated: 0.448056697845459  GigaBytes
Max Memory Allocated: 21.958191394805908  GigaBytes

---------------------------------------- batch 2
 Nvidia-smi: 23.287109375 GB
    Memory Allocated: 0.448056697845459  GigaBytes
Max Memory Allocated: 21.958191394805908  GigaBytes

batch 3
src global  907859
seeds global  7310
----------------------------------------after load_block_subtensor
 Nvidia-smi: 23.287109375 GB
    Memory Allocated: 0.3860816955566406  GigaBytes
Max Memory Allocated: 21.958191394805908  GigaBytes

----------------------------------------after blocks to device
 Nvidia-smi: 23.287109375 GB
    Memory Allocated: 0.4116225242614746  GigaBytes
Max Memory Allocated: 21.958191394805908  GigaBytes

----------------------------------------after model forward
 Nvidia-smi: 23.380859375 GB
    Memory Allocated: 20.10251808166504  GigaBytes
Max Memory Allocated: 21.958191394805908  GigaBytes

----------------------------------------after loss_fcn calculation
 Nvidia-smi: 23.380859375 GB
    Memory Allocated: 20.103872776031494  GigaBytes
Max Memory Allocated: 21.958191394805908  GigaBytes

----------------------------------------after loss backward
 Nvidia-smi: 23.380859375 GB
    Memory Allocated: 0.4415154457092285  GigaBytes
Max Memory Allocated: 21.958191394805908  GigaBytes

---------------------------------------- batch 3
 Nvidia-smi: 23.380859375 GB
    Memory Allocated: 0.4415154457092285  GigaBytes
Max Memory Allocated: 21.958191394805908  GigaBytes

batch 4
src global  909697
seeds global  6595
----------------------------------------after load_block_subtensor
 Nvidia-smi: 23.380859375 GB
    Memory Allocated: 0.39916229248046875  GigaBytes
Max Memory Allocated: 21.958191394805908  GigaBytes

----------------------------------------after blocks to device
 Nvidia-smi: 23.380859375 GB
    Memory Allocated: 0.4242067337036133  GigaBytes
Max Memory Allocated: 21.958191394805908  GigaBytes

----------------------------------------after model forward
 Nvidia-smi: 23.404296875 GB
    Memory Allocated: 20.28992986679077  GigaBytes
Max Memory Allocated: 21.958191394805908  GigaBytes

----------------------------------------after loss_fcn calculation
 Nvidia-smi: 23.404296875 GB
    Memory Allocated: 20.291372776031494  GigaBytes
Max Memory Allocated: 21.958191394805908  GigaBytes

----------------------------------------after loss backward
 Nvidia-smi: 23.404296875 GB
    Memory Allocated: 0.45484495162963867  GigaBytes
Max Memory Allocated: 21.958191394805908  GigaBytes

---------------------------------------- batch 4
 Nvidia-smi: 23.404296875 GB
    Memory Allocated: 0.45484495162963867  GigaBytes
Max Memory Allocated: 21.958191394805908  GigaBytes

batch 5
src global  888489
seeds global  5846
----------------------------------------after load_block_subtensor
 Nvidia-smi: 23.404296875 GB
    Memory Allocated: 0.40360212326049805  GigaBytes
Max Memory Allocated: 21.958191394805908  GigaBytes

----------------------------------------after blocks to device
 Nvidia-smi: 23.404296875 GB
    Memory Allocated: 0.4287729263305664  GigaBytes
Max Memory Allocated: 21.958191394805908  GigaBytes

----------------------------------------after model forward
 Nvidia-smi: 23.404296875 GB
    Memory Allocated: 19.572690963745117  GigaBytes
Max Memory Allocated: 21.958191394805908  GigaBytes

----------------------------------------after loss_fcn calculation
 Nvidia-smi: 23.404296875 GB
    Memory Allocated: 19.573997020721436  GigaBytes
Max Memory Allocated: 21.958191394805908  GigaBytes

----------------------------------------after loss backward
 Nvidia-smi: 23.404296875 GB
    Memory Allocated: 0.458740234375  GigaBytes
Max Memory Allocated: 21.958191394805908  GigaBytes

---------------------------------------- batch 5
 Nvidia-smi: 23.404296875 GB
    Memory Allocated: 0.458740234375  GigaBytes
Max Memory Allocated: 21.958191394805908  GigaBytes

batch 6
src global  915149
seeds global  5817
----------------------------------------after load_block_subtensor
 Nvidia-smi: 23.404296875 GB
    Memory Allocated: 0.426302433013916  GigaBytes
Max Memory Allocated: 21.958191394805908  GigaBytes

----------------------------------------after blocks to device
 Nvidia-smi: 23.404296875 GB
    Memory Allocated: 0.452974796295166  GigaBytes
Max Memory Allocated: 21.958191394805908  GigaBytes

----------------------------------------after model forward
 Nvidia-smi: 23.404296875 GB
    Memory Allocated: 20.751042366027832  GigaBytes
Max Memory Allocated: 21.958191394805908  GigaBytes

----------------------------------------after loss_fcn calculation
 Nvidia-smi: 23.404296875 GB
    Memory Allocated: 20.752087116241455  GigaBytes
Max Memory Allocated: 21.958191394805908  GigaBytes

----------------------------------------after loss backward
 Nvidia-smi: 23.404296875 GB
    Memory Allocated: 0.48505258560180664  GigaBytes
Max Memory Allocated: 21.958191394805908  GigaBytes

---------------------------------------- batch 6
 Nvidia-smi: 23.404296875 GB
    Memory Allocated: 0.48505258560180664  GigaBytes
Max Memory Allocated: 21.958191394805908  GigaBytes

batch 7
src global  854423
seeds global  4589
----------------------------------------after load_block_subtensor
 Nvidia-smi: 23.404296875 GB
    Memory Allocated: 0.4178590774536133  GigaBytes
Max Memory Allocated: 21.958191394805908  GigaBytes

----------------------------------------after blocks to device
 Nvidia-smi: 23.404296875 GB
    Memory Allocated: 0.44136905670166016  GigaBytes
Max Memory Allocated: 21.958191394805908  GigaBytes

----------------------------------------after model forward
 Nvidia-smi: 23.404296875 GB
    Memory Allocated: 18.379804611206055  GigaBytes
Max Memory Allocated: 21.958191394805908  GigaBytes

----------------------------------------after loss_fcn calculation
 Nvidia-smi: 23.404296875 GB
    Memory Allocated: 18.380609035491943  GigaBytes
Max Memory Allocated: 21.958191394805908  GigaBytes

----------------------------------------after loss backward
 Nvidia-smi: 23.404296875 GB
    Memory Allocated: 0.4685378074645996  GigaBytes
Max Memory Allocated: 21.958191394805908  GigaBytes

---------------------------------------- batch 7
 Nvidia-smi: 23.404296875 GB
    Memory Allocated: 0.4685378074645996  GigaBytes
Max Memory Allocated: 21.958191394805908  GigaBytes

batch 8
src global  767209
seeds global  3361
----------------------------------------after load_block_subtensor
 Nvidia-smi: 23.404296875 GB
    Memory Allocated: 0.3955392837524414  GigaBytes
Max Memory Allocated: 21.958191394805908  GigaBytes

----------------------------------------after blocks to device
 Nvidia-smi: 23.404296875 GB
    Memory Allocated: 0.41403675079345703  GigaBytes
Max Memory Allocated: 21.958191394805908  GigaBytes

----------------------------------------after model forward
 Nvidia-smi: 23.404296875 GB
    Memory Allocated: 15.06806755065918  GigaBytes
Max Memory Allocated: 21.958191394805908  GigaBytes

----------------------------------------after loss_fcn calculation
 Nvidia-smi: 23.404296875 GB
    Memory Allocated: 15.068656921386719  GigaBytes
Max Memory Allocated: 21.958191394805908  GigaBytes

----------------------------------------after loss backward
 Nvidia-smi: 23.404296875 GB
    Memory Allocated: 0.43743467330932617  GigaBytes
Max Memory Allocated: 21.958191394805908  GigaBytes

---------------------------------------- batch 8
 Nvidia-smi: 23.404296875 GB
    Memory Allocated: 0.43743467330932617  GigaBytes
Max Memory Allocated: 21.958191394805908  GigaBytes

batch 9
src global  758865
seeds global  3106
----------------------------------------after load_block_subtensor
 Nvidia-smi: 23.404296875 GB
    Memory Allocated: 0.4010286331176758  GigaBytes
Max Memory Allocated: 21.958191394805908  GigaBytes

----------------------------------------after blocks to device
 Nvidia-smi: 23.404296875 GB
    Memory Allocated: 0.41891956329345703  GigaBytes
Max Memory Allocated: 21.958191394805908  GigaBytes

----------------------------------------after model forward
 Nvidia-smi: 23.404296875 GB
    Memory Allocated: 14.806625366210938  GigaBytes
Max Memory Allocated: 21.958191394805908  GigaBytes

----------------------------------------after loss_fcn calculation
 Nvidia-smi: 23.404296875 GB
    Memory Allocated: 14.807169914245605  GigaBytes
Max Memory Allocated: 21.958191394805908  GigaBytes

----------------------------------------after loss backward
 Nvidia-smi: 23.404296875 GB
    Memory Allocated: 0.44078826904296875  GigaBytes
Max Memory Allocated: 21.958191394805908  GigaBytes

---------------------------------------- batch 9
 Nvidia-smi: 23.404296875 GB
    Memory Allocated: 0.44078826904296875  GigaBytes
Max Memory Allocated: 21.958191394805908  GigaBytes

batch 10
src global  768484
seeds global  3039
----------------------------------------after load_block_subtensor
 Nvidia-smi: 23.404296875 GB
    Memory Allocated: 0.4122934341430664  GigaBytes
Max Memory Allocated: 21.958191394805908  GigaBytes

----------------------------------------after blocks to device
 Nvidia-smi: 23.404296875 GB
    Memory Allocated: 0.4315981864929199  GigaBytes
Max Memory Allocated: 21.958191394805908  GigaBytes

----------------------------------------after model forward
 Nvidia-smi: 23.404296875 GB
    Memory Allocated: 15.053341388702393  GigaBytes
Max Memory Allocated: 21.958191394805908  GigaBytes

----------------------------------------after loss_fcn calculation
 Nvidia-smi: 23.404296875 GB
    Memory Allocated: 15.053874015808105  GigaBytes
Max Memory Allocated: 21.958191394805908  GigaBytes

----------------------------------------after loss backward
 Nvidia-smi: 23.404296875 GB
    Memory Allocated: 0.4549751281738281  GigaBytes
Max Memory Allocated: 21.958191394805908  GigaBytes

---------------------------------------- batch 10
 Nvidia-smi: 23.404296875 GB
    Memory Allocated: 0.4549751281738281  GigaBytes
Max Memory Allocated: 21.958191394805908  GigaBytes

batch 11
src global  829245
seeds global  2776
----------------------------------------after load_block_subtensor
 Nvidia-smi: 23.404296875 GB
    Memory Allocated: 0.44418954849243164  GigaBytes
Max Memory Allocated: 21.958191394805908  GigaBytes

----------------------------------------after blocks to device
 Nvidia-smi: 23.404296875 GB
    Memory Allocated: 0.46357059478759766  GigaBytes
Max Memory Allocated: 21.958191394805908  GigaBytes

----------------------------------------after model forward
 Nvidia-smi: 23.404296875 GB
    Memory Allocated: 15.833906173706055  GigaBytes
Max Memory Allocated: 21.958191394805908  GigaBytes

----------------------------------------after loss_fcn calculation
 Nvidia-smi: 23.404296875 GB
    Memory Allocated: 15.83439302444458  GigaBytes
Max Memory Allocated: 21.958191394805908  GigaBytes

----------------------------------------after loss backward
 Nvidia-smi: 23.404296875 GB
    Memory Allocated: 0.4882807731628418  GigaBytes
Max Memory Allocated: 21.958191394805908  GigaBytes

---------------------------------------- batch 11
 Nvidia-smi: 23.404296875 GB
    Memory Allocated: 0.4882807731628418  GigaBytes
Max Memory Allocated: 21.958191394805908  GigaBytes

batch 12
src global  830029
seeds global  2776
----------------------------------------after load_block_subtensor
 Nvidia-smi: 23.404296875 GB
    Memory Allocated: 0.453033447265625  GigaBytes
Max Memory Allocated: 21.958191394805908  GigaBytes

----------------------------------------after blocks to device
 Nvidia-smi: 23.404296875 GB
    Memory Allocated: 0.47245216369628906  GigaBytes
Max Memory Allocated: 21.958191394805908  GigaBytes

----------------------------------------after model forward
 Nvidia-smi: 23.404296875 GB
    Memory Allocated: 15.74504804611206  GigaBytes
Max Memory Allocated: 21.958191394805908  GigaBytes

----------------------------------------after loss_fcn calculation
 Nvidia-smi: 23.404296875 GB
    Memory Allocated: 15.745534896850586  GigaBytes
Max Memory Allocated: 21.958191394805908  GigaBytes

----------------------------------------after loss backward
 Nvidia-smi: 23.404296875 GB
    Memory Allocated: 0.4964280128479004  GigaBytes
Max Memory Allocated: 21.958191394805908  GigaBytes

---------------------------------------- batch 12
 Nvidia-smi: 23.404296875 GB
    Memory Allocated: 0.4964280128479004  GigaBytes
Max Memory Allocated: 21.958191394805908  GigaBytes

batch 13
src global  829946
seeds global  2776
----------------------------------------after load_block_subtensor
 Nvidia-smi: 23.404296875 GB
    Memory Allocated: 0.4608635902404785  GigaBytes
Max Memory Allocated: 21.958191394805908  GigaBytes

----------------------------------------after blocks to device
 Nvidia-smi: 23.404296875 GB
    Memory Allocated: 0.48116350173950195  GigaBytes
Max Memory Allocated: 21.958191394805908  GigaBytes

----------------------------------------after model forward
 Nvidia-smi: 23.404296875 GB
    Memory Allocated: 15.804547309875488  GigaBytes
Max Memory Allocated: 21.958191394805908  GigaBytes

----------------------------------------after loss_fcn calculation
 Nvidia-smi: 23.404296875 GB
    Memory Allocated: 15.805034160614014  GigaBytes
Max Memory Allocated: 21.958191394805908  GigaBytes

----------------------------------------after loss backward
 Nvidia-smi: 23.404296875 GB
    Memory Allocated: 0.5051355361938477  GigaBytes
Max Memory Allocated: 21.958191394805908  GigaBytes

---------------------------------------- batch 13
 Nvidia-smi: 23.404296875 GB
    Memory Allocated: 0.5051355361938477  GigaBytes
Max Memory Allocated: 21.958191394805908  GigaBytes

batch 14
src global  834859
seeds global  2776
----------------------------------------after load_block_subtensor
 Nvidia-smi: 23.404296875 GB
    Memory Allocated: 0.47142934799194336  GigaBytes
Max Memory Allocated: 21.958191394805908  GigaBytes

----------------------------------------after blocks to device
 Nvidia-smi: 23.404296875 GB
    Memory Allocated: 0.49082088470458984  GigaBytes
Max Memory Allocated: 21.958191394805908  GigaBytes

----------------------------------------after model forward
 Nvidia-smi: 23.404296875 GB
    Memory Allocated: 15.859326362609863  GigaBytes
Max Memory Allocated: 21.958191394805908  GigaBytes

----------------------------------------after loss_fcn calculation
 Nvidia-smi: 23.404296875 GB
    Memory Allocated: 15.859813213348389  GigaBytes
Max Memory Allocated: 21.958191394805908  GigaBytes

----------------------------------------after loss backward
 Nvidia-smi: 23.404296875 GB
    Memory Allocated: 0.5167698860168457  GigaBytes
Max Memory Allocated: 21.958191394805908  GigaBytes

---------------------------------------- batch 14
 Nvidia-smi: 23.404296875 GB
    Memory Allocated: 0.5167698860168457  GigaBytes
Max Memory Allocated: 21.958191394805908  GigaBytes

batch 15
src global  829731
seeds global  2776
----------------------------------------after load_block_subtensor
 Nvidia-smi: 23.404296875 GB
    Memory Allocated: 0.47907543182373047  GigaBytes
Max Memory Allocated: 21.958191394805908  GigaBytes

----------------------------------------after blocks to device
 Nvidia-smi: 23.404296875 GB
    Memory Allocated: 0.49845075607299805  GigaBytes
Max Memory Allocated: 21.958191394805908  GigaBytes

----------------------------------------after model forward
 Nvidia-smi: 23.404296875 GB
    Memory Allocated: 15.783819198608398  GigaBytes
Max Memory Allocated: 21.958191394805908  GigaBytes

----------------------------------------after loss_fcn calculation
 Nvidia-smi: 23.404296875 GB
    Memory Allocated: 15.784306049346924  GigaBytes
Max Memory Allocated: 21.958191394805908  GigaBytes

----------------------------------------after loss backward
 Nvidia-smi: 23.404296875 GB
    Memory Allocated: 0.5219588279724121  GigaBytes
Max Memory Allocated: 21.958191394805908  GigaBytes

---------------------------------------- batch 15
 Nvidia-smi: 23.404296875 GB
    Memory Allocated: 0.5219588279724121  GigaBytes
Max Memory Allocated: 21.958191394805908  GigaBytes

batch 16
src global  830870
seeds global  2776
----------------------------------------after load_block_subtensor
 Nvidia-smi: 23.404296875 GB
    Memory Allocated: 0.48732757568359375  GigaBytes
Max Memory Allocated: 21.958191394805908  GigaBytes

----------------------------------------after blocks to device
 Nvidia-smi: 23.404296875 GB
    Memory Allocated: 0.5067028999328613  GigaBytes
Max Memory Allocated: 21.958191394805908  GigaBytes

----------------------------------------after model forward
 Nvidia-smi: 23.404296875 GB
    Memory Allocated: 15.831332683563232  GigaBytes
Max Memory Allocated: 21.958191394805908  GigaBytes

----------------------------------------after loss_fcn calculation
 Nvidia-smi: 23.404296875 GB
    Memory Allocated: 15.831819534301758  GigaBytes
Max Memory Allocated: 21.958191394805908  GigaBytes

----------------------------------------after loss backward
 Nvidia-smi: 23.404296875 GB
    Memory Allocated: 0.530879020690918  GigaBytes
Max Memory Allocated: 21.958191394805908  GigaBytes

---------------------------------------- batch 16
 Nvidia-smi: 23.404296875 GB
    Memory Allocated: 0.530879020690918  GigaBytes
Max Memory Allocated: 21.958191394805908  GigaBytes

batch 17
src global  830363
seeds global  2776
----------------------------------------after load_block_subtensor
 Nvidia-smi: 23.404296875 GB
    Memory Allocated: 0.49559545516967773  GigaBytes
Max Memory Allocated: 21.958191394805908  GigaBytes

----------------------------------------after blocks to device
 Nvidia-smi: 23.404296875 GB
    Memory Allocated: 0.5149707794189453  GigaBytes
Max Memory Allocated: 21.958191394805908  GigaBytes

----------------------------------------after model forward
 Nvidia-smi: 23.404296875 GB
    Memory Allocated: 15.838171005249023  GigaBytes
Max Memory Allocated: 21.958191394805908  GigaBytes

----------------------------------------after loss_fcn calculation
 Nvidia-smi: 23.404296875 GB
    Memory Allocated: 15.838657855987549  GigaBytes
Max Memory Allocated: 21.958191394805908  GigaBytes

----------------------------------------after loss backward
 Nvidia-smi: 23.404296875 GB
    Memory Allocated: 0.5392551422119141  GigaBytes
Max Memory Allocated: 21.958191394805908  GigaBytes

---------------------------------------- batch 17
 Nvidia-smi: 23.404296875 GB
    Memory Allocated: 0.5392551422119141  GigaBytes
Max Memory Allocated: 21.958191394805908  GigaBytes

batch 18
src global  825844
seeds global  2776
----------------------------------------after load_block_subtensor
 Nvidia-smi: 23.404296875 GB
    Memory Allocated: 0.5024681091308594  GigaBytes
Max Memory Allocated: 21.958191394805908  GigaBytes

----------------------------------------after blocks to device
 Nvidia-smi: 23.404296875 GB
    Memory Allocated: 0.5224165916442871  GigaBytes
Max Memory Allocated: 21.958191394805908  GigaBytes

----------------------------------------after model forward
 Nvidia-smi: 23.404296875 GB
    Memory Allocated: 15.768671035766602  GigaBytes
Max Memory Allocated: 21.958191394805908  GigaBytes

----------------------------------------after loss_fcn calculation
 Nvidia-smi: 23.404296875 GB
    Memory Allocated: 15.769157886505127  GigaBytes
Max Memory Allocated: 21.958191394805908  GigaBytes

----------------------------------------after loss backward
 Nvidia-smi: 23.404296875 GB
    Memory Allocated: 0.5470132827758789  GigaBytes
Max Memory Allocated: 21.958191394805908  GigaBytes

---------------------------------------- batch 18
 Nvidia-smi: 23.404296875 GB
    Memory Allocated: 0.5470132827758789  GigaBytes
Max Memory Allocated: 21.958191394805908  GigaBytes

batch 19
src global  829023
seeds global  2776
----------------------------------------after load_block_subtensor
 Nvidia-smi: 23.404296875 GB
    Memory Allocated: 0.5131216049194336  GigaBytes
Max Memory Allocated: 21.958191394805908  GigaBytes

----------------------------------------after blocks to device
 Nvidia-smi: 23.404296875 GB
    Memory Allocated: 0.5328187942504883  GigaBytes
Max Memory Allocated: 21.958191394805908  GigaBytes

----------------------------------------after model forward
 Nvidia-smi: 23.404296875 GB
    Memory Allocated: 15.821244239807129  GigaBytes
Max Memory Allocated: 21.958191394805908  GigaBytes

----------------------------------------after loss_fcn calculation
 Nvidia-smi: 23.404296875 GB
    Memory Allocated: 15.821731090545654  GigaBytes
Max Memory Allocated: 21.958191394805908  GigaBytes

----------------------------------------after loss backward
 Nvidia-smi: 23.404296875 GB
    Memory Allocated: 0.5567507743835449  GigaBytes
Max Memory Allocated: 21.958191394805908  GigaBytes

---------------------------------------- batch 19
 Nvidia-smi: 23.404296875 GB
    Memory Allocated: 0.5567507743835449  GigaBytes
Max Memory Allocated: 21.958191394805908  GigaBytes

batch 20
src global  836440
seeds global  2776
----------------------------------------after load_block_subtensor
 Nvidia-smi: 23.404296875 GB
    Memory Allocated: 0.5244331359863281  GigaBytes
Max Memory Allocated: 21.958191394805908  GigaBytes

----------------------------------------after blocks to device
 Nvidia-smi: 23.404296875 GB
    Memory Allocated: 0.5447473526000977  GigaBytes
Max Memory Allocated: 21.958191394805908  GigaBytes

----------------------------------------after model forward
 Nvidia-smi: 23.404296875 GB
    Memory Allocated: 15.87247085571289  GigaBytes
Max Memory Allocated: 21.958191394805908  GigaBytes

----------------------------------------after loss_fcn calculation
 Nvidia-smi: 23.404296875 GB
    Memory Allocated: 15.872957706451416  GigaBytes
Max Memory Allocated: 21.958191394805908  GigaBytes

----------------------------------------after loss backward
 Nvidia-smi: 23.404296875 GB
    Memory Allocated: 0.5684881210327148  GigaBytes
Max Memory Allocated: 21.958191394805908  GigaBytes

---------------------------------------- batch 20
 Nvidia-smi: 23.404296875 GB
    Memory Allocated: 0.5684881210327148  GigaBytes
Max Memory Allocated: 21.958191394805908  GigaBytes

batch 21
src global  832599
seeds global  2776
----------------------------------------after load_block_subtensor
 Nvidia-smi: 23.404296875 GB
    Memory Allocated: 0.5319395065307617  GigaBytes
Max Memory Allocated: 21.958191394805908  GigaBytes

----------------------------------------after blocks to device
 Nvidia-smi: 23.404296875 GB
    Memory Allocated: 0.5509729385375977  GigaBytes
Max Memory Allocated: 21.958191394805908  GigaBytes

----------------------------------------after model forward
 Nvidia-smi: 23.404296875 GB
    Memory Allocated: 15.872671604156494  GigaBytes
Max Memory Allocated: 21.958191394805908  GigaBytes

----------------------------------------after loss_fcn calculation
 Nvidia-smi: 23.404296875 GB
    Memory Allocated: 15.87315845489502  GigaBytes
Max Memory Allocated: 21.958191394805908  GigaBytes

----------------------------------------after loss backward
 Nvidia-smi: 23.404296875 GB
    Memory Allocated: 0.574648380279541  GigaBytes
Max Memory Allocated: 21.958191394805908  GigaBytes

---------------------------------------- batch 21
 Nvidia-smi: 23.404296875 GB
    Memory Allocated: 0.574648380279541  GigaBytes
Max Memory Allocated: 21.958191394805908  GigaBytes

batch 22
src global  840593
seeds global  2776
----------------------------------------after load_block_subtensor
 Nvidia-smi: 23.404296875 GB
    Memory Allocated: 0.5428838729858398  GigaBytes
Max Memory Allocated: 21.958191394805908  GigaBytes

----------------------------------------after blocks to device
 Nvidia-smi: 23.404296875 GB
    Memory Allocated: 0.5622148513793945  GigaBytes
Max Memory Allocated: 21.958191394805908  GigaBytes

----------------------------------------after model forward
 Nvidia-smi: 23.404296875 GB
    Memory Allocated: 15.920336723327637  GigaBytes
Max Memory Allocated: 21.958191394805908  GigaBytes

----------------------------------------after loss_fcn calculation
 Nvidia-smi: 23.404296875 GB
    Memory Allocated: 15.920823574066162  GigaBytes
Max Memory Allocated: 21.958191394805908  GigaBytes

----------------------------------------after loss backward
 Nvidia-smi: 23.404296875 GB
    Memory Allocated: 0.5859770774841309  GigaBytes
Max Memory Allocated: 21.958191394805908  GigaBytes

---------------------------------------- batch 22
 Nvidia-smi: 23.404296875 GB
    Memory Allocated: 0.5859770774841309  GigaBytes
Max Memory Allocated: 21.958191394805908  GigaBytes

batch 23
src global  840319
seeds global  2776
----------------------------------------after load_block_subtensor
 Nvidia-smi: 23.404296875 GB
    Memory Allocated: 0.5510611534118652  GigaBytes
Max Memory Allocated: 21.958191394805908  GigaBytes

----------------------------------------after blocks to device
 Nvidia-smi: 23.404296875 GB
    Memory Allocated: 0.570734977722168  GigaBytes
Max Memory Allocated: 21.958191394805908  GigaBytes

----------------------------------------after model forward
 Nvidia-smi: 23.404296875 GB
    Memory Allocated: 15.939355850219727  GigaBytes
Max Memory Allocated: 21.958191394805908  GigaBytes

----------------------------------------after loss_fcn calculation
 Nvidia-smi: 23.404296875 GB
    Memory Allocated: 15.939842700958252  GigaBytes
Max Memory Allocated: 21.958191394805908  GigaBytes

----------------------------------------after loss backward
 Nvidia-smi: 23.404296875 GB
    Memory Allocated: 0.5953316688537598  GigaBytes
Max Memory Allocated: 21.958191394805908  GigaBytes

---------------------------------------- batch 23
 Nvidia-smi: 23.404296875 GB
    Memory Allocated: 0.5953316688537598  GigaBytes
Max Memory Allocated: 21.958191394805908  GigaBytes

batch 24
src global  825769
seeds global  2776
----------------------------------------after load_block_subtensor
 Nvidia-smi: 23.404296875 GB
    Memory Allocated: 0.555079460144043  GigaBytes
Max Memory Allocated: 21.958191394805908  GigaBytes

----------------------------------------after blocks to device
 Nvidia-smi: 23.404296875 GB
    Memory Allocated: 0.5741133689880371  GigaBytes
Max Memory Allocated: 21.958191394805908  GigaBytes

----------------------------------------after model forward
 Nvidia-smi: 23.404296875 GB
    Memory Allocated: 15.80616569519043  GigaBytes
Max Memory Allocated: 21.958191394805908  GigaBytes

----------------------------------------after loss_fcn calculation
 Nvidia-smi: 23.404296875 GB
    Memory Allocated: 15.806652545928955  GigaBytes
Max Memory Allocated: 21.958191394805908  GigaBytes

----------------------------------------after loss backward
 Nvidia-smi: 23.404296875 GB
    Memory Allocated: 0.5983414649963379  GigaBytes
Max Memory Allocated: 21.958191394805908  GigaBytes

---------------------------------------- batch 24
 Nvidia-smi: 23.404296875 GB
    Memory Allocated: 0.5983414649963379  GigaBytes
Max Memory Allocated: 21.958191394805908  GigaBytes

batch 25
src global  836429
seeds global  2776
----------------------------------------after load_block_subtensor
 Nvidia-smi: 23.404296875 GB
    Memory Allocated: 0.5676651000976562  GigaBytes
Max Memory Allocated: 21.958191394805908  GigaBytes

----------------------------------------after blocks to device
 Nvidia-smi: 23.404296875 GB
    Memory Allocated: 0.5867080688476562  GigaBytes
Max Memory Allocated: 21.958191394805908  GigaBytes

----------------------------------------after model forward
 Nvidia-smi: 23.404296875 GB
    Memory Allocated: 15.924131870269775  GigaBytes
Max Memory Allocated: 21.958191394805908  GigaBytes

----------------------------------------after loss_fcn calculation
 Nvidia-smi: 23.404296875 GB
    Memory Allocated: 15.9246187210083  GigaBytes
Max Memory Allocated: 21.958191394805908  GigaBytes

----------------------------------------after loss backward
 Nvidia-smi: 23.404296875 GB
    Memory Allocated: 0.6102399826049805  GigaBytes
Max Memory Allocated: 21.958191394805908  GigaBytes

---------------------------------------- batch 25
 Nvidia-smi: 23.404296875 GB
    Memory Allocated: 0.6102399826049805  GigaBytes
Max Memory Allocated: 21.958191394805908  GigaBytes

batch 26
src global  832726
seeds global  2776
----------------------------------------after load_block_subtensor
 Nvidia-smi: 23.404296875 GB
    Memory Allocated: 0.5740699768066406  GigaBytes
Max Memory Allocated: 21.958191394805908  GigaBytes

----------------------------------------after blocks to device
 Nvidia-smi: 23.404296875 GB
    Memory Allocated: 0.5935025215148926  GigaBytes
Max Memory Allocated: 21.958191394805908  GigaBytes

----------------------------------------after model forward
 Nvidia-smi: 23.404296875 GB
    Memory Allocated: 15.955280780792236  GigaBytes
Max Memory Allocated: 21.958191394805908  GigaBytes

----------------------------------------after loss_fcn calculation
 Nvidia-smi: 23.404296875 GB
    Memory Allocated: 15.955767631530762  GigaBytes
Max Memory Allocated: 21.958191394805908  GigaBytes

----------------------------------------after loss backward
 Nvidia-smi: 23.404296875 GB
    Memory Allocated: 0.6181521415710449  GigaBytes
Max Memory Allocated: 21.958191394805908  GigaBytes

---------------------------------------- batch 26
 Nvidia-smi: 23.404296875 GB
    Memory Allocated: 0.6181521415710449  GigaBytes
Max Memory Allocated: 21.958191394805908  GigaBytes

batch 27
src global  833513
seeds global  2776
----------------------------------------after load_block_subtensor
 Nvidia-smi: 23.404296875 GB
    Memory Allocated: 0.5836224555969238  GigaBytes
Max Memory Allocated: 21.958191394805908  GigaBytes

----------------------------------------after blocks to device
 Nvidia-smi: 23.404296875 GB
    Memory Allocated: 0.6031441688537598  GigaBytes
Max Memory Allocated: 21.958191394805908  GigaBytes

----------------------------------------after model forward
 Nvidia-smi: 23.404296875 GB
    Memory Allocated: 15.994633197784424  GigaBytes
Max Memory Allocated: 21.958191394805908  GigaBytes

----------------------------------------after loss_fcn calculation
 Nvidia-smi: 23.404296875 GB
    Memory Allocated: 15.99512004852295  GigaBytes
Max Memory Allocated: 21.958191394805908  GigaBytes

----------------------------------------after loss backward
 Nvidia-smi: 23.404296875 GB
    Memory Allocated: 0.6286368370056152  GigaBytes
Max Memory Allocated: 21.958191394805908  GigaBytes

---------------------------------------- batch 27
 Nvidia-smi: 23.404296875 GB
    Memory Allocated: 0.6286368370056152  GigaBytes
Max Memory Allocated: 21.958191394805908  GigaBytes

batch 28
src global  832743
seeds global  2776
----------------------------------------after load_block_subtensor
 Nvidia-smi: 23.404296875 GB
    Memory Allocated: 0.5928506851196289  GigaBytes
Max Memory Allocated: 21.958191394805908  GigaBytes

----------------------------------------after blocks to device
 Nvidia-smi: 23.404296875 GB
    Memory Allocated: 0.6125640869140625  GigaBytes
Max Memory Allocated: 21.958191394805908  GigaBytes

----------------------------------------after model forward
 Nvidia-smi: 23.404296875 GB
    Memory Allocated: 15.932693004608154  GigaBytes
Max Memory Allocated: 21.958191394805908  GigaBytes

----------------------------------------after loss_fcn calculation
 Nvidia-smi: 23.404296875 GB
    Memory Allocated: 15.93317985534668  GigaBytes
Max Memory Allocated: 21.958191394805908  GigaBytes

----------------------------------------after loss backward
 Nvidia-smi: 23.404296875 GB
    Memory Allocated: 0.6357669830322266  GigaBytes
Max Memory Allocated: 21.958191394805908  GigaBytes

---------------------------------------- batch 28
 Nvidia-smi: 23.404296875 GB
    Memory Allocated: 0.6357669830322266  GigaBytes
Max Memory Allocated: 21.958191394805908  GigaBytes

batch 29
src global  824044
seeds global  2776
----------------------------------------after load_block_subtensor
 Nvidia-smi: 23.404296875 GB
    Memory Allocated: 0.5977530479431152  GigaBytes
Max Memory Allocated: 21.958191394805908  GigaBytes

----------------------------------------after blocks to device
 Nvidia-smi: 23.404296875 GB
    Memory Allocated: 0.616917610168457  GigaBytes
Max Memory Allocated: 21.958191394805908  GigaBytes

----------------------------------------after model forward
 Nvidia-smi: 23.404296875 GB
    Memory Allocated: 15.843747615814209  GigaBytes
Max Memory Allocated: 21.958191394805908  GigaBytes

----------------------------------------after loss_fcn calculation
 Nvidia-smi: 23.404296875 GB
    Memory Allocated: 15.844234466552734  GigaBytes
Max Memory Allocated: 21.958191394805908  GigaBytes

----------------------------------------after loss backward
 Nvidia-smi: 23.404296875 GB
    Memory Allocated: 0.6407151222229004  GigaBytes
Max Memory Allocated: 21.958191394805908  GigaBytes

---------------------------------------- batch 29
 Nvidia-smi: 23.404296875 GB
    Memory Allocated: 0.6407151222229004  GigaBytes
Max Memory Allocated: 21.958191394805908  GigaBytes

batch 30
src global  832398
seeds global  2776
----------------------------------------after load_block_subtensor
 Nvidia-smi: 23.404296875 GB
    Memory Allocated: 0.6091246604919434  GigaBytes
Max Memory Allocated: 21.958191394805908  GigaBytes

----------------------------------------after blocks to device
 Nvidia-smi: 23.404296875 GB
    Memory Allocated: 0.6284432411193848  GigaBytes
Max Memory Allocated: 21.958191394805908  GigaBytes

----------------------------------------after model forward
 Nvidia-smi: 23.404296875 GB
    Memory Allocated: 15.959277629852295  GigaBytes
Max Memory Allocated: 21.958191394805908  GigaBytes

----------------------------------------after loss_fcn calculation
 Nvidia-smi: 23.404296875 GB
    Memory Allocated: 15.95976448059082  GigaBytes
Max Memory Allocated: 21.958191394805908  GigaBytes

----------------------------------------after loss backward
 Nvidia-smi: 23.404296875 GB
    Memory Allocated: 0.6523661613464355  GigaBytes
Max Memory Allocated: 21.958191394805908  GigaBytes

---------------------------------------- batch 30
 Nvidia-smi: 23.404296875 GB
    Memory Allocated: 0.6523661613464355  GigaBytes
Max Memory Allocated: 21.958191394805908  GigaBytes

batch 31
src global  834883
seeds global  2776
----------------------------------------after load_block_subtensor
 Nvidia-smi: 23.404296875 GB
    Memory Allocated: 0.6185150146484375  GigaBytes
Max Memory Allocated: 21.958191394805908  GigaBytes

----------------------------------------after blocks to device
 Nvidia-smi: 23.404296875 GB
    Memory Allocated: 0.637568473815918  GigaBytes
Max Memory Allocated: 21.958191394805908  GigaBytes

----------------------------------------after model forward
 Nvidia-smi: 23.404296875 GB
    Memory Allocated: 15.976248741149902  GigaBytes
Max Memory Allocated: 21.958191394805908  GigaBytes

----------------------------------------after loss_fcn calculation
 Nvidia-smi: 23.404296875 GB
    Memory Allocated: 15.976735591888428  GigaBytes
Max Memory Allocated: 21.958191394805908  GigaBytes

----------------------------------------after loss backward
 Nvidia-smi: 23.404296875 GB
    Memory Allocated: 0.6612825393676758  GigaBytes
Max Memory Allocated: 21.958191394805908  GigaBytes

---------------------------------------- batch 31
 Nvidia-smi: 23.404296875 GB
    Memory Allocated: 0.6612825393676758  GigaBytes
Max Memory Allocated: 21.958191394805908  GigaBytes

batch 32
src global  834397
seeds global  2776
----------------------------------------after load_block_subtensor
 Nvidia-smi: 23.404296875 GB
    Memory Allocated: 0.6260232925415039  GigaBytes
Max Memory Allocated: 21.958191394805908  GigaBytes

----------------------------------------after blocks to device
 Nvidia-smi: 23.404296875 GB
    Memory Allocated: 0.6450767517089844  GigaBytes
Max Memory Allocated: 21.958191394805908  GigaBytes

----------------------------------------after model forward
 Nvidia-smi: 23.404296875 GB
    Memory Allocated: 15.968193531036377  GigaBytes
Max Memory Allocated: 21.958191394805908  GigaBytes

----------------------------------------after loss_fcn calculation
 Nvidia-smi: 23.404296875 GB
    Memory Allocated: 15.968680381774902  GigaBytes
Max Memory Allocated: 21.958191394805908  GigaBytes

----------------------------------------after loss backward
 Nvidia-smi: 23.404296875 GB
    Memory Allocated: 0.6691408157348633  GigaBytes
Max Memory Allocated: 21.958191394805908  GigaBytes

---------------------------------------- batch 32
 Nvidia-smi: 23.404296875 GB
    Memory Allocated: 0.6691408157348633  GigaBytes
Max Memory Allocated: 21.958191394805908  GigaBytes

batch 33
src global  830627
seeds global  2776
----------------------------------------after load_block_subtensor
 Nvidia-smi: 23.404296875 GB
    Memory Allocated: 0.6326713562011719  GigaBytes
Max Memory Allocated: 21.958191394805908  GigaBytes

----------------------------------------after blocks to device
 Nvidia-smi: 23.404296875 GB
    Memory Allocated: 0.6525254249572754  GigaBytes
Max Memory Allocated: 21.958191394805908  GigaBytes

----------------------------------------after model forward
 Nvidia-smi: 23.404296875 GB
    Memory Allocated: 15.940008163452148  GigaBytes
Max Memory Allocated: 21.958191394805908  GigaBytes

----------------------------------------after loss_fcn calculation
 Nvidia-smi: 23.404296875 GB
    Memory Allocated: 15.940495014190674  GigaBytes
Max Memory Allocated: 21.958191394805908  GigaBytes

----------------------------------------after loss backward
 Nvidia-smi: 23.404296875 GB
    Memory Allocated: 0.6759629249572754  GigaBytes
Max Memory Allocated: 21.958191394805908  GigaBytes

---------------------------------------- batch 33
 Nvidia-smi: 23.404296875 GB
    Memory Allocated: 0.6759629249572754  GigaBytes
Max Memory Allocated: 21.958191394805908  GigaBytes

batch 34
src global  836325
seeds global  2776
----------------------------------------after load_block_subtensor
 Nvidia-smi: 23.404296875 GB
    Memory Allocated: 0.6430387496948242  GigaBytes
Max Memory Allocated: 21.958191394805908  GigaBytes

----------------------------------------after blocks to device
 Nvidia-smi: 23.404296875 GB
    Memory Allocated: 0.662379264831543  GigaBytes
Max Memory Allocated: 21.958191394805908  GigaBytes

----------------------------------------after model forward
 Nvidia-smi: 23.404296875 GB
    Memory Allocated: 16.068379402160645  GigaBytes
Max Memory Allocated: 21.958191394805908  GigaBytes

----------------------------------------after loss_fcn calculation
 Nvidia-smi: 23.404296875 GB
    Memory Allocated: 16.06886625289917  GigaBytes
Max Memory Allocated: 21.958191394805908  GigaBytes

----------------------------------------after loss backward
 Nvidia-smi: 23.404296875 GB
    Memory Allocated: 0.6867613792419434  GigaBytes
Max Memory Allocated: 21.958191394805908  GigaBytes

---------------------------------------- batch 34
 Nvidia-smi: 23.404296875 GB
    Memory Allocated: 0.6867613792419434  GigaBytes
Max Memory Allocated: 21.958191394805908  GigaBytes

batch 35
src global  839338
seeds global  2776
----------------------------------------after load_block_subtensor
 Nvidia-smi: 23.404296875 GB
    Memory Allocated: 0.6527247428894043  GigaBytes
Max Memory Allocated: 21.958191394805908  GigaBytes

----------------------------------------after blocks to device
 Nvidia-smi: 23.404296875 GB
    Memory Allocated: 0.6726341247558594  GigaBytes
Max Memory Allocated: 21.958191394805908  GigaBytes

----------------------------------------after model forward
 Nvidia-smi: 23.404296875 GB
    Memory Allocated: 16.07826566696167  GigaBytes
Max Memory Allocated: 21.958191394805908  GigaBytes

----------------------------------------after loss_fcn calculation
 Nvidia-smi: 23.404296875 GB
    Memory Allocated: 16.078752517700195  GigaBytes
Max Memory Allocated: 21.958191394805908  GigaBytes

----------------------------------------after loss backward
 Nvidia-smi: 23.404296875 GB
    Memory Allocated: 0.6964397430419922  GigaBytes
Max Memory Allocated: 21.958191394805908  GigaBytes

---------------------------------------- batch 35
 Nvidia-smi: 23.404296875 GB
    Memory Allocated: 0.6964397430419922  GigaBytes
Max Memory Allocated: 21.958191394805908  GigaBytes

batch 36
src global  837255
seeds global  2776
----------------------------------------after load_block_subtensor
 Nvidia-smi: 23.404296875 GB
    Memory Allocated: 0.6605076789855957  GigaBytes
Max Memory Allocated: 21.958191394805908  GigaBytes

----------------------------------------after blocks to device
 Nvidia-smi: 23.404296875 GB
    Memory Allocated: 0.6798481941223145  GigaBytes
Max Memory Allocated: 21.958191394805908  GigaBytes

----------------------------------------after model forward
 Nvidia-smi: 23.404296875 GB
    Memory Allocated: 16.062153339385986  GigaBytes
Max Memory Allocated: 21.958191394805908  GigaBytes

----------------------------------------after loss_fcn calculation
 Nvidia-smi: 23.404296875 GB
    Memory Allocated: 16.06264019012451  GigaBytes
Max Memory Allocated: 21.958191394805908  GigaBytes

----------------------------------------after loss backward
 Nvidia-smi: 23.404296875 GB
    Memory Allocated: 0.7029085159301758  GigaBytes
Max Memory Allocated: 21.958191394805908  GigaBytes

---------------------------------------- batch 36
 Nvidia-smi: 23.404296875 GB
    Memory Allocated: 0.7029085159301758  GigaBytes
Max Memory Allocated: 21.958191394805908  GigaBytes

batch 37
src global  836410
seeds global  2776
----------------------------------------after load_block_subtensor
 Nvidia-smi: 23.404296875 GB
    Memory Allocated: 0.6674470901489258  GigaBytes
Max Memory Allocated: 21.958191394805908  GigaBytes

----------------------------------------after blocks to device
 Nvidia-smi: 23.404296875 GB
    Memory Allocated: 0.6868300437927246  GigaBytes
Max Memory Allocated: 21.958191394805908  GigaBytes

----------------------------------------after model forward
 Nvidia-smi: 23.404296875 GB
    Memory Allocated: 16.05018186569214  GigaBytes
Max Memory Allocated: 21.958191394805908  GigaBytes

----------------------------------------after loss_fcn calculation
 Nvidia-smi: 23.404296875 GB
    Memory Allocated: 16.050668716430664  GigaBytes
Max Memory Allocated: 21.958191394805908  GigaBytes

----------------------------------------after loss backward
 Nvidia-smi: 23.404296875 GB
    Memory Allocated: 0.7104549407958984  GigaBytes
Max Memory Allocated: 21.958191394805908  GigaBytes

---------------------------------------- batch 37
 Nvidia-smi: 23.404296875 GB
    Memory Allocated: 0.7104549407958984  GigaBytes
Max Memory Allocated: 21.958191394805908  GigaBytes

batch 38
src global  841802
seeds global  2776
----------------------------------------after load_block_subtensor
 Nvidia-smi: 23.404296875 GB
    Memory Allocated: 0.6773552894592285  GigaBytes
Max Memory Allocated: 21.958191394805908  GigaBytes

----------------------------------------after blocks to device
 Nvidia-smi: 23.404296875 GB
    Memory Allocated: 0.6971969604492188  GigaBytes
Max Memory Allocated: 21.958191394805908  GigaBytes

----------------------------------------after model forward
 Nvidia-smi: 23.404296875 GB
    Memory Allocated: 16.125073432922363  GigaBytes
Max Memory Allocated: 21.958191394805908  GigaBytes

----------------------------------------after loss_fcn calculation
 Nvidia-smi: 23.404296875 GB
    Memory Allocated: 16.12556028366089  GigaBytes
Max Memory Allocated: 21.958191394805908  GigaBytes

----------------------------------------after loss backward
 Nvidia-smi: 23.404296875 GB
    Memory Allocated: 0.7209320068359375  GigaBytes
Max Memory Allocated: 21.958191394805908  GigaBytes

---------------------------------------- batch 38
 Nvidia-smi: 23.404296875 GB
    Memory Allocated: 0.7209320068359375  GigaBytes
Max Memory Allocated: 21.958191394805908  GigaBytes

batch 39
src global  832165
seeds global  2776
----------------------------------------after load_block_subtensor
 Nvidia-smi: 23.404296875 GB
    Memory Allocated: 0.6821246147155762  GigaBytes
Max Memory Allocated: 21.958191394805908  GigaBytes

----------------------------------------after blocks to device
 Nvidia-smi: 23.404296875 GB
    Memory Allocated: 0.7020797729492188  GigaBytes
Max Memory Allocated: 21.958191394805908  GigaBytes

----------------------------------------after model forward
 Nvidia-smi: 23.404296875 GB
    Memory Allocated: 15.993876934051514  GigaBytes
Max Memory Allocated: 21.958191394805908  GigaBytes

----------------------------------------after loss_fcn calculation
 Nvidia-smi: 23.404296875 GB
    Memory Allocated: 15.994363784790039  GigaBytes
Max Memory Allocated: 21.958191394805908  GigaBytes

----------------------------------------after loss backward
 Nvidia-smi: 23.404296875 GB
    Memory Allocated: 0.7257423400878906  GigaBytes
Max Memory Allocated: 21.958191394805908  GigaBytes

---------------------------------------- batch 39
 Nvidia-smi: 23.404296875 GB
    Memory Allocated: 0.7257423400878906  GigaBytes
Max Memory Allocated: 21.958191394805908  GigaBytes

batch 40
src global  835702
seeds global  2776
----------------------------------------after load_block_subtensor
 Nvidia-smi: 23.404296875 GB
    Memory Allocated: 0.6920304298400879  GigaBytes
Max Memory Allocated: 21.958191394805908  GigaBytes

----------------------------------------after blocks to device
 Nvidia-smi: 23.404296875 GB
    Memory Allocated: 0.7114558219909668  GigaBytes
Max Memory Allocated: 21.958191394805908  GigaBytes

----------------------------------------after model forward
 Nvidia-smi: 23.404296875 GB
    Memory Allocated: 16.077971935272217  GigaBytes
Max Memory Allocated: 21.958191394805908  GigaBytes

----------------------------------------after loss_fcn calculation
 Nvidia-smi: 23.404296875 GB
    Memory Allocated: 16.078458786010742  GigaBytes
Max Memory Allocated: 21.958191394805908  GigaBytes

----------------------------------------after loss backward
 Nvidia-smi: 23.404296875 GB
    Memory Allocated: 0.734459400177002  GigaBytes
Max Memory Allocated: 21.958191394805908  GigaBytes

---------------------------------------- batch 40
 Nvidia-smi: 23.404296875 GB
    Memory Allocated: 0.734459400177002  GigaBytes
Max Memory Allocated: 21.958191394805908  GigaBytes

batch 41
src global  830059
seeds global  2776
----------------------------------------after load_block_subtensor
 Nvidia-smi: 23.404296875 GB
    Memory Allocated: 0.6972379684448242  GigaBytes
Max Memory Allocated: 21.958191394805908  GigaBytes

----------------------------------------after blocks to device
 Nvidia-smi: 23.404296875 GB
    Memory Allocated: 0.716578483581543  GigaBytes
Max Memory Allocated: 21.958191394805908  GigaBytes

----------------------------------------after model forward
 Nvidia-smi: 23.404296875 GB
    Memory Allocated: 16.042341232299805  GigaBytes
Max Memory Allocated: 21.958191394805908  GigaBytes

----------------------------------------after loss_fcn calculation
 Nvidia-smi: 23.404296875 GB
    Memory Allocated: 16.04282808303833  GigaBytes
Max Memory Allocated: 21.958191394805908  GigaBytes

----------------------------------------after loss backward
 Nvidia-smi: 23.404296875 GB
    Memory Allocated: 0.7401776313781738  GigaBytes
Max Memory Allocated: 21.958191394805908  GigaBytes

---------------------------------------- batch 41
 Nvidia-smi: 23.404296875 GB
    Memory Allocated: 0.7401776313781738  GigaBytes
Max Memory Allocated: 21.958191394805908  GigaBytes

batch 42
src global  830327
seeds global  2776
----------------------------------------after load_block_subtensor
 Nvidia-smi: 23.404296875 GB
    Memory Allocated: 0.7052240371704102  GigaBytes
Max Memory Allocated: 21.958191394805908  GigaBytes

----------------------------------------after blocks to device
 Nvidia-smi: 23.404296875 GB
    Memory Allocated: 0.7247605323791504  GigaBytes
Max Memory Allocated: 21.958191394805908  GigaBytes

----------------------------------------after model forward
 Nvidia-smi: 23.404296875 GB
    Memory Allocated: 16.048547744750977  GigaBytes
Max Memory Allocated: 21.958191394805908  GigaBytes

----------------------------------------after loss_fcn calculation
 Nvidia-smi: 23.404296875 GB
    Memory Allocated: 16.049034595489502  GigaBytes
Max Memory Allocated: 21.958191394805908  GigaBytes

----------------------------------------after loss backward
 Nvidia-smi: 23.404296875 GB
    Memory Allocated: 0.7488861083984375  GigaBytes
Max Memory Allocated: 21.958191394805908  GigaBytes

---------------------------------------- batch 42
 Nvidia-smi: 23.404296875 GB
    Memory Allocated: 0.7488861083984375  GigaBytes
Max Memory Allocated: 21.958191394805908  GigaBytes

batch 43
src global  837325
seeds global  2776
----------------------------------------after load_block_subtensor
 Nvidia-smi: 23.404296875 GB
    Memory Allocated: 0.716437816619873  GigaBytes
Max Memory Allocated: 21.958191394805908  GigaBytes

----------------------------------------after blocks to device
 Nvidia-smi: 23.404296875 GB
    Memory Allocated: 0.736323356628418  GigaBytes
Max Memory Allocated: 21.958191394805908  GigaBytes

----------------------------------------after model forward
 Nvidia-smi: 23.404296875 GB
    Memory Allocated: 16.10329246520996  GigaBytes
Max Memory Allocated: 21.958191394805908  GigaBytes

----------------------------------------after loss_fcn calculation
 Nvidia-smi: 23.404296875 GB
    Memory Allocated: 16.103779315948486  GigaBytes
Max Memory Allocated: 21.958191394805908  GigaBytes

----------------------------------------after loss backward
 Nvidia-smi: 23.404296875 GB
    Memory Allocated: 0.7610812187194824  GigaBytes
Max Memory Allocated: 21.958191394805908  GigaBytes

---------------------------------------- batch 43
 Nvidia-smi: 23.404296875 GB
    Memory Allocated: 0.7610812187194824  GigaBytes
Max Memory Allocated: 21.958191394805908  GigaBytes

batch 44
src global  835474
seeds global  2776
----------------------------------------after load_block_subtensor
 Nvidia-smi: 23.404296875 GB
    Memory Allocated: 0.7252850532531738  GigaBytes
Max Memory Allocated: 21.958191394805908  GigaBytes

----------------------------------------after blocks to device
 Nvidia-smi: 23.404296875 GB
    Memory Allocated: 0.7445659637451172  GigaBytes
Max Memory Allocated: 21.958191394805908  GigaBytes

----------------------------------------after model forward
 Nvidia-smi: 23.404296875 GB
    Memory Allocated: 16.03560495376587  GigaBytes
Max Memory Allocated: 21.958191394805908  GigaBytes

----------------------------------------after loss_fcn calculation
 Nvidia-smi: 23.404296875 GB
    Memory Allocated: 16.036091804504395  GigaBytes
Max Memory Allocated: 21.958191394805908  GigaBytes

----------------------------------------after loss backward
 Nvidia-smi: 23.404296875 GB
    Memory Allocated: 0.7685642242431641  GigaBytes
Max Memory Allocated: 21.958191394805908  GigaBytes

---------------------------------------- batch 44
 Nvidia-smi: 23.404296875 GB
    Memory Allocated: 0.7685642242431641  GigaBytes
Max Memory Allocated: 21.958191394805908  GigaBytes

batch 45
src global  835232
seeds global  2776
----------------------------------------after load_block_subtensor
 Nvidia-smi: 23.404296875 GB
    Memory Allocated: 0.7334442138671875  GigaBytes
Max Memory Allocated: 21.958191394805908  GigaBytes

----------------------------------------after blocks to device
 Nvidia-smi: 23.404296875 GB
    Memory Allocated: 0.7534699440002441  GigaBytes
Max Memory Allocated: 21.958191394805908  GigaBytes

----------------------------------------after model forward
 Nvidia-smi: 23.404296875 GB
    Memory Allocated: 16.12682867050171  GigaBytes
Max Memory Allocated: 21.958191394805908  GigaBytes

----------------------------------------after loss_fcn calculation
 Nvidia-smi: 23.404296875 GB
    Memory Allocated: 16.127315521240234  GigaBytes
Max Memory Allocated: 21.958191394805908  GigaBytes

----------------------------------------after loss backward
 Nvidia-smi: 23.404296875 GB
    Memory Allocated: 0.7770910263061523  GigaBytes
Max Memory Allocated: 21.958191394805908  GigaBytes

---------------------------------------- batch 45
 Nvidia-smi: 23.404296875 GB
    Memory Allocated: 0.7770910263061523  GigaBytes
Max Memory Allocated: 21.958191394805908  GigaBytes

batch 46
src global  831790
seeds global  2776
----------------------------------------after load_block_subtensor
 Nvidia-smi: 23.404296875 GB
    Memory Allocated: 0.7406840324401855  GigaBytes
Max Memory Allocated: 21.958191394805908  GigaBytes

----------------------------------------after blocks to device
 Nvidia-smi: 23.404296875 GB
    Memory Allocated: 0.760200023651123  GigaBytes
Max Memory Allocated: 21.958191394805908  GigaBytes

----------------------------------------after model forward
 Nvidia-smi: 23.404296875 GB
    Memory Allocated: 16.042489528656006  GigaBytes
Max Memory Allocated: 21.958191394805908  GigaBytes

----------------------------------------after loss_fcn calculation
 Nvidia-smi: 23.404296875 GB
    Memory Allocated: 16.04297637939453  GigaBytes
Max Memory Allocated: 21.958191394805908  GigaBytes

----------------------------------------after loss backward
 Nvidia-smi: 23.404296875 GB
    Memory Allocated: 0.7836933135986328  GigaBytes
Max Memory Allocated: 21.958191394805908  GigaBytes

---------------------------------------- batch 46
 Nvidia-smi: 23.404296875 GB
    Memory Allocated: 0.7836933135986328  GigaBytes
Max Memory Allocated: 21.958191394805908  GigaBytes

batch 47
src global  828728
seeds global  2776
----------------------------------------after load_block_subtensor
 Nvidia-smi: 23.404296875 GB
    Memory Allocated: 0.7478594779968262  GigaBytes
Max Memory Allocated: 21.958191394805908  GigaBytes

----------------------------------------after blocks to device
 Nvidia-smi: 23.404296875 GB
    Memory Allocated: 0.7668952941894531  GigaBytes
Max Memory Allocated: 21.958191394805908  GigaBytes

----------------------------------------after model forward
 Nvidia-smi: 23.404296875 GB
    Memory Allocated: 16.057541847229004  GigaBytes
Max Memory Allocated: 21.958191394805908  GigaBytes

----------------------------------------after loss_fcn calculation
 Nvidia-smi: 23.404296875 GB
    Memory Allocated: 16.05802869796753  GigaBytes
Max Memory Allocated: 21.958191394805908  GigaBytes

----------------------------------------after loss backward
 Nvidia-smi: 23.404296875 GB
    Memory Allocated: 0.7920293807983398  GigaBytes
Max Memory Allocated: 21.958191394805908  GigaBytes

---------------------------------------- batch 47
 Nvidia-smi: 23.404296875 GB
    Memory Allocated: 0.7920293807983398  GigaBytes
Max Memory Allocated: 21.958191394805908  GigaBytes

batch 48
src global  834022
seeds global  2776
----------------------------------------after load_block_subtensor
 Nvidia-smi: 23.404296875 GB
    Memory Allocated: 0.7592868804931641  GigaBytes
Max Memory Allocated: 21.958191394805908  GigaBytes

----------------------------------------after blocks to device
 Nvidia-smi: 23.404296875 GB
    Memory Allocated: 0.778925895690918  GigaBytes
Max Memory Allocated: 21.958191394805908  GigaBytes

----------------------------------------after model forward
 Nvidia-smi: 23.404296875 GB
    Memory Allocated: 16.10717248916626  GigaBytes
Max Memory Allocated: 21.958191394805908  GigaBytes

----------------------------------------after loss_fcn calculation
 Nvidia-smi: 23.404296875 GB
    Memory Allocated: 16.107659339904785  GigaBytes
Max Memory Allocated: 21.958191394805908  GigaBytes

----------------------------------------after loss backward
 Nvidia-smi: 23.404296875 GB
    Memory Allocated: 0.803255558013916  GigaBytes
Max Memory Allocated: 21.958191394805908  GigaBytes

---------------------------------------- batch 48
 Nvidia-smi: 23.404296875 GB
    Memory Allocated: 0.803255558013916  GigaBytes
Max Memory Allocated: 21.958191394805908  GigaBytes

batch 49
src global  832825
seeds global  2776
----------------------------------------after load_block_subtensor
 Nvidia-smi: 23.404296875 GB
    Memory Allocated: 0.7673397064208984  GigaBytes
Max Memory Allocated: 21.958191394805908  GigaBytes

----------------------------------------after blocks to device
 Nvidia-smi: 23.404296875 GB
    Memory Allocated: 0.7869992256164551  GigaBytes
Max Memory Allocated: 21.958191394805908  GigaBytes

----------------------------------------after model forward
 Nvidia-smi: 23.404296875 GB
    Memory Allocated: 16.081061840057373  GigaBytes
Max Memory Allocated: 21.958191394805908  GigaBytes

----------------------------------------after loss_fcn calculation
 Nvidia-smi: 23.404296875 GB
    Memory Allocated: 16.0815486907959  GigaBytes
Max Memory Allocated: 21.958191394805908  GigaBytes

----------------------------------------after loss backward
 Nvidia-smi: 23.404296875 GB
    Memory Allocated: 0.8125877380371094  GigaBytes
Max Memory Allocated: 21.958191394805908  GigaBytes

---------------------------------------- batch 49
 Nvidia-smi: 23.404296875 GB
    Memory Allocated: 0.8125877380371094  GigaBytes
Max Memory Allocated: 21.958191394805908  GigaBytes

batch 50
src global  826085
seeds global  2748
----------------------------------------after load_block_subtensor
 Nvidia-smi: 23.404296875 GB
    Memory Allocated: 0.7748379707336426  GigaBytes
Max Memory Allocated: 21.958191394805908  GigaBytes

----------------------------------------after blocks to device
 Nvidia-smi: 23.404296875 GB
    Memory Allocated: 0.7945184707641602  GigaBytes
Max Memory Allocated: 21.958191394805908  GigaBytes

----------------------------------------after model forward
 Nvidia-smi: 23.404296875 GB
    Memory Allocated: 16.015816688537598  GigaBytes
Max Memory Allocated: 21.958191394805908  GigaBytes

----------------------------------------after loss_fcn calculation
 Nvidia-smi: 23.404296875 GB
    Memory Allocated: 16.01629877090454  GigaBytes
Max Memory Allocated: 21.958191394805908  GigaBytes

----------------------------------------after loss backward
 Nvidia-smi: 23.404296875 GB
    Memory Allocated: 0.8186812400817871  GigaBytes
Max Memory Allocated: 21.958191394805908  GigaBytes

---------------------------------------- batch 50
 Nvidia-smi: 23.404296875 GB
    Memory Allocated: 0.8186812400817871  GigaBytes
Max Memory Allocated: 21.958191394805908  GigaBytes

----------------------------------------after optimizer
 Nvidia-smi: 23.404296875 GB
    Memory Allocated: 0.8205504417419434  GigaBytes
Max Memory Allocated: 21.958191394805908  GigaBytes

----------------------------------------------------------pseudo_mini_loss sum 5.198963165283203
---------------------------------------- batch 50 after optimizer
 Nvidia-smi: 23.404296875 GB
    Memory Allocated: 0.8205504417419434  GigaBytes
Max Memory Allocated: 21.958191394805908  GigaBytes

