main start at this time 1684523714.589925
-----------------------------------------before load data 
 Nvidia-smi: 0.166015625 GB
    Memory Allocated: 0.0  GigaBytes
Max Memory Allocated: 0.0  GigaBytes

#nodes: 2449029
#edges: 123718024
#classes: 47
success----------------------------------------
196571
39255
2164782
# Nodes: 2400608
# Edges: 123718024
# Train: 196571
# Val: 39255
# Test: 2164782
# Classes: 47

----------------------------------------start of run function 
 Nvidia-smi: 0.166015625 GB
    Memory Allocated: 0.0  GigaBytes
Max Memory Allocated: 0.0  GigaBytes

len(bkt)  173
len(bkt)  221
len(bkt)  374
len(bkt)  456
len(bkt)  445
len(bkt)  550
len(bkt)  655
len(bkt)  512
len(bkt)  576
len(bkt)  640
len(bkt)  624
len(bkt)  583
len(bkt)  615
len(bkt)  695
len(bkt)  673
len(bkt)  614
len(bkt)  556
len(bkt)  604
len(bkt)  584
len(bkt)  572
len(bkt)  586
len(bkt)  592
len(bkt)  648
len(bkt)  645
len(bkt)  671
len(bkt)  659
len(bkt)  646
len(bkt)  768
len(bkt)  643
len(bkt)  689
len(bkt)  691
len(bkt)  727
len(bkt)  793
len(bkt)  677
len(bkt)  754
len(bkt)  741
len(bkt)  791
len(bkt)  775
len(bkt)  816
len(bkt)  852
len(bkt)  861
len(bkt)  813
len(bkt)  933
len(bkt)  806
len(bkt)  884
len(bkt)  807
len(bkt)  927
len(bkt)  958
len(bkt)  879
len(bkt)  877
len(bkt)  928
len(bkt)  959
len(bkt)  907
len(bkt)  996
len(bkt)  907
len(bkt)  913
len(bkt)  923
len(bkt)  957
len(bkt)  950
len(bkt)  930
len(bkt)  981
len(bkt)  959
len(bkt)  955
len(bkt)  953
len(bkt)  994
len(bkt)  977
len(bkt)  1158
len(bkt)  1053
len(bkt)  1107
len(bkt)  1068
len(bkt)  1080
len(bkt)  1052
len(bkt)  1080
len(bkt)  1069
len(bkt)  1169
len(bkt)  1145
len(bkt)  1190
len(bkt)  1169
len(bkt)  1185
len(bkt)  1117
len(bkt)  1185
len(bkt)  1160
len(bkt)  1165
len(bkt)  1177
len(bkt)  1164
len(bkt)  1151
len(bkt)  1156
len(bkt)  1183
len(bkt)  1142
len(bkt)  1108
len(bkt)  1154
len(bkt)  1119
len(bkt)  1088
len(bkt)  1069
len(bkt)  1017
len(bkt)  1020
len(bkt)  1034
len(bkt)  963
len(bkt)  1042
len(bkt)  111012
---||-----||-----||-----||-----||-----||-----||-----||-----||-----||-----||-----||-----||-----||-----||-----||-----||-----||-----||-----||--

__ 
100
group 1 start =========================
group 2 start=========================
group 3 start=========================
group 4 start=========================
group 5 start=========================
group 6 start=========================
group 7 start=========================
group 8 start=========================
group 9 start=========================
group 10 start=========================
group 11 start=========================
49
length  196571
group1  24886
group2  11539
group7  5817
[0.12660056671635186, 0.058701436122317124, 0.04818106434825076, 0.03718758107757503, 0.033550218496115905, 0.02973989042127272, 0.029592361029856896, 0.023345254386455783, 0.01709814774305467, 0.01580090654267415, 0.015460062776299658, 0.014864857990242711, 0.014864857990242711, 0.014864857990242711, 0.014864857990242711, 0.014864857990242711, 0.014864857990242711, 0.014864857990242711, 0.014864857990242711, 0.014864857990242711, 0.014864857990242711, 0.014864857990242711, 0.014864857990242711, 0.014864857990242711, 0.014864857990242711, 0.014864857990242711, 0.014864857990242711, 0.014864857990242711, 0.014864857990242711, 0.014864857990242711, 0.014864857990242711, 0.014864857990242711, 0.014864857990242711, 0.014864857990242711, 0.014864857990242711, 0.014864857990242711, 0.014864857990242711, 0.014864857990242711, 0.014864857990242711, 0.014864857990242711, 0.014864857990242711, 0.014864857990242711, 0.014864857990242711, 0.014864857990242711, 0.014864857990242711, 0.014864857990242711, 0.014864857990242711, 0.014864857990242711, 0.014742764700795132]
 the number of batches:  49
check_connections_block*********************************
num of batch  49
check_connections_block*********************************
----------------------------------------after generate_dataloader_bucket_block 
 Nvidia-smi: 1.34375 GB
    Memory Allocated: 0.000934600830078125  GigaBytes
Max Memory Allocated: 0.000934600830078125  GigaBytes

batch 0
src global  883827
seeds global  24886
----------------------------------------after load_block_subtensor
 Nvidia-smi: 1.673828125 GB
    Memory Allocated: 0.33119821548461914  GigaBytes
Max Memory Allocated: 0.33119821548461914  GigaBytes

----------------------------------------after blocks to device
 Nvidia-smi: 1.80078125 GB
    Memory Allocated: 0.35492563247680664  GigaBytes
Max Memory Allocated: 0.35492563247680664  GigaBytes

----------------------------------------after model forward
 Nvidia-smi: 21.611328125 GB
    Memory Allocated: 19.690189361572266  GigaBytes
Max Memory Allocated: 19.97451162338257  GigaBytes

----------------------------------------after loss_fcn calculation
 Nvidia-smi: 21.611328125 GB
    Memory Allocated: 19.694547653198242  GigaBytes
Max Memory Allocated: 19.97451162338257  GigaBytes

----------------------------------------after loss backward
 Nvidia-smi: 22.427734375 GB
    Memory Allocated: 0.39138221740722656  GigaBytes
Max Memory Allocated: 19.97451162338257  GigaBytes

---------------------------------------- batch 0
 Nvidia-smi: 22.427734375 GB
    Memory Allocated: 0.39138221740722656  GigaBytes
Max Memory Allocated: 19.97451162338257  GigaBytes

batch 1
src global  915578
seeds global  11539
----------------------------------------after load_block_subtensor
 Nvidia-smi: 22.427734375 GB
    Memory Allocated: 0.3624687194824219  GigaBytes
Max Memory Allocated: 19.97451162338257  GigaBytes

----------------------------------------after blocks to device
 Nvidia-smi: 22.427734375 GB
    Memory Allocated: 0.3876004219055176  GigaBytes
Max Memory Allocated: 19.97451162338257  GigaBytes

----------------------------------------after model forward
 Nvidia-smi: 22.134765625 GB
    Memory Allocated: 20.1643385887146  GigaBytes
Max Memory Allocated: 20.442575931549072  GigaBytes

----------------------------------------after loss_fcn calculation
 Nvidia-smi: 22.134765625 GB
    Memory Allocated: 20.166359424591064  GigaBytes
Max Memory Allocated: 20.442575931549072  GigaBytes

----------------------------------------after loss backward
 Nvidia-smi: 22.654296875 GB
    Memory Allocated: 0.41703176498413086  GigaBytes
Max Memory Allocated: 20.442575931549072  GigaBytes

---------------------------------------- batch 1
 Nvidia-smi: 22.654296875 GB
    Memory Allocated: 0.41703176498413086  GigaBytes
Max Memory Allocated: 20.442575931549072  GigaBytes

batch 2
src global  949778
seeds global  9471
----------------------------------------after load_block_subtensor
 Nvidia-smi: 22.654296875 GB
    Memory Allocated: 0.388124942779541  GigaBytes
Max Memory Allocated: 20.442575931549072  GigaBytes

----------------------------------------after blocks to device
 Nvidia-smi: 22.654296875 GB
    Memory Allocated: 0.41477060317993164  GigaBytes
Max Memory Allocated: 20.442575931549072  GigaBytes

----------------------------------------after model forward
 Nvidia-smi: 23.634765625 GB
    Memory Allocated: 21.67023992538452  GigaBytes
Max Memory Allocated: 21.958191394805908  GigaBytes

----------------------------------------after loss_fcn calculation
 Nvidia-smi: 23.634765625 GB
    Memory Allocated: 21.67193603515625  GigaBytes
Max Memory Allocated: 21.958191394805908  GigaBytes

----------------------------------------after loss backward
 Nvidia-smi: 23.287109375 GB
    Memory Allocated: 0.448056697845459  GigaBytes
Max Memory Allocated: 21.958191394805908  GigaBytes

---------------------------------------- batch 2
 Nvidia-smi: 23.287109375 GB
    Memory Allocated: 0.448056697845459  GigaBytes
Max Memory Allocated: 21.958191394805908  GigaBytes

batch 3
src global  907859
seeds global  7310
----------------------------------------after load_block_subtensor
 Nvidia-smi: 23.287109375 GB
    Memory Allocated: 0.3860816955566406  GigaBytes
Max Memory Allocated: 21.958191394805908  GigaBytes

----------------------------------------after blocks to device
 Nvidia-smi: 23.287109375 GB
    Memory Allocated: 0.4116225242614746  GigaBytes
Max Memory Allocated: 21.958191394805908  GigaBytes

----------------------------------------after model forward
 Nvidia-smi: 23.380859375 GB
    Memory Allocated: 20.10251808166504  GigaBytes
Max Memory Allocated: 21.958191394805908  GigaBytes

----------------------------------------after loss_fcn calculation
 Nvidia-smi: 23.380859375 GB
    Memory Allocated: 20.103872776031494  GigaBytes
Max Memory Allocated: 21.958191394805908  GigaBytes

----------------------------------------after loss backward
 Nvidia-smi: 23.380859375 GB
    Memory Allocated: 0.4415154457092285  GigaBytes
Max Memory Allocated: 21.958191394805908  GigaBytes

---------------------------------------- batch 3
 Nvidia-smi: 23.380859375 GB
    Memory Allocated: 0.4415154457092285  GigaBytes
Max Memory Allocated: 21.958191394805908  GigaBytes

batch 4
src global  909697
seeds global  6595
----------------------------------------after load_block_subtensor
 Nvidia-smi: 23.380859375 GB
    Memory Allocated: 0.39916229248046875  GigaBytes
Max Memory Allocated: 21.958191394805908  GigaBytes

----------------------------------------after blocks to device
 Nvidia-smi: 23.380859375 GB
    Memory Allocated: 0.4242067337036133  GigaBytes
Max Memory Allocated: 21.958191394805908  GigaBytes

----------------------------------------after model forward
 Nvidia-smi: 23.404296875 GB
    Memory Allocated: 20.28992986679077  GigaBytes
Max Memory Allocated: 21.958191394805908  GigaBytes

----------------------------------------after loss_fcn calculation
 Nvidia-smi: 23.404296875 GB
    Memory Allocated: 20.291372776031494  GigaBytes
Max Memory Allocated: 21.958191394805908  GigaBytes

----------------------------------------after loss backward
 Nvidia-smi: 23.404296875 GB
    Memory Allocated: 0.45484495162963867  GigaBytes
Max Memory Allocated: 21.958191394805908  GigaBytes

---------------------------------------- batch 4
 Nvidia-smi: 23.404296875 GB
    Memory Allocated: 0.45484495162963867  GigaBytes
Max Memory Allocated: 21.958191394805908  GigaBytes

batch 5
src global  888489
seeds global  5846
----------------------------------------after load_block_subtensor
 Nvidia-smi: 23.404296875 GB
    Memory Allocated: 0.40360212326049805  GigaBytes
Max Memory Allocated: 21.958191394805908  GigaBytes

----------------------------------------after blocks to device
 Nvidia-smi: 23.404296875 GB
    Memory Allocated: 0.4287729263305664  GigaBytes
Max Memory Allocated: 21.958191394805908  GigaBytes

----------------------------------------after model forward
 Nvidia-smi: 23.404296875 GB
    Memory Allocated: 19.572690963745117  GigaBytes
Max Memory Allocated: 21.958191394805908  GigaBytes

----------------------------------------after loss_fcn calculation
 Nvidia-smi: 23.404296875 GB
    Memory Allocated: 19.573997020721436  GigaBytes
Max Memory Allocated: 21.958191394805908  GigaBytes

----------------------------------------after loss backward
 Nvidia-smi: 23.404296875 GB
    Memory Allocated: 0.458740234375  GigaBytes
Max Memory Allocated: 21.958191394805908  GigaBytes

---------------------------------------- batch 5
 Nvidia-smi: 23.404296875 GB
    Memory Allocated: 0.458740234375  GigaBytes
Max Memory Allocated: 21.958191394805908  GigaBytes

batch 6
src global  915149
seeds global  5817
----------------------------------------after load_block_subtensor
 Nvidia-smi: 23.404296875 GB
    Memory Allocated: 0.426302433013916  GigaBytes
Max Memory Allocated: 21.958191394805908  GigaBytes

----------------------------------------after blocks to device
 Nvidia-smi: 23.404296875 GB
    Memory Allocated: 0.452974796295166  GigaBytes
Max Memory Allocated: 21.958191394805908  GigaBytes

----------------------------------------after model forward
 Nvidia-smi: 23.404296875 GB
    Memory Allocated: 20.751042366027832  GigaBytes
Max Memory Allocated: 21.958191394805908  GigaBytes

----------------------------------------after loss_fcn calculation
 Nvidia-smi: 23.404296875 GB
    Memory Allocated: 20.752087116241455  GigaBytes
Max Memory Allocated: 21.958191394805908  GigaBytes

----------------------------------------after loss backward
 Nvidia-smi: 23.404296875 GB
    Memory Allocated: 0.48505258560180664  GigaBytes
Max Memory Allocated: 21.958191394805908  GigaBytes

---------------------------------------- batch 6
 Nvidia-smi: 23.404296875 GB
    Memory Allocated: 0.48505258560180664  GigaBytes
Max Memory Allocated: 21.958191394805908  GigaBytes

batch 7
src global  854423
seeds global  4589
----------------------------------------after load_block_subtensor
 Nvidia-smi: 23.404296875 GB
    Memory Allocated: 0.4178590774536133  GigaBytes
Max Memory Allocated: 21.958191394805908  GigaBytes

----------------------------------------after blocks to device
 Nvidia-smi: 23.404296875 GB
    Memory Allocated: 0.44136905670166016  GigaBytes
Max Memory Allocated: 21.958191394805908  GigaBytes

----------------------------------------after model forward
 Nvidia-smi: 23.404296875 GB
    Memory Allocated: 18.379804611206055  GigaBytes
Max Memory Allocated: 21.958191394805908  GigaBytes

----------------------------------------after loss_fcn calculation
 Nvidia-smi: 23.404296875 GB
    Memory Allocated: 18.380609035491943  GigaBytes
Max Memory Allocated: 21.958191394805908  GigaBytes

----------------------------------------after loss backward
 Nvidia-smi: 23.404296875 GB
    Memory Allocated: 0.4685378074645996  GigaBytes
Max Memory Allocated: 21.958191394805908  GigaBytes

---------------------------------------- batch 7
 Nvidia-smi: 23.404296875 GB
    Memory Allocated: 0.4685378074645996  GigaBytes
Max Memory Allocated: 21.958191394805908  GigaBytes

batch 8
src global  767209
seeds global  3361
----------------------------------------after load_block_subtensor
 Nvidia-smi: 23.404296875 GB
    Memory Allocated: 0.3955392837524414  GigaBytes
Max Memory Allocated: 21.958191394805908  GigaBytes

----------------------------------------after blocks to device
 Nvidia-smi: 23.404296875 GB
    Memory Allocated: 0.41403675079345703  GigaBytes
Max Memory Allocated: 21.958191394805908  GigaBytes

----------------------------------------after model forward
 Nvidia-smi: 23.404296875 GB
    Memory Allocated: 15.06806755065918  GigaBytes
Max Memory Allocated: 21.958191394805908  GigaBytes

----------------------------------------after loss_fcn calculation
 Nvidia-smi: 23.404296875 GB
    Memory Allocated: 15.068656921386719  GigaBytes
Max Memory Allocated: 21.958191394805908  GigaBytes

----------------------------------------after loss backward
 Nvidia-smi: 23.404296875 GB
    Memory Allocated: 0.43743467330932617  GigaBytes
Max Memory Allocated: 21.958191394805908  GigaBytes

---------------------------------------- batch 8
 Nvidia-smi: 23.404296875 GB
    Memory Allocated: 0.43743467330932617  GigaBytes
Max Memory Allocated: 21.958191394805908  GigaBytes

batch 9
src global  758865
seeds global  3106
----------------------------------------after load_block_subtensor
 Nvidia-smi: 23.404296875 GB
    Memory Allocated: 0.4010286331176758  GigaBytes
Max Memory Allocated: 21.958191394805908  GigaBytes

----------------------------------------after blocks to device
 Nvidia-smi: 23.404296875 GB
    Memory Allocated: 0.41891956329345703  GigaBytes
Max Memory Allocated: 21.958191394805908  GigaBytes

----------------------------------------after model forward
 Nvidia-smi: 23.404296875 GB
    Memory Allocated: 14.806625366210938  GigaBytes
Max Memory Allocated: 21.958191394805908  GigaBytes

----------------------------------------after loss_fcn calculation
 Nvidia-smi: 23.404296875 GB
    Memory Allocated: 14.807169914245605  GigaBytes
Max Memory Allocated: 21.958191394805908  GigaBytes

----------------------------------------after loss backward
 Nvidia-smi: 23.404296875 GB
    Memory Allocated: 0.44078826904296875  GigaBytes
Max Memory Allocated: 21.958191394805908  GigaBytes

---------------------------------------- batch 9
 Nvidia-smi: 23.404296875 GB
    Memory Allocated: 0.44078826904296875  GigaBytes
Max Memory Allocated: 21.958191394805908  GigaBytes

batch 10
src global  768484
seeds global  3039
----------------------------------------after load_block_subtensor
 Nvidia-smi: 23.404296875 GB
    Memory Allocated: 0.4122934341430664  GigaBytes
Max Memory Allocated: 21.958191394805908  GigaBytes

----------------------------------------after blocks to device
 Nvidia-smi: 23.404296875 GB
    Memory Allocated: 0.4315981864929199  GigaBytes
Max Memory Allocated: 21.958191394805908  GigaBytes

----------------------------------------after model forward
 Nvidia-smi: 23.404296875 GB
    Memory Allocated: 15.053341388702393  GigaBytes
Max Memory Allocated: 21.958191394805908  GigaBytes

----------------------------------------after loss_fcn calculation
 Nvidia-smi: 23.404296875 GB
    Memory Allocated: 15.053874015808105  GigaBytes
Max Memory Allocated: 21.958191394805908  GigaBytes

----------------------------------------after loss backward
 Nvidia-smi: 23.404296875 GB
    Memory Allocated: 0.4549751281738281  GigaBytes
Max Memory Allocated: 21.958191394805908  GigaBytes

---------------------------------------- batch 10
 Nvidia-smi: 23.404296875 GB
    Memory Allocated: 0.4549751281738281  GigaBytes
Max Memory Allocated: 21.958191394805908  GigaBytes

batch 11
src global  849291
seeds global  2922
----------------------------------------after load_block_subtensor
 Nvidia-smi: 23.404296875 GB
    Memory Allocated: 0.4516582489013672  GigaBytes
Max Memory Allocated: 21.958191394805908  GigaBytes

----------------------------------------after blocks to device
 Nvidia-smi: 23.404296875 GB
    Memory Allocated: 0.47153663635253906  GigaBytes
Max Memory Allocated: 21.958191394805908  GigaBytes

----------------------------------------after model forward
 Nvidia-smi: 23.404296875 GB
    Memory Allocated: 16.503475666046143  GigaBytes
Max Memory Allocated: 21.958191394805908  GigaBytes

----------------------------------------after loss_fcn calculation
 Nvidia-smi: 23.404296875 GB
    Memory Allocated: 16.503987789154053  GigaBytes
Max Memory Allocated: 21.958191394805908  GigaBytes

----------------------------------------after loss backward
 Nvidia-smi: 23.404296875 GB
    Memory Allocated: 0.496091365814209  GigaBytes
Max Memory Allocated: 21.958191394805908  GigaBytes

---------------------------------------- batch 11
 Nvidia-smi: 23.404296875 GB
    Memory Allocated: 0.496091365814209  GigaBytes
Max Memory Allocated: 21.958191394805908  GigaBytes

batch 12
src global  851918
seeds global  2922
----------------------------------------after load_block_subtensor
 Nvidia-smi: 23.404296875 GB
    Memory Allocated: 0.46077537536621094  GigaBytes
Max Memory Allocated: 21.958191394805908  GigaBytes

----------------------------------------after blocks to device
 Nvidia-smi: 23.404296875 GB
    Memory Allocated: 0.480679988861084  GigaBytes
Max Memory Allocated: 21.958191394805908  GigaBytes

----------------------------------------after model forward
 Nvidia-smi: 23.404296875 GB
    Memory Allocated: 16.466651439666748  GigaBytes
Max Memory Allocated: 21.958191394805908  GigaBytes

----------------------------------------after loss_fcn calculation
 Nvidia-smi: 23.404296875 GB
    Memory Allocated: 16.467163562774658  GigaBytes
Max Memory Allocated: 21.958191394805908  GigaBytes

----------------------------------------after loss backward
 Nvidia-smi: 23.404296875 GB
    Memory Allocated: 0.5056972503662109  GigaBytes
Max Memory Allocated: 21.958191394805908  GigaBytes

---------------------------------------- batch 12
 Nvidia-smi: 23.404296875 GB
    Memory Allocated: 0.5056972503662109  GigaBytes
Max Memory Allocated: 21.958191394805908  GigaBytes

batch 13
src global  853663
seeds global  2922
----------------------------------------after load_block_subtensor
 Nvidia-smi: 23.404296875 GB
    Memory Allocated: 0.4701809883117676  GigaBytes
Max Memory Allocated: 21.958191394805908  GigaBytes

----------------------------------------after blocks to device
 Nvidia-smi: 23.404296875 GB
    Memory Allocated: 0.49074363708496094  GigaBytes
Max Memory Allocated: 21.958191394805908  GigaBytes

----------------------------------------after model forward
 Nvidia-smi: 23.404296875 GB
    Memory Allocated: 16.52492332458496  GigaBytes
Max Memory Allocated: 21.958191394805908  GigaBytes

----------------------------------------after loss_fcn calculation
 Nvidia-smi: 23.404296875 GB
    Memory Allocated: 16.52543544769287  GigaBytes
Max Memory Allocated: 21.958191394805908  GigaBytes

----------------------------------------after loss backward
 Nvidia-smi: 23.404296875 GB
    Memory Allocated: 0.5163159370422363  GigaBytes
Max Memory Allocated: 21.958191394805908  GigaBytes

---------------------------------------- batch 13
 Nvidia-smi: 23.404296875 GB
    Memory Allocated: 0.5163159370422363  GigaBytes
Max Memory Allocated: 21.958191394805908  GigaBytes

batch 14
src global  850964
seeds global  2922
----------------------------------------after load_block_subtensor
 Nvidia-smi: 23.404296875 GB
    Memory Allocated: 0.47902345657348633  GigaBytes
Max Memory Allocated: 21.958191394805908  GigaBytes

----------------------------------------after blocks to device
 Nvidia-smi: 23.404296875 GB
    Memory Allocated: 0.4988856315612793  GigaBytes
Max Memory Allocated: 21.958191394805908  GigaBytes

----------------------------------------after model forward
 Nvidia-smi: 23.404296875 GB
    Memory Allocated: 16.510145664215088  GigaBytes
Max Memory Allocated: 21.958191394805908  GigaBytes

----------------------------------------after loss_fcn calculation
 Nvidia-smi: 23.404296875 GB
    Memory Allocated: 16.510657787322998  GigaBytes
Max Memory Allocated: 21.958191394805908  GigaBytes

----------------------------------------after loss backward
 Nvidia-smi: 23.404296875 GB
    Memory Allocated: 0.5238628387451172  GigaBytes
Max Memory Allocated: 21.958191394805908  GigaBytes

---------------------------------------- batch 14
 Nvidia-smi: 23.404296875 GB
    Memory Allocated: 0.5238628387451172  GigaBytes
Max Memory Allocated: 21.958191394805908  GigaBytes

batch 15
src global  852988
seeds global  2922
----------------------------------------after load_block_subtensor
 Nvidia-smi: 23.404296875 GB
    Memory Allocated: 0.4883689880371094  GigaBytes
Max Memory Allocated: 21.958191394805908  GigaBytes

----------------------------------------after blocks to device
 Nvidia-smi: 23.404296875 GB
    Memory Allocated: 0.5084323883056641  GigaBytes
Max Memory Allocated: 21.958191394805908  GigaBytes

----------------------------------------after model forward
 Nvidia-smi: 23.404296875 GB
    Memory Allocated: 16.52540683746338  GigaBytes
Max Memory Allocated: 21.958191394805908  GigaBytes

----------------------------------------after loss_fcn calculation
 Nvidia-smi: 23.404296875 GB
    Memory Allocated: 16.52591896057129  GigaBytes
Max Memory Allocated: 21.958191394805908  GigaBytes

----------------------------------------after loss backward
 Nvidia-smi: 23.404296875 GB
    Memory Allocated: 0.5331554412841797  GigaBytes
Max Memory Allocated: 21.958191394805908  GigaBytes

---------------------------------------- batch 15
 Nvidia-smi: 23.404296875 GB
    Memory Allocated: 0.5331554412841797  GigaBytes
Max Memory Allocated: 21.958191394805908  GigaBytes

batch 16
src global  849034
seeds global  2922
----------------------------------------after load_block_subtensor
 Nvidia-smi: 23.404296875 GB
    Memory Allocated: 0.49542999267578125  GigaBytes
Max Memory Allocated: 21.958191394805908  GigaBytes

----------------------------------------after blocks to device
 Nvidia-smi: 23.404296875 GB
    Memory Allocated: 0.5152921676635742  GigaBytes
Max Memory Allocated: 21.958191394805908  GigaBytes

----------------------------------------after model forward
 Nvidia-smi: 23.404296875 GB
    Memory Allocated: 16.515007495880127  GigaBytes
Max Memory Allocated: 21.958191394805908  GigaBytes

----------------------------------------after loss_fcn calculation
 Nvidia-smi: 23.404296875 GB
    Memory Allocated: 16.515519618988037  GigaBytes
Max Memory Allocated: 21.958191394805908  GigaBytes

----------------------------------------after loss backward
 Nvidia-smi: 23.404296875 GB
    Memory Allocated: 0.5407342910766602  GigaBytes
Max Memory Allocated: 21.958191394805908  GigaBytes

---------------------------------------- batch 16
 Nvidia-smi: 23.404296875 GB
    Memory Allocated: 0.5407342910766602  GigaBytes
Max Memory Allocated: 21.958191394805908  GigaBytes

batch 17
src global  853387
seeds global  2922
----------------------------------------after load_block_subtensor
 Nvidia-smi: 23.404296875 GB
    Memory Allocated: 0.506131649017334  GigaBytes
Max Memory Allocated: 21.958191394805908  GigaBytes

----------------------------------------after blocks to device
 Nvidia-smi: 23.404296875 GB
    Memory Allocated: 0.5268130302429199  GigaBytes
Max Memory Allocated: 21.958191394805908  GigaBytes

----------------------------------------after model forward
 Nvidia-smi: 23.404296875 GB
    Memory Allocated: 16.568171977996826  GigaBytes
Max Memory Allocated: 21.958191394805908  GigaBytes

----------------------------------------after loss_fcn calculation
 Nvidia-smi: 23.404296875 GB
    Memory Allocated: 16.568684101104736  GigaBytes
Max Memory Allocated: 21.958191394805908  GigaBytes

----------------------------------------after loss backward
 Nvidia-smi: 23.404296875 GB
    Memory Allocated: 0.5509381294250488  GigaBytes
Max Memory Allocated: 21.958191394805908  GigaBytes

---------------------------------------- batch 17
 Nvidia-smi: 23.404296875 GB
    Memory Allocated: 0.5509381294250488  GigaBytes
Max Memory Allocated: 21.958191394805908  GigaBytes

batch 18
src global  846485
seeds global  2922
----------------------------------------after load_block_subtensor
 Nvidia-smi: 23.404296875 GB
    Memory Allocated: 0.512047290802002  GigaBytes
Max Memory Allocated: 21.958191394805908  GigaBytes

----------------------------------------after blocks to device
 Nvidia-smi: 23.404296875 GB
    Memory Allocated: 0.5328240394592285  GigaBytes
Max Memory Allocated: 21.958191394805908  GigaBytes

----------------------------------------after model forward
 Nvidia-smi: 23.404296875 GB
    Memory Allocated: 16.517367362976074  GigaBytes
Max Memory Allocated: 21.958191394805908  GigaBytes

----------------------------------------after loss_fcn calculation
 Nvidia-smi: 23.404296875 GB
    Memory Allocated: 16.517879486083984  GigaBytes
Max Memory Allocated: 21.958191394805908  GigaBytes

----------------------------------------after loss backward
 Nvidia-smi: 23.404296875 GB
    Memory Allocated: 0.557457447052002  GigaBytes
Max Memory Allocated: 21.958191394805908  GigaBytes

---------------------------------------- batch 18
 Nvidia-smi: 23.404296875 GB
    Memory Allocated: 0.557457447052002  GigaBytes
Max Memory Allocated: 21.958191394805908  GigaBytes

batch 19
src global  853709
seeds global  2922
----------------------------------------after load_block_subtensor
 Nvidia-smi: 23.404296875 GB
    Memory Allocated: 0.5240068435668945  GigaBytes
Max Memory Allocated: 21.958191394805908  GigaBytes

----------------------------------------after blocks to device
 Nvidia-smi: 23.404296875 GB
    Memory Allocated: 0.543858528137207  GigaBytes
Max Memory Allocated: 21.958191394805908  GigaBytes

----------------------------------------after model forward
 Nvidia-smi: 23.404296875 GB
    Memory Allocated: 16.560057640075684  GigaBytes
Max Memory Allocated: 21.958191394805908  GigaBytes

----------------------------------------after loss_fcn calculation
 Nvidia-smi: 23.404296875 GB
    Memory Allocated: 16.560569763183594  GigaBytes
Max Memory Allocated: 21.958191394805908  GigaBytes

----------------------------------------after loss backward
 Nvidia-smi: 23.404296875 GB
    Memory Allocated: 0.5684080123901367  GigaBytes
Max Memory Allocated: 21.958191394805908  GigaBytes

---------------------------------------- batch 19
 Nvidia-smi: 23.404296875 GB
    Memory Allocated: 0.5684080123901367  GigaBytes
Max Memory Allocated: 21.958191394805908  GigaBytes

batch 20
src global  853710
seeds global  2922
----------------------------------------after load_block_subtensor
 Nvidia-smi: 23.404296875 GB
    Memory Allocated: 0.5321683883666992  GigaBytes
Max Memory Allocated: 21.958191394805908  GigaBytes

----------------------------------------after blocks to device
 Nvidia-smi: 23.404296875 GB
    Memory Allocated: 0.552886962890625  GigaBytes
Max Memory Allocated: 21.958191394805908  GigaBytes

----------------------------------------after model forward
 Nvidia-smi: 23.404296875 GB
    Memory Allocated: 16.584871292114258  GigaBytes
Max Memory Allocated: 21.958191394805908  GigaBytes

----------------------------------------after loss_fcn calculation
 Nvidia-smi: 23.404296875 GB
    Memory Allocated: 16.585383415222168  GigaBytes
Max Memory Allocated: 21.958191394805908  GigaBytes

----------------------------------------after loss backward
 Nvidia-smi: 23.404296875 GB
    Memory Allocated: 0.578270435333252  GigaBytes
Max Memory Allocated: 21.958191394805908  GigaBytes

---------------------------------------- batch 20
 Nvidia-smi: 23.404296875 GB
    Memory Allocated: 0.578270435333252  GigaBytes
Max Memory Allocated: 21.958191394805908  GigaBytes

batch 21
src global  856790
seeds global  2922
----------------------------------------after load_block_subtensor
 Nvidia-smi: 23.404296875 GB
    Memory Allocated: 0.5423130989074707  GigaBytes
Max Memory Allocated: 21.958191394805908  GigaBytes

----------------------------------------after blocks to device
 Nvidia-smi: 23.404296875 GB
    Memory Allocated: 0.562166690826416  GigaBytes
Max Memory Allocated: 21.958191394805908  GigaBytes

----------------------------------------after model forward
 Nvidia-smi: 23.404296875 GB
    Memory Allocated: 16.58280658721924  GigaBytes
Max Memory Allocated: 21.958191394805908  GigaBytes

----------------------------------------after loss_fcn calculation
 Nvidia-smi: 23.404296875 GB
    Memory Allocated: 16.58331871032715  GigaBytes
Max Memory Allocated: 21.958191394805908  GigaBytes

----------------------------------------after loss backward
 Nvidia-smi: 23.404296875 GB
    Memory Allocated: 0.5877470970153809  GigaBytes
Max Memory Allocated: 21.958191394805908  GigaBytes

---------------------------------------- batch 21
 Nvidia-smi: 23.404296875 GB
    Memory Allocated: 0.5877470970153809  GigaBytes
Max Memory Allocated: 21.958191394805908  GigaBytes

batch 22
src global  865497
seeds global  2922
----------------------------------------after load_block_subtensor
 Nvidia-smi: 23.404296875 GB
    Memory Allocated: 0.5539083480834961  GigaBytes
Max Memory Allocated: 21.958191394805908  GigaBytes

----------------------------------------after blocks to device
 Nvidia-smi: 23.404296875 GB
    Memory Allocated: 0.5740842819213867  GigaBytes
Max Memory Allocated: 21.958191394805908  GigaBytes

----------------------------------------after model forward
 Nvidia-smi: 23.404296875 GB
    Memory Allocated: 16.670056343078613  GigaBytes
Max Memory Allocated: 21.958191394805908  GigaBytes

----------------------------------------after loss_fcn calculation
 Nvidia-smi: 23.404296875 GB
    Memory Allocated: 16.670568466186523  GigaBytes
Max Memory Allocated: 21.958191394805908  GigaBytes

----------------------------------------after loss backward
 Nvidia-smi: 23.404296875 GB
    Memory Allocated: 0.5997099876403809  GigaBytes
Max Memory Allocated: 21.958191394805908  GigaBytes

---------------------------------------- batch 22
 Nvidia-smi: 23.404296875 GB
    Memory Allocated: 0.5997099876403809  GigaBytes
Max Memory Allocated: 21.958191394805908  GigaBytes

batch 23
src global  852158
seeds global  2922
----------------------------------------after load_block_subtensor
 Nvidia-smi: 23.404296875 GB
    Memory Allocated: 0.5575385093688965  GigaBytes
Max Memory Allocated: 21.958191394805908  GigaBytes

----------------------------------------after blocks to device
 Nvidia-smi: 23.404296875 GB
    Memory Allocated: 0.5778155326843262  GigaBytes
Max Memory Allocated: 21.958191394805908  GigaBytes

----------------------------------------after model forward
 Nvidia-smi: 23.404296875 GB
    Memory Allocated: 16.593764305114746  GigaBytes
Max Memory Allocated: 21.958191394805908  GigaBytes

----------------------------------------after loss_fcn calculation
 Nvidia-smi: 23.404296875 GB
    Memory Allocated: 16.594276428222656  GigaBytes
Max Memory Allocated: 21.958191394805908  GigaBytes

----------------------------------------after loss backward
 Nvidia-smi: 23.404296875 GB
    Memory Allocated: 0.6033968925476074  GigaBytes
Max Memory Allocated: 21.958191394805908  GigaBytes

---------------------------------------- batch 23
 Nvidia-smi: 23.404296875 GB
    Memory Allocated: 0.6033968925476074  GigaBytes
Max Memory Allocated: 21.958191394805908  GigaBytes

batch 24
src global  855704
seeds global  2922
----------------------------------------after load_block_subtensor
 Nvidia-smi: 23.404296875 GB
    Memory Allocated: 0.567634105682373  GigaBytes
Max Memory Allocated: 21.958191394805908  GigaBytes

----------------------------------------after blocks to device
 Nvidia-smi: 23.404296875 GB
    Memory Allocated: 0.5876760482788086  GigaBytes
Max Memory Allocated: 21.958191394805908  GigaBytes

----------------------------------------after model forward
 Nvidia-smi: 23.404296875 GB
    Memory Allocated: 16.59606695175171  GigaBytes
Max Memory Allocated: 21.958191394805908  GigaBytes

----------------------------------------after loss_fcn calculation
 Nvidia-smi: 23.404296875 GB
    Memory Allocated: 16.59657907485962  GigaBytes
Max Memory Allocated: 21.958191394805908  GigaBytes

----------------------------------------after loss backward
 Nvidia-smi: 23.404296875 GB
    Memory Allocated: 0.6123437881469727  GigaBytes
Max Memory Allocated: 21.958191394805908  GigaBytes

---------------------------------------- batch 24
 Nvidia-smi: 23.404296875 GB
    Memory Allocated: 0.6123437881469727  GigaBytes
Max Memory Allocated: 21.958191394805908  GigaBytes

batch 25
src global  851420
seeds global  2922
----------------------------------------after load_block_subtensor
 Nvidia-smi: 23.404296875 GB
    Memory Allocated: 0.5745100975036621  GigaBytes
Max Memory Allocated: 21.958191394805908  GigaBytes

----------------------------------------after blocks to device
 Nvidia-smi: 23.404296875 GB
    Memory Allocated: 0.594573974609375  GigaBytes
Max Memory Allocated: 21.958191394805908  GigaBytes

----------------------------------------after model forward
 Nvidia-smi: 23.404296875 GB
    Memory Allocated: 16.60074520111084  GigaBytes
Max Memory Allocated: 21.958191394805908  GigaBytes

----------------------------------------after loss_fcn calculation
 Nvidia-smi: 23.404296875 GB
    Memory Allocated: 16.60125732421875  GigaBytes
Max Memory Allocated: 21.958191394805908  GigaBytes

----------------------------------------after loss backward
 Nvidia-smi: 23.404296875 GB
    Memory Allocated: 0.6190385818481445  GigaBytes
Max Memory Allocated: 21.958191394805908  GigaBytes

---------------------------------------- batch 25
 Nvidia-smi: 23.404296875 GB
    Memory Allocated: 0.6190385818481445  GigaBytes
Max Memory Allocated: 21.958191394805908  GigaBytes

batch 26
src global  854665
seeds global  2922
----------------------------------------after load_block_subtensor
 Nvidia-smi: 23.404296875 GB
    Memory Allocated: 0.5840239524841309  GigaBytes
Max Memory Allocated: 21.958191394805908  GigaBytes

----------------------------------------after blocks to device
 Nvidia-smi: 23.404296875 GB
    Memory Allocated: 0.604191780090332  GigaBytes
Max Memory Allocated: 21.958191394805908  GigaBytes

----------------------------------------after model forward
 Nvidia-smi: 23.404296875 GB
    Memory Allocated: 16.6796236038208  GigaBytes
Max Memory Allocated: 21.958191394805908  GigaBytes

----------------------------------------after loss_fcn calculation
 Nvidia-smi: 23.404296875 GB
    Memory Allocated: 16.68013572692871  GigaBytes
Max Memory Allocated: 21.958191394805908  GigaBytes

----------------------------------------after loss backward
 Nvidia-smi: 23.404296875 GB
    Memory Allocated: 0.6298623085021973  GigaBytes
Max Memory Allocated: 21.958191394805908  GigaBytes

---------------------------------------- batch 26
 Nvidia-smi: 23.404296875 GB
    Memory Allocated: 0.6298623085021973  GigaBytes
Max Memory Allocated: 21.958191394805908  GigaBytes

batch 27
src global  853647
seeds global  2922
----------------------------------------after load_block_subtensor
 Nvidia-smi: 23.404296875 GB
    Memory Allocated: 0.5924205780029297  GigaBytes
Max Memory Allocated: 21.958191394805908  GigaBytes

----------------------------------------after blocks to device
 Nvidia-smi: 23.404296875 GB
    Memory Allocated: 0.6122894287109375  GigaBytes
Max Memory Allocated: 21.958191394805908  GigaBytes

----------------------------------------after model forward
 Nvidia-smi: 23.404296875 GB
    Memory Allocated: 16.639159202575684  GigaBytes
Max Memory Allocated: 21.958191394805908  GigaBytes

----------------------------------------after loss_fcn calculation
 Nvidia-smi: 23.404296875 GB
    Memory Allocated: 16.639671325683594  GigaBytes
Max Memory Allocated: 21.958191394805908  GigaBytes

----------------------------------------after loss backward
 Nvidia-smi: 23.404296875 GB
    Memory Allocated: 0.6375031471252441  GigaBytes
Max Memory Allocated: 21.958191394805908  GigaBytes

---------------------------------------- batch 27
 Nvidia-smi: 23.404296875 GB
    Memory Allocated: 0.6375031471252441  GigaBytes
Max Memory Allocated: 21.958191394805908  GigaBytes

batch 28
src global  844325
seeds global  2922
----------------------------------------after load_block_subtensor
 Nvidia-smi: 23.404296875 GB
    Memory Allocated: 0.5971841812133789  GigaBytes
Max Memory Allocated: 21.958191394805908  GigaBytes

----------------------------------------after blocks to device
 Nvidia-smi: 23.404296875 GB
    Memory Allocated: 0.6174159049987793  GigaBytes
Max Memory Allocated: 21.958191394805908  GigaBytes

----------------------------------------after model forward
 Nvidia-smi: 23.404296875 GB
    Memory Allocated: 16.497998237609863  GigaBytes
Max Memory Allocated: 21.958191394805908  GigaBytes

----------------------------------------after loss_fcn calculation
 Nvidia-smi: 23.404296875 GB
    Memory Allocated: 16.498510360717773  GigaBytes
Max Memory Allocated: 21.958191394805908  GigaBytes

----------------------------------------after loss backward
 Nvidia-smi: 23.404296875 GB
    Memory Allocated: 0.6427526473999023  GigaBytes
Max Memory Allocated: 21.958191394805908  GigaBytes

---------------------------------------- batch 28
 Nvidia-smi: 23.404296875 GB
    Memory Allocated: 0.6427526473999023  GigaBytes
Max Memory Allocated: 21.958191394805908  GigaBytes

batch 29
src global  852438
seeds global  2922
----------------------------------------after load_block_subtensor
 Nvidia-smi: 23.404296875 GB
    Memory Allocated: 0.6090230941772461  GigaBytes
Max Memory Allocated: 21.958191394805908  GigaBytes

----------------------------------------after blocks to device
 Nvidia-smi: 23.404296875 GB
    Memory Allocated: 0.6288838386535645  GigaBytes
Max Memory Allocated: 21.958191394805908  GigaBytes

----------------------------------------after model forward
 Nvidia-smi: 23.404296875 GB
    Memory Allocated: 16.653179168701172  GigaBytes
Max Memory Allocated: 21.958191394805908  GigaBytes

----------------------------------------after loss_fcn calculation
 Nvidia-smi: 23.404296875 GB
    Memory Allocated: 16.653691291809082  GigaBytes
Max Memory Allocated: 21.958191394805908  GigaBytes

----------------------------------------after loss backward
 Nvidia-smi: 23.404296875 GB
    Memory Allocated: 0.6542110443115234  GigaBytes
Max Memory Allocated: 21.958191394805908  GigaBytes

---------------------------------------- batch 29
 Nvidia-smi: 23.404296875 GB
    Memory Allocated: 0.6542110443115234  GigaBytes
Max Memory Allocated: 21.958191394805908  GigaBytes

batch 30
src global  855174
seeds global  2922
----------------------------------------after load_block_subtensor
 Nvidia-smi: 23.404296875 GB
    Memory Allocated: 0.6183924674987793  GigaBytes
Max Memory Allocated: 21.958191394805908  GigaBytes

----------------------------------------after blocks to device
 Nvidia-smi: 23.404296875 GB
    Memory Allocated: 0.6384615898132324  GigaBytes
Max Memory Allocated: 21.958191394805908  GigaBytes

----------------------------------------after model forward
 Nvidia-smi: 23.404296875 GB
    Memory Allocated: 16.66647720336914  GigaBytes
Max Memory Allocated: 21.958191394805908  GigaBytes

----------------------------------------after loss_fcn calculation
 Nvidia-smi: 23.404296875 GB
    Memory Allocated: 16.66698932647705  GigaBytes
Max Memory Allocated: 21.958191394805908  GigaBytes

----------------------------------------after loss backward
 Nvidia-smi: 23.404296875 GB
    Memory Allocated: 0.6637940406799316  GigaBytes
Max Memory Allocated: 21.958191394805908  GigaBytes

---------------------------------------- batch 30
 Nvidia-smi: 23.404296875 GB
    Memory Allocated: 0.6637940406799316  GigaBytes
Max Memory Allocated: 21.958191394805908  GigaBytes

batch 31
src global  857996
seeds global  2922
----------------------------------------after load_block_subtensor
 Nvidia-smi: 23.404296875 GB
    Memory Allocated: 0.6279993057250977  GigaBytes
Max Memory Allocated: 21.958191394805908  GigaBytes

----------------------------------------after blocks to device
 Nvidia-smi: 23.404296875 GB
    Memory Allocated: 0.6481995582580566  GigaBytes
Max Memory Allocated: 21.958191394805908  GigaBytes

----------------------------------------after model forward
 Nvidia-smi: 23.404296875 GB
    Memory Allocated: 16.697542667388916  GigaBytes
Max Memory Allocated: 21.958191394805908  GigaBytes

----------------------------------------after loss_fcn calculation
 Nvidia-smi: 23.404296875 GB
    Memory Allocated: 16.698054790496826  GigaBytes
Max Memory Allocated: 21.958191394805908  GigaBytes

----------------------------------------after loss backward
 Nvidia-smi: 23.404296875 GB
    Memory Allocated: 0.6733269691467285  GigaBytes
Max Memory Allocated: 21.958191394805908  GigaBytes

---------------------------------------- batch 31
 Nvidia-smi: 23.404296875 GB
    Memory Allocated: 0.6733269691467285  GigaBytes
Max Memory Allocated: 21.958191394805908  GigaBytes

batch 32
src global  853094
seeds global  2922
----------------------------------------after load_block_subtensor
 Nvidia-smi: 23.404296875 GB
    Memory Allocated: 0.634620189666748  GigaBytes
Max Memory Allocated: 21.958191394805908  GigaBytes

----------------------------------------after blocks to device
 Nvidia-smi: 23.404296875 GB
    Memory Allocated: 0.654670238494873  GigaBytes
Max Memory Allocated: 21.958191394805908  GigaBytes

----------------------------------------after model forward
 Nvidia-smi: 23.404296875 GB
    Memory Allocated: 16.683043003082275  GigaBytes
Max Memory Allocated: 21.958191394805908  GigaBytes

----------------------------------------after loss_fcn calculation
 Nvidia-smi: 23.404296875 GB
    Memory Allocated: 16.683555126190186  GigaBytes
Max Memory Allocated: 21.958191394805908  GigaBytes

----------------------------------------after loss backward
 Nvidia-smi: 23.404296875 GB
    Memory Allocated: 0.6800050735473633  GigaBytes
Max Memory Allocated: 21.958191394805908  GigaBytes

---------------------------------------- batch 32
 Nvidia-smi: 23.404296875 GB
    Memory Allocated: 0.6800050735473633  GigaBytes
Max Memory Allocated: 21.958191394805908  GigaBytes

batch 33
src global  857506
seeds global  2922
----------------------------------------after load_block_subtensor
 Nvidia-smi: 23.404296875 GB
    Memory Allocated: 0.6448030471801758  GigaBytes
Max Memory Allocated: 21.958191394805908  GigaBytes

----------------------------------------after blocks to device
 Nvidia-smi: 23.404296875 GB
    Memory Allocated: 0.6656031608581543  GigaBytes
Max Memory Allocated: 21.958191394805908  GigaBytes

----------------------------------------after model forward
 Nvidia-smi: 23.404296875 GB
    Memory Allocated: 16.74543857574463  GigaBytes
Max Memory Allocated: 21.958191394805908  GigaBytes

----------------------------------------after loss_fcn calculation
 Nvidia-smi: 23.404296875 GB
    Memory Allocated: 16.74595069885254  GigaBytes
Max Memory Allocated: 21.958191394805908  GigaBytes

----------------------------------------after loss backward
 Nvidia-smi: 23.404296875 GB
    Memory Allocated: 0.6908164024353027  GigaBytes
Max Memory Allocated: 21.958191394805908  GigaBytes

---------------------------------------- batch 33
 Nvidia-smi: 23.404296875 GB
    Memory Allocated: 0.6908164024353027  GigaBytes
Max Memory Allocated: 21.958191394805908  GigaBytes

batch 34
src global  860837
seeds global  2922
----------------------------------------after load_block_subtensor
 Nvidia-smi: 23.404296875 GB
    Memory Allocated: 0.6551237106323242  GigaBytes
Max Memory Allocated: 21.958191394805908  GigaBytes

----------------------------------------after blocks to device
 Nvidia-smi: 23.404296875 GB
    Memory Allocated: 0.6750917434692383  GigaBytes
Max Memory Allocated: 21.958191394805908  GigaBytes

----------------------------------------after model forward
 Nvidia-smi: 23.404296875 GB
    Memory Allocated: 16.751030445098877  GigaBytes
Max Memory Allocated: 21.958191394805908  GigaBytes

----------------------------------------after loss_fcn calculation
 Nvidia-smi: 23.404296875 GB
    Memory Allocated: 16.751542568206787  GigaBytes
Max Memory Allocated: 21.958191394805908  GigaBytes

----------------------------------------after loss backward
 Nvidia-smi: 23.404296875 GB
    Memory Allocated: 0.7001919746398926  GigaBytes
Max Memory Allocated: 21.958191394805908  GigaBytes

---------------------------------------- batch 34
 Nvidia-smi: 23.404296875 GB
    Memory Allocated: 0.7001919746398926  GigaBytes
Max Memory Allocated: 21.958191394805908  GigaBytes

batch 35
src global  855097
seeds global  2922
----------------------------------------after load_block_subtensor
 Nvidia-smi: 23.404296875 GB
    Memory Allocated: 0.6611328125  GigaBytes
Max Memory Allocated: 21.958191394805908  GigaBytes

----------------------------------------after blocks to device
 Nvidia-smi: 23.404296875 GB
    Memory Allocated: 0.6810150146484375  GigaBytes
Max Memory Allocated: 21.958191394805908  GigaBytes

----------------------------------------after model forward
 Nvidia-smi: 23.404296875 GB
    Memory Allocated: 16.718796730041504  GigaBytes
Max Memory Allocated: 21.958191394805908  GigaBytes

----------------------------------------after loss_fcn calculation
 Nvidia-smi: 23.404296875 GB
    Memory Allocated: 16.719308853149414  GigaBytes
Max Memory Allocated: 21.958191394805908  GigaBytes

----------------------------------------after loss backward
 Nvidia-smi: 23.404296875 GB
    Memory Allocated: 0.7067232131958008  GigaBytes
Max Memory Allocated: 21.958191394805908  GigaBytes

---------------------------------------- batch 35
 Nvidia-smi: 23.404296875 GB
    Memory Allocated: 0.7067232131958008  GigaBytes
Max Memory Allocated: 21.958191394805908  GigaBytes

batch 36
src global  861810
seeds global  2922
----------------------------------------after load_block_subtensor
 Nvidia-smi: 23.404296875 GB
    Memory Allocated: 0.6723637580871582  GigaBytes
Max Memory Allocated: 21.958191394805908  GigaBytes

----------------------------------------after blocks to device
 Nvidia-smi: 23.404296875 GB
    Memory Allocated: 0.6930222511291504  GigaBytes
Max Memory Allocated: 21.958191394805908  GigaBytes

----------------------------------------after model forward
 Nvidia-smi: 23.404296875 GB
    Memory Allocated: 16.780065536499023  GigaBytes
Max Memory Allocated: 21.958191394805908  GigaBytes

----------------------------------------after loss_fcn calculation
 Nvidia-smi: 23.404296875 GB
    Memory Allocated: 16.780577659606934  GigaBytes
Max Memory Allocated: 21.958191394805908  GigaBytes

----------------------------------------after loss backward
 Nvidia-smi: 23.404296875 GB
    Memory Allocated: 0.7177219390869141  GigaBytes
Max Memory Allocated: 21.958191394805908  GigaBytes

---------------------------------------- batch 36
 Nvidia-smi: 23.404296875 GB
    Memory Allocated: 0.7177219390869141  GigaBytes
Max Memory Allocated: 21.958191394805908  GigaBytes

batch 37
src global  852321
seeds global  2922
----------------------------------------after load_block_subtensor
 Nvidia-smi: 23.404296875 GB
    Memory Allocated: 0.6772665977478027  GigaBytes
Max Memory Allocated: 21.958191394805908  GigaBytes

----------------------------------------after blocks to device
 Nvidia-smi: 23.404296875 GB
    Memory Allocated: 0.697321891784668  GigaBytes
Max Memory Allocated: 21.958191394805908  GigaBytes

----------------------------------------after model forward
 Nvidia-smi: 23.404296875 GB
    Memory Allocated: 16.730952739715576  GigaBytes
Max Memory Allocated: 21.958191394805908  GigaBytes

----------------------------------------after loss_fcn calculation
 Nvidia-smi: 23.404296875 GB
    Memory Allocated: 16.731464862823486  GigaBytes
Max Memory Allocated: 21.958191394805908  GigaBytes

----------------------------------------after loss backward
 Nvidia-smi: 23.404296875 GB
    Memory Allocated: 0.7226219177246094  GigaBytes
Max Memory Allocated: 21.958191394805908  GigaBytes

---------------------------------------- batch 37
 Nvidia-smi: 23.404296875 GB
    Memory Allocated: 0.7226219177246094  GigaBytes
Max Memory Allocated: 21.958191394805908  GigaBytes

batch 38
src global  855883
seeds global  2922
----------------------------------------after load_block_subtensor
 Nvidia-smi: 23.404296875 GB
    Memory Allocated: 0.6871185302734375  GigaBytes
Max Memory Allocated: 21.958191394805908  GigaBytes

----------------------------------------after blocks to device
 Nvidia-smi: 23.404296875 GB
    Memory Allocated: 0.7073979377746582  GigaBytes
Max Memory Allocated: 21.958191394805908  GigaBytes

----------------------------------------after model forward
 Nvidia-smi: 23.404296875 GB
    Memory Allocated: 16.738522052764893  GigaBytes
Max Memory Allocated: 21.958191394805908  GigaBytes

----------------------------------------after loss_fcn calculation
 Nvidia-smi: 23.404296875 GB
    Memory Allocated: 16.739034175872803  GigaBytes
Max Memory Allocated: 21.958191394805908  GigaBytes

----------------------------------------after loss backward
 Nvidia-smi: 23.404296875 GB
    Memory Allocated: 0.7327337265014648  GigaBytes
Max Memory Allocated: 21.958191394805908  GigaBytes

---------------------------------------- batch 38
 Nvidia-smi: 23.404296875 GB
    Memory Allocated: 0.7327337265014648  GigaBytes
Max Memory Allocated: 21.958191394805908  GigaBytes

batch 39
src global  853589
seeds global  2922
----------------------------------------after load_block_subtensor
 Nvidia-smi: 23.404296875 GB
    Memory Allocated: 0.6950259208679199  GigaBytes
Max Memory Allocated: 21.958191394805908  GigaBytes

----------------------------------------after blocks to device
 Nvidia-smi: 23.404296875 GB
    Memory Allocated: 0.7158412933349609  GigaBytes
Max Memory Allocated: 21.958191394805908  GigaBytes

----------------------------------------after model forward
 Nvidia-smi: 23.404296875 GB
    Memory Allocated: 16.74886131286621  GigaBytes
Max Memory Allocated: 21.958191394805908  GigaBytes

----------------------------------------after loss_fcn calculation
 Nvidia-smi: 23.404296875 GB
    Memory Allocated: 16.74937343597412  GigaBytes
Max Memory Allocated: 21.958191394805908  GigaBytes

----------------------------------------after loss backward
 Nvidia-smi: 23.404296875 GB
    Memory Allocated: 0.7405862808227539  GigaBytes
Max Memory Allocated: 21.958191394805908  GigaBytes

---------------------------------------- batch 39
 Nvidia-smi: 23.404296875 GB
    Memory Allocated: 0.7405862808227539  GigaBytes
Max Memory Allocated: 21.958191394805908  GigaBytes

batch 40
src global  855693
seeds global  2922
----------------------------------------after load_block_subtensor
 Nvidia-smi: 23.404296875 GB
    Memory Allocated: 0.7050776481628418  GigaBytes
Max Memory Allocated: 21.958191394805908  GigaBytes

----------------------------------------after blocks to device
 Nvidia-smi: 23.404296875 GB
    Memory Allocated: 0.725257396697998  GigaBytes
Max Memory Allocated: 21.958191394805908  GigaBytes

----------------------------------------after model forward
 Nvidia-smi: 23.404296875 GB
    Memory Allocated: 16.789301872253418  GigaBytes
Max Memory Allocated: 21.958191394805908  GigaBytes

----------------------------------------after loss_fcn calculation
 Nvidia-smi: 23.404296875 GB
    Memory Allocated: 16.789813995361328  GigaBytes
Max Memory Allocated: 21.958191394805908  GigaBytes

----------------------------------------after loss backward
 Nvidia-smi: 23.404296875 GB
    Memory Allocated: 0.7502217292785645  GigaBytes
Max Memory Allocated: 21.958191394805908  GigaBytes

---------------------------------------- batch 40
 Nvidia-smi: 23.404296875 GB
    Memory Allocated: 0.7502217292785645  GigaBytes
Max Memory Allocated: 21.958191394805908  GigaBytes

batch 41
src global  851066
seeds global  2922
----------------------------------------after load_block_subtensor
 Nvidia-smi: 23.404296875 GB
    Memory Allocated: 0.7121233940124512  GigaBytes
Max Memory Allocated: 21.958191394805908  GigaBytes

----------------------------------------after blocks to device
 Nvidia-smi: 23.404296875 GB
    Memory Allocated: 0.7319998741149902  GigaBytes
Max Memory Allocated: 21.958191394805908  GigaBytes

----------------------------------------after model forward
 Nvidia-smi: 23.404296875 GB
    Memory Allocated: 16.68004322052002  GigaBytes
Max Memory Allocated: 21.958191394805908  GigaBytes

----------------------------------------after loss_fcn calculation
 Nvidia-smi: 23.404296875 GB
    Memory Allocated: 16.68055534362793  GigaBytes
Max Memory Allocated: 21.958191394805908  GigaBytes

----------------------------------------after loss backward
 Nvidia-smi: 23.404296875 GB
    Memory Allocated: 0.7574529647827148  GigaBytes
Max Memory Allocated: 21.958191394805908  GigaBytes

---------------------------------------- batch 41
 Nvidia-smi: 23.404296875 GB
    Memory Allocated: 0.7574529647827148  GigaBytes
Max Memory Allocated: 21.958191394805908  GigaBytes

batch 42
src global  863590
seeds global  2922
----------------------------------------after load_block_subtensor
 Nvidia-smi: 23.404296875 GB
    Memory Allocated: 0.7251148223876953  GigaBytes
Max Memory Allocated: 21.958191394805908  GigaBytes

----------------------------------------after blocks to device
 Nvidia-smi: 23.404296875 GB
    Memory Allocated: 0.7462000846862793  GigaBytes
Max Memory Allocated: 21.958191394805908  GigaBytes

----------------------------------------after model forward
 Nvidia-smi: 23.404296875 GB
    Memory Allocated: 16.827537536621094  GigaBytes
Max Memory Allocated: 21.958191394805908  GigaBytes

----------------------------------------after loss_fcn calculation
 Nvidia-smi: 23.404296875 GB
    Memory Allocated: 16.828049659729004  GigaBytes
Max Memory Allocated: 21.958191394805908  GigaBytes

----------------------------------------after loss backward
 Nvidia-smi: 23.404296875 GB
    Memory Allocated: 0.7704453468322754  GigaBytes
Max Memory Allocated: 21.958191394805908  GigaBytes

---------------------------------------- batch 42
 Nvidia-smi: 23.404296875 GB
    Memory Allocated: 0.7704453468322754  GigaBytes
Max Memory Allocated: 21.958191394805908  GigaBytes

batch 43
src global  850153
seeds global  2922
----------------------------------------after load_block_subtensor
 Nvidia-smi: 23.404296875 GB
    Memory Allocated: 0.7282729148864746  GigaBytes
Max Memory Allocated: 21.958191394805908  GigaBytes

----------------------------------------after blocks to device
 Nvidia-smi: 23.404296875 GB
    Memory Allocated: 0.7481493949890137  GigaBytes
Max Memory Allocated: 21.958191394805908  GigaBytes

----------------------------------------after model forward
 Nvidia-smi: 23.404296875 GB
    Memory Allocated: 16.737462043762207  GigaBytes
Max Memory Allocated: 21.958191394805908  GigaBytes

----------------------------------------after loss_fcn calculation
 Nvidia-smi: 23.404296875 GB
    Memory Allocated: 16.737974166870117  GigaBytes
Max Memory Allocated: 21.958191394805908  GigaBytes

----------------------------------------after loss backward
 Nvidia-smi: 23.404296875 GB
    Memory Allocated: 0.7746386528015137  GigaBytes
Max Memory Allocated: 21.958191394805908  GigaBytes

---------------------------------------- batch 43
 Nvidia-smi: 23.404296875 GB
    Memory Allocated: 0.7746386528015137  GigaBytes
Max Memory Allocated: 21.958191394805908  GigaBytes

batch 44
src global  853410
seeds global  2922
----------------------------------------after load_block_subtensor
 Nvidia-smi: 23.404296875 GB
    Memory Allocated: 0.7382025718688965  GigaBytes
Max Memory Allocated: 21.958191394805908  GigaBytes

----------------------------------------after blocks to device
 Nvidia-smi: 23.404296875 GB
    Memory Allocated: 0.7587180137634277  GigaBytes
Max Memory Allocated: 21.958191394805908  GigaBytes

----------------------------------------after model forward
 Nvidia-smi: 23.404296875 GB
    Memory Allocated: 16.718708515167236  GigaBytes
Max Memory Allocated: 21.958191394805908  GigaBytes

----------------------------------------after loss_fcn calculation
 Nvidia-smi: 23.404296875 GB
    Memory Allocated: 16.719220638275146  GigaBytes
Max Memory Allocated: 21.958191394805908  GigaBytes

----------------------------------------after loss backward
 Nvidia-smi: 23.404296875 GB
    Memory Allocated: 0.7832880020141602  GigaBytes
Max Memory Allocated: 21.958191394805908  GigaBytes

---------------------------------------- batch 44
 Nvidia-smi: 23.404296875 GB
    Memory Allocated: 0.7832880020141602  GigaBytes
Max Memory Allocated: 21.958191394805908  GigaBytes

batch 45
src global  846271
seeds global  2922
----------------------------------------after load_block_subtensor
 Nvidia-smi: 23.404296875 GB
    Memory Allocated: 0.7436137199401855  GigaBytes
Max Memory Allocated: 21.958191394805908  GigaBytes

----------------------------------------after blocks to device
 Nvidia-smi: 23.404296875 GB
    Memory Allocated: 0.7640652656555176  GigaBytes
Max Memory Allocated: 21.958191394805908  GigaBytes

----------------------------------------after model forward
 Nvidia-smi: 23.404296875 GB
    Memory Allocated: 16.722134113311768  GigaBytes
Max Memory Allocated: 21.958191394805908  GigaBytes

----------------------------------------after loss_fcn calculation
 Nvidia-smi: 23.404296875 GB
    Memory Allocated: 16.722646236419678  GigaBytes
Max Memory Allocated: 21.958191394805908  GigaBytes

----------------------------------------after loss backward
 Nvidia-smi: 23.404296875 GB
    Memory Allocated: 0.7892789840698242  GigaBytes
Max Memory Allocated: 21.958191394805908  GigaBytes

---------------------------------------- batch 45
 Nvidia-smi: 23.404296875 GB
    Memory Allocated: 0.7892789840698242  GigaBytes
Max Memory Allocated: 21.958191394805908  GigaBytes

batch 46
src global  853957
seeds global  2922
----------------------------------------after load_block_subtensor
 Nvidia-smi: 23.404296875 GB
    Memory Allocated: 0.7552914619445801  GigaBytes
Max Memory Allocated: 21.958191394805908  GigaBytes

----------------------------------------after blocks to device
 Nvidia-smi: 23.404296875 GB
    Memory Allocated: 0.7759623527526855  GigaBytes
Max Memory Allocated: 21.958191394805908  GigaBytes

----------------------------------------after model forward
 Nvidia-smi: 23.404296875 GB
    Memory Allocated: 16.78463840484619  GigaBytes
Max Memory Allocated: 21.958191394805908  GigaBytes

----------------------------------------after loss_fcn calculation
 Nvidia-smi: 23.404296875 GB
    Memory Allocated: 16.7851505279541  GigaBytes
Max Memory Allocated: 21.958191394805908  GigaBytes

----------------------------------------after loss backward
 Nvidia-smi: 23.404296875 GB
    Memory Allocated: 0.8006315231323242  GigaBytes
Max Memory Allocated: 21.958191394805908  GigaBytes

---------------------------------------- batch 46
 Nvidia-smi: 23.404296875 GB
    Memory Allocated: 0.8006315231323242  GigaBytes
Max Memory Allocated: 21.958191394805908  GigaBytes

batch 47
src global  855640
seeds global  2922
----------------------------------------after load_block_subtensor
 Nvidia-smi: 23.404296875 GB
    Memory Allocated: 0.7644057273864746  GigaBytes
Max Memory Allocated: 21.958191394805908  GigaBytes

----------------------------------------after blocks to device
 Nvidia-smi: 23.404296875 GB
    Memory Allocated: 0.7849750518798828  GigaBytes
Max Memory Allocated: 21.958191394805908  GigaBytes

----------------------------------------after model forward
 Nvidia-smi: 23.404296875 GB
    Memory Allocated: 16.791633129119873  GigaBytes
Max Memory Allocated: 21.958191394805908  GigaBytes

----------------------------------------after loss_fcn calculation
 Nvidia-smi: 23.404296875 GB
    Memory Allocated: 16.792145252227783  GigaBytes
Max Memory Allocated: 21.958191394805908  GigaBytes

----------------------------------------after loss backward
 Nvidia-smi: 23.404296875 GB
    Memory Allocated: 0.8096218109130859  GigaBytes
Max Memory Allocated: 21.958191394805908  GigaBytes

---------------------------------------- batch 47
 Nvidia-smi: 23.404296875 GB
    Memory Allocated: 0.8096218109130859  GigaBytes
Max Memory Allocated: 21.958191394805908  GigaBytes

batch 48
src global  847415
seeds global  2898
----------------------------------------after load_block_subtensor
 Nvidia-smi: 23.404296875 GB
    Memory Allocated: 0.7697048187255859  GigaBytes
Max Memory Allocated: 21.958191394805908  GigaBytes

----------------------------------------after blocks to device
 Nvidia-smi: 23.404296875 GB
    Memory Allocated: 0.7905325889587402  GigaBytes
Max Memory Allocated: 21.958191394805908  GigaBytes

----------------------------------------after model forward
 Nvidia-smi: 23.404296875 GB
    Memory Allocated: 16.71838665008545  GigaBytes
Max Memory Allocated: 21.958191394805908  GigaBytes

----------------------------------------after loss_fcn calculation
 Nvidia-smi: 23.404296875 GB
    Memory Allocated: 16.718894958496094  GigaBytes
Max Memory Allocated: 21.958191394805908  GigaBytes

----------------------------------------after loss backward
 Nvidia-smi: 23.404296875 GB
    Memory Allocated: 0.8171648979187012  GigaBytes
Max Memory Allocated: 21.958191394805908  GigaBytes

---------------------------------------- batch 48
 Nvidia-smi: 23.404296875 GB
    Memory Allocated: 0.8171648979187012  GigaBytes
Max Memory Allocated: 21.958191394805908  GigaBytes

----------------------------------------after optimizer
 Nvidia-smi: 23.404296875 GB
    Memory Allocated: 0.8190340995788574  GigaBytes
Max Memory Allocated: 21.958191394805908  GigaBytes

----------------------------------------------------------pseudo_mini_loss sum 5.205878734588623
---------------------------------------- batch 48 after optimizer
 Nvidia-smi: 23.404296875 GB
    Memory Allocated: 0.8190340995788574  GigaBytes
Max Memory Allocated: 21.958191394805908  GigaBytes

