 0.000548884105146601    
 0.0010193614812379474    
 0.001110570819190379    
 0.0017423018645704462    
 0.0021411438336533107    
 0.003133198016145256    
 0.0043223975749498    
 0.003856915436433942    
 0.004852299777309547    
 0.0059850346506311655    
 0.006441932380869148    
 0.0065987828407394755    
 0.007449453298965197    
 0.00909466254577208    
 0.009417835916026254    
 0.009160303667689978    
 0.00884804581658224    
 0.010158426138792144    
 0.0103693361697572    
 0.010713859555426608    
 0.011484421203645427    
 0.01215703919362486   
 0.013890349630559429  

list of above
[0.000548884105146601, 0.0010193614812379474, 0.001110570819190379, 0.0017423018645704462, 0.0021411438336533107, 0.003133198016145256, 0.0043223975749498, 0.003856915436433942, 0.004852299777309547, 0.0059850346506311655, 0.006441932380869148, 0.0065987828407394755, 0.007449453298965197, 0.00909466254577208, 0.009417835916026254, 0.009160303667689978, 0.00884804581658224, 0.010158426138792144, 0.0103693361697572, 0.010713859555426608, 0.011484421203645427, 0.01215703919362486, 0.013890349630559429]