main start at this time 1684525537.422231
-----------------------------------------before load data 
 Nvidia-smi: 0.166015625 GB
    Memory Allocated: 0.0  GigaBytes
Max Memory Allocated: 0.0  GigaBytes

#nodes: 2449029
#edges: 123718024
#classes: 47
success----------------------------------------
196571
39255
2164782
# Nodes: 2400608
# Edges: 123718024
# Train: 196571
# Val: 39255
# Test: 2164782
# Classes: 47

----------------------------------------start of run function 
 Nvidia-smi: 0.166015625 GB
    Memory Allocated: 0.0  GigaBytes
Max Memory Allocated: 0.0  GigaBytes

len(bkt)  173
len(bkt)  221
len(bkt)  374
len(bkt)  456
len(bkt)  445
len(bkt)  550
len(bkt)  655
len(bkt)  512
len(bkt)  576
len(bkt)  640
len(bkt)  624
len(bkt)  583
len(bkt)  615
len(bkt)  695
len(bkt)  673
len(bkt)  614
len(bkt)  556
len(bkt)  604
len(bkt)  584
len(bkt)  572
len(bkt)  586
len(bkt)  592
len(bkt)  648
len(bkt)  645
len(bkt)  671
len(bkt)  659
len(bkt)  646
len(bkt)  768
len(bkt)  643
len(bkt)  689
len(bkt)  691
len(bkt)  727
len(bkt)  793
len(bkt)  677
len(bkt)  754
len(bkt)  741
len(bkt)  791
len(bkt)  775
len(bkt)  816
len(bkt)  852
len(bkt)  861
len(bkt)  813
len(bkt)  933
len(bkt)  806
len(bkt)  884
len(bkt)  807
len(bkt)  927
len(bkt)  958
len(bkt)  879
len(bkt)  877
len(bkt)  928
len(bkt)  959
len(bkt)  907
len(bkt)  996
len(bkt)  907
len(bkt)  913
len(bkt)  923
len(bkt)  957
len(bkt)  950
len(bkt)  930
len(bkt)  981
len(bkt)  959
len(bkt)  955
len(bkt)  953
len(bkt)  994
len(bkt)  977
len(bkt)  1158
len(bkt)  1053
len(bkt)  1107
len(bkt)  1068
len(bkt)  1080
len(bkt)  1052
len(bkt)  1080
len(bkt)  1069
len(bkt)  1169
len(bkt)  1145
len(bkt)  1190
len(bkt)  1169
len(bkt)  1185
len(bkt)  1117
len(bkt)  1185
len(bkt)  1160
len(bkt)  1165
len(bkt)  1177
len(bkt)  1164
len(bkt)  1151
len(bkt)  1156
len(bkt)  1183
len(bkt)  1142
len(bkt)  1108
len(bkt)  1154
len(bkt)  1119
len(bkt)  1088
len(bkt)  1069
len(bkt)  1017
len(bkt)  1020
len(bkt)  1034
len(bkt)  963
len(bkt)  1042
len(bkt)  111012
---||-----||-----||-----||-----||-----||-----||-----||-----||-----||-----||-----||-----||-----||-----||-----||-----||-----||-----||-----||--

__ 
100
group 1 start =========================
group 2 start=========================
group 3 start=========================
group 4 start=========================
group 5 start=========================
group 6 start=========================
group 7 start=========================
group 8 start=========================
group 9 start=========================
group 10 start=========================
group 11 start=========================
45
length  196571
group1  24886
group2  11539
group7  5817
[0.12660056671635186, 0.058701436122317124, 0.04818106434825076, 0.03718758107757503, 0.033550218496115905, 0.02973989042127272, 0.029592361029856896, 0.023345254386455783, 0.01709814774305467, 0.01580090654267415, 0.015460062776299658, 0.016614861805658007, 0.016614861805658007, 0.016614861805658007, 0.016614861805658007, 0.016614861805658007, 0.016614861805658007, 0.016614861805658007, 0.016614861805658007, 0.016614861805658007, 0.016614861805658007, 0.016614861805658007, 0.016614861805658007, 0.016614861805658007, 0.016614861805658007, 0.016614861805658007, 0.016614861805658007, 0.016614861805658007, 0.016614861805658007, 0.016614861805658007, 0.016614861805658007, 0.016614861805658007, 0.016614861805658007, 0.016614861805658007, 0.016614861805658007, 0.016614861805658007, 0.016614861805658007, 0.016614861805658007, 0.016614861805658007, 0.016614861805658007, 0.016614861805658007, 0.016614861805658007, 0.016614861805658007, 0.016614861805658007, 0.016452070753061234]
 the number of batches:  45
check_connections_block*********************************
num of batch  45
check_connections_block*********************************
----------------------------------------after generate_dataloader_bucket_block 
 Nvidia-smi: 1.34375 GB
    Memory Allocated: 0.000934600830078125  GigaBytes
Max Memory Allocated: 0.000934600830078125  GigaBytes

batch 0
src global  883827
seeds global  24886
----------------------------------------after load_block_subtensor
 Nvidia-smi: 1.673828125 GB
    Memory Allocated: 0.33119821548461914  GigaBytes
Max Memory Allocated: 0.33119821548461914  GigaBytes

----------------------------------------after blocks to device
 Nvidia-smi: 1.80078125 GB
    Memory Allocated: 0.35492563247680664  GigaBytes
Max Memory Allocated: 0.35492563247680664  GigaBytes

----------------------------------------after model forward
 Nvidia-smi: 21.611328125 GB
    Memory Allocated: 19.690189361572266  GigaBytes
Max Memory Allocated: 19.97451162338257  GigaBytes

----------------------------------------after loss_fcn calculation
 Nvidia-smi: 21.611328125 GB
    Memory Allocated: 19.694547653198242  GigaBytes
Max Memory Allocated: 19.97451162338257  GigaBytes

----------------------------------------after loss backward
 Nvidia-smi: 22.427734375 GB
    Memory Allocated: 0.39138221740722656  GigaBytes
Max Memory Allocated: 19.97451162338257  GigaBytes

---------------------------------------- batch 0
 Nvidia-smi: 22.427734375 GB
    Memory Allocated: 0.39138221740722656  GigaBytes
Max Memory Allocated: 19.97451162338257  GigaBytes

batch 1
src global  915578
seeds global  11539
----------------------------------------after load_block_subtensor
 Nvidia-smi: 22.427734375 GB
    Memory Allocated: 0.3624687194824219  GigaBytes
Max Memory Allocated: 19.97451162338257  GigaBytes

----------------------------------------after blocks to device
 Nvidia-smi: 22.427734375 GB
    Memory Allocated: 0.3876004219055176  GigaBytes
Max Memory Allocated: 19.97451162338257  GigaBytes

----------------------------------------after model forward
 Nvidia-smi: 22.134765625 GB
    Memory Allocated: 20.1643385887146  GigaBytes
Max Memory Allocated: 20.442575931549072  GigaBytes

----------------------------------------after loss_fcn calculation
 Nvidia-smi: 22.134765625 GB
    Memory Allocated: 20.166359424591064  GigaBytes
Max Memory Allocated: 20.442575931549072  GigaBytes

----------------------------------------after loss backward
 Nvidia-smi: 22.654296875 GB
    Memory Allocated: 0.41703176498413086  GigaBytes
Max Memory Allocated: 20.442575931549072  GigaBytes

---------------------------------------- batch 1
 Nvidia-smi: 22.654296875 GB
    Memory Allocated: 0.41703176498413086  GigaBytes
Max Memory Allocated: 20.442575931549072  GigaBytes

batch 2
src global  949778
seeds global  9471
----------------------------------------after load_block_subtensor
 Nvidia-smi: 22.654296875 GB
    Memory Allocated: 0.388124942779541  GigaBytes
Max Memory Allocated: 20.442575931549072  GigaBytes

----------------------------------------after blocks to device
 Nvidia-smi: 22.654296875 GB
    Memory Allocated: 0.41477060317993164  GigaBytes
Max Memory Allocated: 20.442575931549072  GigaBytes

----------------------------------------after model forward
 Nvidia-smi: 23.634765625 GB
    Memory Allocated: 21.67023992538452  GigaBytes
Max Memory Allocated: 21.958191394805908  GigaBytes

----------------------------------------after loss_fcn calculation
 Nvidia-smi: 23.634765625 GB
    Memory Allocated: 21.67193603515625  GigaBytes
Max Memory Allocated: 21.958191394805908  GigaBytes

----------------------------------------after loss backward
 Nvidia-smi: 23.287109375 GB
    Memory Allocated: 0.448056697845459  GigaBytes
Max Memory Allocated: 21.958191394805908  GigaBytes

---------------------------------------- batch 2
 Nvidia-smi: 23.287109375 GB
    Memory Allocated: 0.448056697845459  GigaBytes
Max Memory Allocated: 21.958191394805908  GigaBytes

batch 3
src global  907859
seeds global  7310
----------------------------------------after load_block_subtensor
 Nvidia-smi: 23.287109375 GB
    Memory Allocated: 0.3860816955566406  GigaBytes
Max Memory Allocated: 21.958191394805908  GigaBytes

----------------------------------------after blocks to device
 Nvidia-smi: 23.287109375 GB
    Memory Allocated: 0.4116225242614746  GigaBytes
Max Memory Allocated: 21.958191394805908  GigaBytes

----------------------------------------after model forward
 Nvidia-smi: 23.380859375 GB
    Memory Allocated: 20.10251808166504  GigaBytes
Max Memory Allocated: 21.958191394805908  GigaBytes

----------------------------------------after loss_fcn calculation
 Nvidia-smi: 23.380859375 GB
    Memory Allocated: 20.103872776031494  GigaBytes
Max Memory Allocated: 21.958191394805908  GigaBytes

----------------------------------------after loss backward
 Nvidia-smi: 23.380859375 GB
    Memory Allocated: 0.4415154457092285  GigaBytes
Max Memory Allocated: 21.958191394805908  GigaBytes

---------------------------------------- batch 3
 Nvidia-smi: 23.380859375 GB
    Memory Allocated: 0.4415154457092285  GigaBytes
Max Memory Allocated: 21.958191394805908  GigaBytes

batch 4
src global  909697
seeds global  6595
----------------------------------------after load_block_subtensor
 Nvidia-smi: 23.380859375 GB
    Memory Allocated: 0.39916229248046875  GigaBytes
Max Memory Allocated: 21.958191394805908  GigaBytes

----------------------------------------after blocks to device
 Nvidia-smi: 23.380859375 GB
    Memory Allocated: 0.4242067337036133  GigaBytes
Max Memory Allocated: 21.958191394805908  GigaBytes

----------------------------------------after model forward
 Nvidia-smi: 23.404296875 GB
    Memory Allocated: 20.28992986679077  GigaBytes
Max Memory Allocated: 21.958191394805908  GigaBytes

----------------------------------------after loss_fcn calculation
 Nvidia-smi: 23.404296875 GB
    Memory Allocated: 20.291372776031494  GigaBytes
Max Memory Allocated: 21.958191394805908  GigaBytes

----------------------------------------after loss backward
 Nvidia-smi: 23.404296875 GB
    Memory Allocated: 0.45484495162963867  GigaBytes
Max Memory Allocated: 21.958191394805908  GigaBytes

---------------------------------------- batch 4
 Nvidia-smi: 23.404296875 GB
    Memory Allocated: 0.45484495162963867  GigaBytes
Max Memory Allocated: 21.958191394805908  GigaBytes

batch 5
src global  888489
seeds global  5846
----------------------------------------after load_block_subtensor
 Nvidia-smi: 23.404296875 GB
    Memory Allocated: 0.40360212326049805  GigaBytes
Max Memory Allocated: 21.958191394805908  GigaBytes

----------------------------------------after blocks to device
 Nvidia-smi: 23.404296875 GB
    Memory Allocated: 0.4287729263305664  GigaBytes
Max Memory Allocated: 21.958191394805908  GigaBytes

----------------------------------------after model forward
 Nvidia-smi: 23.404296875 GB
    Memory Allocated: 19.572690963745117  GigaBytes
Max Memory Allocated: 21.958191394805908  GigaBytes

----------------------------------------after loss_fcn calculation
 Nvidia-smi: 23.404296875 GB
    Memory Allocated: 19.573997020721436  GigaBytes
Max Memory Allocated: 21.958191394805908  GigaBytes

----------------------------------------after loss backward
 Nvidia-smi: 23.404296875 GB
    Memory Allocated: 0.458740234375  GigaBytes
Max Memory Allocated: 21.958191394805908  GigaBytes

---------------------------------------- batch 5
 Nvidia-smi: 23.404296875 GB
    Memory Allocated: 0.458740234375  GigaBytes
Max Memory Allocated: 21.958191394805908  GigaBytes

batch 6
src global  915149
seeds global  5817
----------------------------------------after load_block_subtensor
 Nvidia-smi: 23.404296875 GB
    Memory Allocated: 0.426302433013916  GigaBytes
Max Memory Allocated: 21.958191394805908  GigaBytes

----------------------------------------after blocks to device
 Nvidia-smi: 23.404296875 GB
    Memory Allocated: 0.452974796295166  GigaBytes
Max Memory Allocated: 21.958191394805908  GigaBytes

----------------------------------------after model forward
 Nvidia-smi: 23.404296875 GB
    Memory Allocated: 20.751042366027832  GigaBytes
Max Memory Allocated: 21.958191394805908  GigaBytes

----------------------------------------after loss_fcn calculation
 Nvidia-smi: 23.404296875 GB
    Memory Allocated: 20.752087116241455  GigaBytes
Max Memory Allocated: 21.958191394805908  GigaBytes

----------------------------------------after loss backward
 Nvidia-smi: 23.404296875 GB
    Memory Allocated: 0.48505258560180664  GigaBytes
Max Memory Allocated: 21.958191394805908  GigaBytes

---------------------------------------- batch 6
 Nvidia-smi: 23.404296875 GB
    Memory Allocated: 0.48505258560180664  GigaBytes
Max Memory Allocated: 21.958191394805908  GigaBytes

batch 7
src global  854423
seeds global  4589
----------------------------------------after load_block_subtensor
 Nvidia-smi: 23.404296875 GB
    Memory Allocated: 0.4178590774536133  GigaBytes
Max Memory Allocated: 21.958191394805908  GigaBytes

----------------------------------------after blocks to device
 Nvidia-smi: 23.404296875 GB
    Memory Allocated: 0.44136905670166016  GigaBytes
Max Memory Allocated: 21.958191394805908  GigaBytes

----------------------------------------after model forward
 Nvidia-smi: 23.404296875 GB
    Memory Allocated: 18.379804611206055  GigaBytes
Max Memory Allocated: 21.958191394805908  GigaBytes

----------------------------------------after loss_fcn calculation
 Nvidia-smi: 23.404296875 GB
    Memory Allocated: 18.380609035491943  GigaBytes
Max Memory Allocated: 21.958191394805908  GigaBytes

----------------------------------------after loss backward
 Nvidia-smi: 23.404296875 GB
    Memory Allocated: 0.4685378074645996  GigaBytes
Max Memory Allocated: 21.958191394805908  GigaBytes

---------------------------------------- batch 7
 Nvidia-smi: 23.404296875 GB
    Memory Allocated: 0.4685378074645996  GigaBytes
Max Memory Allocated: 21.958191394805908  GigaBytes

batch 8
src global  767209
seeds global  3361
----------------------------------------after load_block_subtensor
 Nvidia-smi: 23.404296875 GB
    Memory Allocated: 0.3955392837524414  GigaBytes
Max Memory Allocated: 21.958191394805908  GigaBytes

----------------------------------------after blocks to device
 Nvidia-smi: 23.404296875 GB
    Memory Allocated: 0.41403675079345703  GigaBytes
Max Memory Allocated: 21.958191394805908  GigaBytes

----------------------------------------after model forward
 Nvidia-smi: 23.404296875 GB
    Memory Allocated: 15.06806755065918  GigaBytes
Max Memory Allocated: 21.958191394805908  GigaBytes

----------------------------------------after loss_fcn calculation
 Nvidia-smi: 23.404296875 GB
    Memory Allocated: 15.068656921386719  GigaBytes
Max Memory Allocated: 21.958191394805908  GigaBytes

----------------------------------------after loss backward
 Nvidia-smi: 23.404296875 GB
    Memory Allocated: 0.43743467330932617  GigaBytes
Max Memory Allocated: 21.958191394805908  GigaBytes

---------------------------------------- batch 8
 Nvidia-smi: 23.404296875 GB
    Memory Allocated: 0.43743467330932617  GigaBytes
Max Memory Allocated: 21.958191394805908  GigaBytes

batch 9
src global  758865
seeds global  3106
----------------------------------------after load_block_subtensor
 Nvidia-smi: 23.404296875 GB
    Memory Allocated: 0.4010286331176758  GigaBytes
Max Memory Allocated: 21.958191394805908  GigaBytes

----------------------------------------after blocks to device
 Nvidia-smi: 23.404296875 GB
    Memory Allocated: 0.41891956329345703  GigaBytes
Max Memory Allocated: 21.958191394805908  GigaBytes

----------------------------------------after model forward
 Nvidia-smi: 23.404296875 GB
    Memory Allocated: 14.806625366210938  GigaBytes
Max Memory Allocated: 21.958191394805908  GigaBytes

----------------------------------------after loss_fcn calculation
 Nvidia-smi: 23.404296875 GB
    Memory Allocated: 14.807169914245605  GigaBytes
Max Memory Allocated: 21.958191394805908  GigaBytes

----------------------------------------after loss backward
 Nvidia-smi: 23.404296875 GB
    Memory Allocated: 0.44078826904296875  GigaBytes
Max Memory Allocated: 21.958191394805908  GigaBytes

---------------------------------------- batch 9
 Nvidia-smi: 23.404296875 GB
    Memory Allocated: 0.44078826904296875  GigaBytes
Max Memory Allocated: 21.958191394805908  GigaBytes

batch 10
src global  768484
seeds global  3039
----------------------------------------after load_block_subtensor
 Nvidia-smi: 23.404296875 GB
    Memory Allocated: 0.4122934341430664  GigaBytes
Max Memory Allocated: 21.958191394805908  GigaBytes

----------------------------------------after blocks to device
 Nvidia-smi: 23.404296875 GB
    Memory Allocated: 0.4315981864929199  GigaBytes
Max Memory Allocated: 21.958191394805908  GigaBytes

----------------------------------------after model forward
 Nvidia-smi: 23.404296875 GB
    Memory Allocated: 15.053341388702393  GigaBytes
Max Memory Allocated: 21.958191394805908  GigaBytes

----------------------------------------after loss_fcn calculation
 Nvidia-smi: 23.404296875 GB
    Memory Allocated: 15.053874015808105  GigaBytes
Max Memory Allocated: 21.958191394805908  GigaBytes

----------------------------------------after loss backward
 Nvidia-smi: 23.404296875 GB
    Memory Allocated: 0.4549751281738281  GigaBytes
Max Memory Allocated: 21.958191394805908  GigaBytes

---------------------------------------- batch 10
 Nvidia-smi: 23.404296875 GB
    Memory Allocated: 0.4549751281738281  GigaBytes
Max Memory Allocated: 21.958191394805908  GigaBytes

batch 11
src global  893790
seeds global  3266
----------------------------------------after load_block_subtensor
 Nvidia-smi: 23.404296875 GB
    Memory Allocated: 0.46823835372924805  GigaBytes
Max Memory Allocated: 21.958191394805908  GigaBytes

----------------------------------------after blocks to device
 Nvidia-smi: 23.404296875 GB
    Memory Allocated: 0.4909343719482422  GigaBytes
Max Memory Allocated: 21.958191394805908  GigaBytes

----------------------------------------after model forward
 Nvidia-smi: 23.404296875 GB
    Memory Allocated: 18.126163482666016  GigaBytes
Max Memory Allocated: 21.958191394805908  GigaBytes

----------------------------------------after loss_fcn calculation
 Nvidia-smi: 23.404296875 GB
    Memory Allocated: 18.126736164093018  GigaBytes
Max Memory Allocated: 21.958191394805908  GigaBytes

----------------------------------------after loss backward
 Nvidia-smi: 23.404296875 GB
    Memory Allocated: 0.5180826187133789  GigaBytes
Max Memory Allocated: 21.958191394805908  GigaBytes

---------------------------------------- batch 11
 Nvidia-smi: 23.404296875 GB
    Memory Allocated: 0.5180826187133789  GigaBytes
Max Memory Allocated: 21.958191394805908  GigaBytes

batch 12
src global  899194
seeds global  3266
----------------------------------------after load_block_subtensor
 Nvidia-smi: 23.404296875 GB
    Memory Allocated: 0.48038530349731445  GigaBytes
Max Memory Allocated: 21.958191394805908  GigaBytes

----------------------------------------after blocks to device
 Nvidia-smi: 23.404296875 GB
    Memory Allocated: 0.502955436706543  GigaBytes
Max Memory Allocated: 21.958191394805908  GigaBytes

----------------------------------------after model forward
 Nvidia-smi: 23.404296875 GB
    Memory Allocated: 18.144622802734375  GigaBytes
Max Memory Allocated: 21.958191394805908  GigaBytes

----------------------------------------after loss_fcn calculation
 Nvidia-smi: 23.404296875 GB
    Memory Allocated: 18.145195484161377  GigaBytes
Max Memory Allocated: 21.958191394805908  GigaBytes

----------------------------------------after loss backward
 Nvidia-smi: 23.404296875 GB
    Memory Allocated: 0.5299034118652344  GigaBytes
Max Memory Allocated: 21.958191394805908  GigaBytes

---------------------------------------- batch 12
 Nvidia-smi: 23.404296875 GB
    Memory Allocated: 0.5299034118652344  GigaBytes
Max Memory Allocated: 21.958191394805908  GigaBytes

batch 13
src global  897070
seeds global  3266
----------------------------------------after load_block_subtensor
 Nvidia-smi: 23.404296875 GB
    Memory Allocated: 0.4893665313720703  GigaBytes
Max Memory Allocated: 21.958191394805908  GigaBytes

----------------------------------------after blocks to device
 Nvidia-smi: 23.404296875 GB
    Memory Allocated: 0.5111761093139648  GigaBytes
Max Memory Allocated: 21.958191394805908  GigaBytes

----------------------------------------after model forward
 Nvidia-smi: 23.404296875 GB
    Memory Allocated: 18.092295169830322  GigaBytes
Max Memory Allocated: 21.958191394805908  GigaBytes

----------------------------------------after loss_fcn calculation
 Nvidia-smi: 23.404296875 GB
    Memory Allocated: 18.092867851257324  GigaBytes
Max Memory Allocated: 21.958191394805908  GigaBytes

----------------------------------------after loss backward
 Nvidia-smi: 23.404296875 GB
    Memory Allocated: 0.5382561683654785  GigaBytes
Max Memory Allocated: 21.958191394805908  GigaBytes

---------------------------------------- batch 13
 Nvidia-smi: 23.404296875 GB
    Memory Allocated: 0.5382561683654785  GigaBytes
Max Memory Allocated: 21.958191394805908  GigaBytes

batch 14
src global  896272
seeds global  3266
----------------------------------------after load_block_subtensor
 Nvidia-smi: 23.404296875 GB
    Memory Allocated: 0.49825286865234375  GigaBytes
Max Memory Allocated: 21.958191394805908  GigaBytes

----------------------------------------after blocks to device
 Nvidia-smi: 23.404296875 GB
    Memory Allocated: 0.5203156471252441  GigaBytes
Max Memory Allocated: 21.958191394805908  GigaBytes

----------------------------------------after model forward
 Nvidia-smi: 23.404296875 GB
    Memory Allocated: 18.121895790100098  GigaBytes
Max Memory Allocated: 21.958191394805908  GigaBytes

----------------------------------------after loss_fcn calculation
 Nvidia-smi: 23.404296875 GB
    Memory Allocated: 18.1224684715271  GigaBytes
Max Memory Allocated: 21.958191394805908  GigaBytes

----------------------------------------after loss backward
 Nvidia-smi: 23.404296875 GB
    Memory Allocated: 0.5472507476806641  GigaBytes
Max Memory Allocated: 21.958191394805908  GigaBytes

---------------------------------------- batch 14
 Nvidia-smi: 23.404296875 GB
    Memory Allocated: 0.5472507476806641  GigaBytes
Max Memory Allocated: 21.958191394805908  GigaBytes

batch 15
src global  893169
seeds global  3266
----------------------------------------after load_block_subtensor
 Nvidia-smi: 23.404296875 GB
    Memory Allocated: 0.5063877105712891  GigaBytes
Max Memory Allocated: 21.958191394805908  GigaBytes

----------------------------------------after blocks to device
 Nvidia-smi: 23.404296875 GB
    Memory Allocated: 0.5292677879333496  GigaBytes
Max Memory Allocated: 21.958191394805908  GigaBytes

----------------------------------------after model forward
 Nvidia-smi: 23.404296875 GB
    Memory Allocated: 18.10242795944214  GigaBytes
Max Memory Allocated: 21.958191394805908  GigaBytes

----------------------------------------after loss_fcn calculation
 Nvidia-smi: 23.404296875 GB
    Memory Allocated: 18.10300064086914  GigaBytes
Max Memory Allocated: 21.958191394805908  GigaBytes

----------------------------------------after loss backward
 Nvidia-smi: 23.404296875 GB
    Memory Allocated: 0.5569877624511719  GigaBytes
Max Memory Allocated: 21.958191394805908  GigaBytes

---------------------------------------- batch 15
 Nvidia-smi: 23.404296875 GB
    Memory Allocated: 0.5569877624511719  GigaBytes
Max Memory Allocated: 21.958191394805908  GigaBytes

batch 16
src global  894960
seeds global  3266
----------------------------------------after load_block_subtensor
 Nvidia-smi: 23.404296875 GB
    Memory Allocated: 0.5179529190063477  GigaBytes
Max Memory Allocated: 21.958191394805908  GigaBytes

----------------------------------------after blocks to device
 Nvidia-smi: 23.404296875 GB
    Memory Allocated: 0.5407857894897461  GigaBytes
Max Memory Allocated: 21.958191394805908  GigaBytes

----------------------------------------after model forward
 Nvidia-smi: 23.404296875 GB
    Memory Allocated: 18.167891025543213  GigaBytes
Max Memory Allocated: 21.958191394805908  GigaBytes

----------------------------------------after loss_fcn calculation
 Nvidia-smi: 23.404296875 GB
    Memory Allocated: 18.168463706970215  GigaBytes
Max Memory Allocated: 21.958191394805908  GigaBytes

----------------------------------------after loss backward
 Nvidia-smi: 23.404296875 GB
    Memory Allocated: 0.5677423477172852  GigaBytes
Max Memory Allocated: 21.958191394805908  GigaBytes

---------------------------------------- batch 16
 Nvidia-smi: 23.404296875 GB
    Memory Allocated: 0.5677423477172852  GigaBytes
Max Memory Allocated: 21.958191394805908  GigaBytes

batch 17
src global  889950
seeds global  3266
----------------------------------------after load_block_subtensor
 Nvidia-smi: 23.404296875 GB
    Memory Allocated: 0.5261521339416504  GigaBytes
Max Memory Allocated: 21.958191394805908  GigaBytes

----------------------------------------after blocks to device
 Nvidia-smi: 23.404296875 GB
    Memory Allocated: 0.5479497909545898  GigaBytes
Max Memory Allocated: 21.958191394805908  GigaBytes

----------------------------------------after model forward
 Nvidia-smi: 23.404296875 GB
    Memory Allocated: 18.06735372543335  GigaBytes
Max Memory Allocated: 21.958191394805908  GigaBytes

----------------------------------------after loss_fcn calculation
 Nvidia-smi: 23.404296875 GB
    Memory Allocated: 18.06792640686035  GigaBytes
Max Memory Allocated: 21.958191394805908  GigaBytes

----------------------------------------after loss backward
 Nvidia-smi: 23.404296875 GB
    Memory Allocated: 0.5749340057373047  GigaBytes
Max Memory Allocated: 21.958191394805908  GigaBytes

---------------------------------------- batch 17
 Nvidia-smi: 23.404296875 GB
    Memory Allocated: 0.5749340057373047  GigaBytes
Max Memory Allocated: 21.958191394805908  GigaBytes

batch 18
src global  895279
seeds global  3266
----------------------------------------after load_block_subtensor
 Nvidia-smi: 23.404296875 GB
    Memory Allocated: 0.5372004508972168  GigaBytes
Max Memory Allocated: 21.958191394805908  GigaBytes

----------------------------------------after blocks to device
 Nvidia-smi: 23.404296875 GB
    Memory Allocated: 0.5590934753417969  GigaBytes
Max Memory Allocated: 21.958191394805908  GigaBytes

----------------------------------------after model forward
 Nvidia-smi: 23.404296875 GB
    Memory Allocated: 18.15507698059082  GigaBytes
Max Memory Allocated: 21.958191394805908  GigaBytes

----------------------------------------after loss_fcn calculation
 Nvidia-smi: 23.404296875 GB
    Memory Allocated: 18.155649662017822  GigaBytes
Max Memory Allocated: 21.958191394805908  GigaBytes

----------------------------------------after loss backward
 Nvidia-smi: 23.404296875 GB
    Memory Allocated: 0.586484432220459  GigaBytes
Max Memory Allocated: 21.958191394805908  GigaBytes

---------------------------------------- batch 18
 Nvidia-smi: 23.404296875 GB
    Memory Allocated: 0.586484432220459  GigaBytes
Max Memory Allocated: 21.958191394805908  GigaBytes

batch 19
src global  898677
seeds global  3266
----------------------------------------after load_block_subtensor
 Nvidia-smi: 23.404296875 GB
    Memory Allocated: 0.5480279922485352  GigaBytes
Max Memory Allocated: 21.958191394805908  GigaBytes

----------------------------------------after blocks to device
 Nvidia-smi: 23.404296875 GB
    Memory Allocated: 0.5698256492614746  GigaBytes
Max Memory Allocated: 21.958191394805908  GigaBytes

----------------------------------------after model forward
 Nvidia-smi: 23.404296875 GB
    Memory Allocated: 18.197449684143066  GigaBytes
Max Memory Allocated: 21.958191394805908  GigaBytes

----------------------------------------after loss_fcn calculation
 Nvidia-smi: 23.404296875 GB
    Memory Allocated: 18.19802236557007  GigaBytes
Max Memory Allocated: 21.958191394805908  GigaBytes

----------------------------------------after loss backward
 Nvidia-smi: 23.404296875 GB
    Memory Allocated: 0.5975303649902344  GigaBytes
Max Memory Allocated: 21.958191394805908  GigaBytes

---------------------------------------- batch 19
 Nvidia-smi: 23.404296875 GB
    Memory Allocated: 0.5975303649902344  GigaBytes
Max Memory Allocated: 21.958191394805908  GigaBytes

batch 20
src global  903832
seeds global  3266
----------------------------------------after load_block_subtensor
 Nvidia-smi: 23.404296875 GB
    Memory Allocated: 0.5597262382507324  GigaBytes
Max Memory Allocated: 21.958191394805908  GigaBytes

----------------------------------------after blocks to device
 Nvidia-smi: 23.404296875 GB
    Memory Allocated: 0.5815596580505371  GigaBytes
Max Memory Allocated: 21.958191394805908  GigaBytes

----------------------------------------after model forward
 Nvidia-smi: 23.404296875 GB
    Memory Allocated: 18.229060173034668  GigaBytes
Max Memory Allocated: 21.958191394805908  GigaBytes

----------------------------------------after loss_fcn calculation
 Nvidia-smi: 23.404296875 GB
    Memory Allocated: 18.22963285446167  GigaBytes
Max Memory Allocated: 21.958191394805908  GigaBytes

----------------------------------------after loss backward
 Nvidia-smi: 23.404296875 GB
    Memory Allocated: 0.6087665557861328  GigaBytes
Max Memory Allocated: 21.958191394805908  GigaBytes

---------------------------------------- batch 20
 Nvidia-smi: 23.404296875 GB
    Memory Allocated: 0.6087665557861328  GigaBytes
Max Memory Allocated: 21.958191394805908  GigaBytes

batch 21
src global  908050
seeds global  3266
----------------------------------------after load_block_subtensor
 Nvidia-smi: 23.404296875 GB
    Memory Allocated: 0.570530891418457  GigaBytes
Max Memory Allocated: 21.958191394805908  GigaBytes

----------------------------------------after blocks to device
 Nvidia-smi: 23.404296875 GB
    Memory Allocated: 0.5924510955810547  GigaBytes
Max Memory Allocated: 21.958191394805908  GigaBytes

----------------------------------------after model forward
 Nvidia-smi: 23.404296875 GB
    Memory Allocated: 18.30007553100586  GigaBytes
Max Memory Allocated: 21.958191394805908  GigaBytes

----------------------------------------after loss_fcn calculation
 Nvidia-smi: 23.404296875 GB
    Memory Allocated: 18.30064821243286  GigaBytes
Max Memory Allocated: 21.958191394805908  GigaBytes

----------------------------------------after loss backward
 Nvidia-smi: 23.404296875 GB
    Memory Allocated: 0.6190080642700195  GigaBytes
Max Memory Allocated: 21.958191394805908  GigaBytes

---------------------------------------- batch 21
 Nvidia-smi: 23.404296875 GB
    Memory Allocated: 0.6190080642700195  GigaBytes
Max Memory Allocated: 21.958191394805908  GigaBytes

batch 22
src global  893431
seeds global  3266
----------------------------------------after load_block_subtensor
 Nvidia-smi: 23.404296875 GB
    Memory Allocated: 0.5735807418823242  GigaBytes
Max Memory Allocated: 21.958191394805908  GigaBytes

----------------------------------------after blocks to device
 Nvidia-smi: 23.404296875 GB
    Memory Allocated: 0.596308708190918  GigaBytes
Max Memory Allocated: 21.958191394805908  GigaBytes

----------------------------------------after model forward
 Nvidia-smi: 23.404296875 GB
    Memory Allocated: 18.131875038146973  GigaBytes
Max Memory Allocated: 21.958191394805908  GigaBytes

----------------------------------------after loss_fcn calculation
 Nvidia-smi: 23.404296875 GB
    Memory Allocated: 18.132447719573975  GigaBytes
Max Memory Allocated: 21.958191394805908  GigaBytes

----------------------------------------after loss backward
 Nvidia-smi: 23.404296875 GB
    Memory Allocated: 0.6236181259155273  GigaBytes
Max Memory Allocated: 21.958191394805908  GigaBytes

---------------------------------------- batch 22
 Nvidia-smi: 23.404296875 GB
    Memory Allocated: 0.6236181259155273  GigaBytes
Max Memory Allocated: 21.958191394805908  GigaBytes

batch 23
src global  900618
seeds global  3266
----------------------------------------after load_block_subtensor
 Nvidia-smi: 23.404296875 GB
    Memory Allocated: 0.5865693092346191  GigaBytes
Max Memory Allocated: 21.958191394805908  GigaBytes

----------------------------------------after blocks to device
 Nvidia-smi: 23.404296875 GB
    Memory Allocated: 0.6084504127502441  GigaBytes
Max Memory Allocated: 21.958191394805908  GigaBytes

----------------------------------------after model forward
 Nvidia-smi: 23.404296875 GB
    Memory Allocated: 18.263750076293945  GigaBytes
Max Memory Allocated: 21.958191394805908  GigaBytes

----------------------------------------after loss_fcn calculation
 Nvidia-smi: 23.404296875 GB
    Memory Allocated: 18.264322757720947  GigaBytes
Max Memory Allocated: 21.958191394805908  GigaBytes

----------------------------------------after loss backward
 Nvidia-smi: 23.404296875 GB
    Memory Allocated: 0.6355290412902832  GigaBytes
Max Memory Allocated: 21.958191394805908  GigaBytes

---------------------------------------- batch 23
 Nvidia-smi: 23.404296875 GB
    Memory Allocated: 0.6355290412902832  GigaBytes
Max Memory Allocated: 21.958191394805908  GigaBytes

batch 24
src global  902829
seeds global  3266
----------------------------------------after load_block_subtensor
 Nvidia-smi: 23.404296875 GB
    Memory Allocated: 0.596489429473877  GigaBytes
Max Memory Allocated: 21.958191394805908  GigaBytes

----------------------------------------after blocks to device
 Nvidia-smi: 23.404296875 GB
    Memory Allocated: 0.618494987487793  GigaBytes
Max Memory Allocated: 21.958191394805908  GigaBytes

----------------------------------------after model forward
 Nvidia-smi: 23.404296875 GB
    Memory Allocated: 18.330227375030518  GigaBytes
Max Memory Allocated: 21.958191394805908  GigaBytes

----------------------------------------after loss_fcn calculation
 Nvidia-smi: 23.404296875 GB
    Memory Allocated: 18.33080005645752  GigaBytes
Max Memory Allocated: 21.958191394805908  GigaBytes

----------------------------------------after loss backward
 Nvidia-smi: 23.404296875 GB
    Memory Allocated: 0.646730899810791  GigaBytes
Max Memory Allocated: 21.958191394805908  GigaBytes

---------------------------------------- batch 24
 Nvidia-smi: 23.404296875 GB
    Memory Allocated: 0.646730899810791  GigaBytes
Max Memory Allocated: 21.958191394805908  GigaBytes

batch 25
src global  897815
seeds global  3266
----------------------------------------after load_block_subtensor
 Nvidia-smi: 23.404296875 GB
    Memory Allocated: 0.6048722267150879  GigaBytes
Max Memory Allocated: 21.958191394805908  GigaBytes

----------------------------------------after blocks to device
 Nvidia-smi: 23.404296875 GB
    Memory Allocated: 0.6266698837280273  GigaBytes
Max Memory Allocated: 21.958191394805908  GigaBytes

----------------------------------------after model forward
 Nvidia-smi: 23.404296875 GB
    Memory Allocated: 18.23288106918335  GigaBytes
Max Memory Allocated: 21.958191394805908  GigaBytes

----------------------------------------after loss_fcn calculation
 Nvidia-smi: 23.404296875 GB
    Memory Allocated: 18.23345375061035  GigaBytes
Max Memory Allocated: 21.958191394805908  GigaBytes

----------------------------------------after loss backward
 Nvidia-smi: 23.404296875 GB
    Memory Allocated: 0.6541495323181152  GigaBytes
Max Memory Allocated: 21.958191394805908  GigaBytes

---------------------------------------- batch 25
 Nvidia-smi: 23.404296875 GB
    Memory Allocated: 0.6541495323181152  GigaBytes
Max Memory Allocated: 21.958191394805908  GigaBytes

batch 26
src global  893758
seeds global  3266
----------------------------------------after load_block_subtensor
 Nvidia-smi: 23.404296875 GB
    Memory Allocated: 0.6129074096679688  GigaBytes
Max Memory Allocated: 21.958191394805908  GigaBytes

----------------------------------------after blocks to device
 Nvidia-smi: 23.404296875 GB
    Memory Allocated: 0.6347050666809082  GigaBytes
Max Memory Allocated: 21.958191394805908  GigaBytes

----------------------------------------after model forward
 Nvidia-smi: 23.404296875 GB
    Memory Allocated: 18.183372974395752  GigaBytes
Max Memory Allocated: 21.958191394805908  GigaBytes

----------------------------------------after loss_fcn calculation
 Nvidia-smi: 23.404296875 GB
    Memory Allocated: 18.183945655822754  GigaBytes
Max Memory Allocated: 21.958191394805908  GigaBytes

----------------------------------------after loss backward
 Nvidia-smi: 23.404296875 GB
    Memory Allocated: 0.6618108749389648  GigaBytes
Max Memory Allocated: 21.958191394805908  GigaBytes

---------------------------------------- batch 26
 Nvidia-smi: 23.404296875 GB
    Memory Allocated: 0.6618108749389648  GigaBytes
Max Memory Allocated: 21.958191394805908  GigaBytes

batch 27
src global  897938
seeds global  3266
----------------------------------------after load_block_subtensor
 Nvidia-smi: 23.404296875 GB
    Memory Allocated: 0.6236395835876465  GigaBytes
Max Memory Allocated: 21.958191394805908  GigaBytes

----------------------------------------after blocks to device
 Nvidia-smi: 23.404296875 GB
    Memory Allocated: 0.6461734771728516  GigaBytes
Max Memory Allocated: 21.958191394805908  GigaBytes

----------------------------------------after model forward
 Nvidia-smi: 23.404296875 GB
    Memory Allocated: 18.25745439529419  GigaBytes
Max Memory Allocated: 21.958191394805908  GigaBytes

----------------------------------------after loss_fcn calculation
 Nvidia-smi: 23.404296875 GB
    Memory Allocated: 18.25802707672119  GigaBytes
Max Memory Allocated: 21.958191394805908  GigaBytes

----------------------------------------after loss backward
 Nvidia-smi: 23.404296875 GB
    Memory Allocated: 0.6732707023620605  GigaBytes
Max Memory Allocated: 21.958191394805908  GigaBytes

---------------------------------------- batch 27
 Nvidia-smi: 23.404296875 GB
    Memory Allocated: 0.6732707023620605  GigaBytes
Max Memory Allocated: 21.958191394805908  GigaBytes

batch 28
src global  901619
seeds global  3266
----------------------------------------after load_block_subtensor
 Nvidia-smi: 23.404296875 GB
    Memory Allocated: 0.6349020004272461  GigaBytes
Max Memory Allocated: 21.958191394805908  GigaBytes

----------------------------------------after blocks to device
 Nvidia-smi: 23.404296875 GB
    Memory Allocated: 0.6567354202270508  GigaBytes
Max Memory Allocated: 21.958191394805908  GigaBytes

----------------------------------------after model forward
 Nvidia-smi: 23.404296875 GB
    Memory Allocated: 18.301796913146973  GigaBytes
Max Memory Allocated: 21.958191394805908  GigaBytes

----------------------------------------after loss_fcn calculation
 Nvidia-smi: 23.404296875 GB
    Memory Allocated: 18.302369594573975  GigaBytes
Max Memory Allocated: 21.958191394805908  GigaBytes

----------------------------------------after loss backward
 Nvidia-smi: 23.404296875 GB
    Memory Allocated: 0.684791088104248  GigaBytes
Max Memory Allocated: 21.958191394805908  GigaBytes

---------------------------------------- batch 28
 Nvidia-smi: 23.404296875 GB
    Memory Allocated: 0.684791088104248  GigaBytes
Max Memory Allocated: 21.958191394805908  GigaBytes

batch 29
src global  904901
seeds global  3266
----------------------------------------after load_block_subtensor
 Nvidia-smi: 23.404296875 GB
    Memory Allocated: 0.6461267471313477  GigaBytes
Max Memory Allocated: 21.958191394805908  GigaBytes

----------------------------------------after blocks to device
 Nvidia-smi: 23.404296875 GB
    Memory Allocated: 0.6680493354797363  GigaBytes
Max Memory Allocated: 21.958191394805908  GigaBytes

----------------------------------------after model forward
 Nvidia-smi: 23.404296875 GB
    Memory Allocated: 18.35351848602295  GigaBytes
Max Memory Allocated: 21.958191394805908  GigaBytes

----------------------------------------after loss_fcn calculation
 Nvidia-smi: 23.404296875 GB
    Memory Allocated: 18.35409116744995  GigaBytes
Max Memory Allocated: 21.958191394805908  GigaBytes

----------------------------------------after loss backward
 Nvidia-smi: 23.404296875 GB
    Memory Allocated: 0.6953601837158203  GigaBytes
Max Memory Allocated: 21.958191394805908  GigaBytes

---------------------------------------- batch 29
 Nvidia-smi: 23.404296875 GB
    Memory Allocated: 0.6953601837158203  GigaBytes
Max Memory Allocated: 21.958191394805908  GigaBytes

batch 30
src global  893816
seeds global  3266
----------------------------------------after load_block_subtensor
 Nvidia-smi: 23.404296875 GB
    Memory Allocated: 0.6512527465820312  GigaBytes
Max Memory Allocated: 21.958191394805908  GigaBytes

----------------------------------------after blocks to device
 Nvidia-smi: 23.404296875 GB
    Memory Allocated: 0.6735200881958008  GigaBytes
Max Memory Allocated: 21.958191394805908  GigaBytes

----------------------------------------after model forward
 Nvidia-smi: 23.404296875 GB
    Memory Allocated: 18.21965503692627  GigaBytes
Max Memory Allocated: 21.958191394805908  GigaBytes

----------------------------------------after loss_fcn calculation
 Nvidia-smi: 23.404296875 GB
    Memory Allocated: 18.22022771835327  GigaBytes
Max Memory Allocated: 21.958191394805908  GigaBytes

----------------------------------------after loss backward
 Nvidia-smi: 23.404296875 GB
    Memory Allocated: 0.7012214660644531  GigaBytes
Max Memory Allocated: 21.958191394805908  GigaBytes

---------------------------------------- batch 30
 Nvidia-smi: 23.404296875 GB
    Memory Allocated: 0.7012214660644531  GigaBytes
Max Memory Allocated: 21.958191394805908  GigaBytes

batch 31
src global  908142
seeds global  3266
----------------------------------------after load_block_subtensor
 Nvidia-smi: 23.404296875 GB
    Memory Allocated: 0.6667985916137695  GigaBytes
Max Memory Allocated: 21.958191394805908  GigaBytes

----------------------------------------after blocks to device
 Nvidia-smi: 23.404296875 GB
    Memory Allocated: 0.6889610290527344  GigaBytes
Max Memory Allocated: 21.958191394805908  GigaBytes

----------------------------------------after model forward
 Nvidia-smi: 23.404296875 GB
    Memory Allocated: 18.42202663421631  GigaBytes
Max Memory Allocated: 21.958191394805908  GigaBytes

----------------------------------------after loss_fcn calculation
 Nvidia-smi: 23.404296875 GB
    Memory Allocated: 18.42259931564331  GigaBytes
Max Memory Allocated: 21.958191394805908  GigaBytes

----------------------------------------after loss backward
 Nvidia-smi: 23.404296875 GB
    Memory Allocated: 0.7171106338500977  GigaBytes
Max Memory Allocated: 21.958191394805908  GigaBytes

---------------------------------------- batch 31
 Nvidia-smi: 23.404296875 GB
    Memory Allocated: 0.7171106338500977  GigaBytes
Max Memory Allocated: 21.958191394805908  GigaBytes

batch 32
src global  903265
seeds global  3266
----------------------------------------after load_block_subtensor
 Nvidia-smi: 23.404296875 GB
    Memory Allocated: 0.6751818656921387  GigaBytes
Max Memory Allocated: 21.958191394805908  GigaBytes

----------------------------------------after blocks to device
 Nvidia-smi: 23.404296875 GB
    Memory Allocated: 0.6974277496337891  GigaBytes
Max Memory Allocated: 21.958191394805908  GigaBytes

----------------------------------------after model forward
 Nvidia-smi: 23.404296875 GB
    Memory Allocated: 18.3855037689209  GigaBytes
Max Memory Allocated: 21.958191394805908  GigaBytes

----------------------------------------after loss_fcn calculation
 Nvidia-smi: 23.404296875 GB
    Memory Allocated: 18.3860764503479  GigaBytes
Max Memory Allocated: 21.958191394805908  GigaBytes

----------------------------------------after loss backward
 Nvidia-smi: 23.404296875 GB
    Memory Allocated: 0.7256817817687988  GigaBytes
Max Memory Allocated: 21.958191394805908  GigaBytes

---------------------------------------- batch 32
 Nvidia-smi: 23.404296875 GB
    Memory Allocated: 0.7256817817687988  GigaBytes
Max Memory Allocated: 21.958191394805908  GigaBytes

batch 33
src global  902641
seeds global  3266
----------------------------------------after load_block_subtensor
 Nvidia-smi: 23.404296875 GB
    Memory Allocated: 0.6854133605957031  GigaBytes
Max Memory Allocated: 21.958191394805908  GigaBytes

----------------------------------------after blocks to device
 Nvidia-smi: 23.404296875 GB
    Memory Allocated: 0.7073359489440918  GigaBytes
Max Memory Allocated: 21.958191394805908  GigaBytes

----------------------------------------after model forward
 Nvidia-smi: 23.404296875 GB
    Memory Allocated: 18.359381198883057  GigaBytes
Max Memory Allocated: 21.958191394805908  GigaBytes

----------------------------------------after loss_fcn calculation
 Nvidia-smi: 23.404296875 GB
    Memory Allocated: 18.35995388031006  GigaBytes
Max Memory Allocated: 21.958191394805908  GigaBytes

----------------------------------------after loss backward
 Nvidia-smi: 23.404296875 GB
    Memory Allocated: 0.7343769073486328  GigaBytes
Max Memory Allocated: 21.958191394805908  GigaBytes

---------------------------------------- batch 33
 Nvidia-smi: 23.404296875 GB
    Memory Allocated: 0.7343769073486328  GigaBytes
Max Memory Allocated: 21.958191394805908  GigaBytes

batch 34
src global  907102
seeds global  3266
----------------------------------------after load_block_subtensor
 Nvidia-smi: 23.404296875 GB
    Memory Allocated: 0.6960244178771973  GigaBytes
Max Memory Allocated: 21.958191394805908  GigaBytes

----------------------------------------after blocks to device
 Nvidia-smi: 23.404296875 GB
    Memory Allocated: 0.7179760932922363  GigaBytes
Max Memory Allocated: 21.958191394805908  GigaBytes

----------------------------------------after model forward
 Nvidia-smi: 23.404296875 GB
    Memory Allocated: 18.457627296447754  GigaBytes
Max Memory Allocated: 21.958191394805908  GigaBytes

----------------------------------------after loss_fcn calculation
 Nvidia-smi: 23.404296875 GB
    Memory Allocated: 18.458199977874756  GigaBytes
Max Memory Allocated: 21.958191394805908  GigaBytes

----------------------------------------after loss backward
 Nvidia-smi: 23.404296875 GB
    Memory Allocated: 0.7454943656921387  GigaBytes
Max Memory Allocated: 21.958191394805908  GigaBytes

---------------------------------------- batch 34
 Nvidia-smi: 23.404296875 GB
    Memory Allocated: 0.7454943656921387  GigaBytes
Max Memory Allocated: 21.958191394805908  GigaBytes

batch 35
src global  897599
seeds global  3266
----------------------------------------after load_block_subtensor
 Nvidia-smi: 23.404296875 GB
    Memory Allocated: 0.7018857002258301  GigaBytes
Max Memory Allocated: 21.958191394805908  GigaBytes

----------------------------------------after blocks to device
 Nvidia-smi: 23.404296875 GB
    Memory Allocated: 0.7237029075622559  GigaBytes
Max Memory Allocated: 21.958191394805908  GigaBytes

----------------------------------------after model forward
 Nvidia-smi: 23.404296875 GB
    Memory Allocated: 18.329073429107666  GigaBytes
Max Memory Allocated: 21.958191394805908  GigaBytes

----------------------------------------after loss_fcn calculation
 Nvidia-smi: 23.404296875 GB
    Memory Allocated: 18.329646110534668  GigaBytes
Max Memory Allocated: 21.958191394805908  GigaBytes

----------------------------------------after loss backward
 Nvidia-smi: 23.404296875 GB
    Memory Allocated: 0.7517890930175781  GigaBytes
Max Memory Allocated: 21.958191394805908  GigaBytes

---------------------------------------- batch 35
 Nvidia-smi: 23.404296875 GB
    Memory Allocated: 0.7517890930175781  GigaBytes
Max Memory Allocated: 21.958191394805908  GigaBytes

batch 36
src global  897452
seeds global  3266
----------------------------------------after load_block_subtensor
 Nvidia-smi: 23.404296875 GB
    Memory Allocated: 0.7118868827819824  GigaBytes
Max Memory Allocated: 21.958191394805908  GigaBytes

----------------------------------------after blocks to device
 Nvidia-smi: 23.404296875 GB
    Memory Allocated: 0.7345085144042969  GigaBytes
Max Memory Allocated: 21.958191394805908  GigaBytes

----------------------------------------after model forward
 Nvidia-smi: 23.404296875 GB
    Memory Allocated: 18.373197555541992  GigaBytes
Max Memory Allocated: 21.958191394805908  GigaBytes

----------------------------------------after loss_fcn calculation
 Nvidia-smi: 23.404296875 GB
    Memory Allocated: 18.373770236968994  GigaBytes
Max Memory Allocated: 21.958191394805908  GigaBytes

----------------------------------------after loss backward
 Nvidia-smi: 23.404296875 GB
    Memory Allocated: 0.7612128257751465  GigaBytes
Max Memory Allocated: 21.958191394805908  GigaBytes

---------------------------------------- batch 36
 Nvidia-smi: 23.404296875 GB
    Memory Allocated: 0.7612128257751465  GigaBytes
Max Memory Allocated: 21.958191394805908  GigaBytes

batch 37
src global  899961
seeds global  3266
----------------------------------------after load_block_subtensor
 Nvidia-smi: 23.404296875 GB
    Memory Allocated: 0.7220945358276367  GigaBytes
Max Memory Allocated: 21.958191394805908  GigaBytes

----------------------------------------after blocks to device
 Nvidia-smi: 23.404296875 GB
    Memory Allocated: 0.7440171241760254  GigaBytes
Max Memory Allocated: 21.958191394805908  GigaBytes

----------------------------------------after model forward
 Nvidia-smi: 23.404296875 GB
    Memory Allocated: 18.390138626098633  GigaBytes
Max Memory Allocated: 21.958191394805908  GigaBytes

----------------------------------------after loss_fcn calculation
 Nvidia-smi: 23.404296875 GB
    Memory Allocated: 18.390711307525635  GigaBytes
Max Memory Allocated: 21.958191394805908  GigaBytes

----------------------------------------after loss backward
 Nvidia-smi: 23.404296875 GB
    Memory Allocated: 0.7722721099853516  GigaBytes
Max Memory Allocated: 21.958191394805908  GigaBytes

---------------------------------------- batch 37
 Nvidia-smi: 23.404296875 GB
    Memory Allocated: 0.7722721099853516  GigaBytes
Max Memory Allocated: 21.958191394805908  GigaBytes

batch 38
src global  899055
seeds global  3266
----------------------------------------after load_block_subtensor
 Nvidia-smi: 23.404296875 GB
    Memory Allocated: 0.731818675994873  GigaBytes
Max Memory Allocated: 21.958191394805908  GigaBytes

----------------------------------------after blocks to device
 Nvidia-smi: 23.404296875 GB
    Memory Allocated: 0.7538533210754395  GigaBytes
Max Memory Allocated: 21.958191394805908  GigaBytes

----------------------------------------after model forward
 Nvidia-smi: 23.404296875 GB
    Memory Allocated: 18.368350505828857  GigaBytes
Max Memory Allocated: 21.958191394805908  GigaBytes

----------------------------------------after loss_fcn calculation
 Nvidia-smi: 23.404296875 GB
    Memory Allocated: 18.36892318725586  GigaBytes
Max Memory Allocated: 21.958191394805908  GigaBytes

----------------------------------------after loss backward
 Nvidia-smi: 23.404296875 GB
    Memory Allocated: 0.7810807228088379  GigaBytes
Max Memory Allocated: 21.958191394805908  GigaBytes

---------------------------------------- batch 38
 Nvidia-smi: 23.404296875 GB
    Memory Allocated: 0.7810807228088379  GigaBytes
Max Memory Allocated: 21.958191394805908  GigaBytes

batch 39
src global  903024
seeds global  3266
----------------------------------------after load_block_subtensor
 Nvidia-smi: 23.404296875 GB
    Memory Allocated: 0.7427105903625488  GigaBytes
Max Memory Allocated: 21.958191394805908  GigaBytes

----------------------------------------after blocks to device
 Nvidia-smi: 23.404296875 GB
    Memory Allocated: 0.7652292251586914  GigaBytes
Max Memory Allocated: 21.958191394805908  GigaBytes

----------------------------------------after model forward
 Nvidia-smi: 23.404296875 GB
    Memory Allocated: 18.394124507904053  GigaBytes
Max Memory Allocated: 21.958191394805908  GigaBytes

----------------------------------------after loss_fcn calculation
 Nvidia-smi: 23.404296875 GB
    Memory Allocated: 18.394697189331055  GigaBytes
Max Memory Allocated: 21.958191394805908  GigaBytes

----------------------------------------after loss backward
 Nvidia-smi: 23.404296875 GB
    Memory Allocated: 0.7928061485290527  GigaBytes
Max Memory Allocated: 21.958191394805908  GigaBytes

---------------------------------------- batch 39
 Nvidia-smi: 23.404296875 GB
    Memory Allocated: 0.7928061485290527  GigaBytes
Max Memory Allocated: 21.958191394805908  GigaBytes

batch 40
src global  901977
seeds global  3266
----------------------------------------after load_block_subtensor
 Nvidia-smi: 23.404296875 GB
    Memory Allocated: 0.7525672912597656  GigaBytes
Max Memory Allocated: 21.958191394805908  GigaBytes

----------------------------------------after blocks to device
 Nvidia-smi: 23.404296875 GB
    Memory Allocated: 0.7747836112976074  GigaBytes
Max Memory Allocated: 21.958191394805908  GigaBytes

----------------------------------------after model forward
 Nvidia-smi: 23.404296875 GB
    Memory Allocated: 18.46421766281128  GigaBytes
Max Memory Allocated: 21.958191394805908  GigaBytes

----------------------------------------after loss_fcn calculation
 Nvidia-smi: 23.404296875 GB
    Memory Allocated: 18.46479034423828  GigaBytes
Max Memory Allocated: 21.958191394805908  GigaBytes

----------------------------------------after loss backward
 Nvidia-smi: 23.404296875 GB
    Memory Allocated: 0.8022456169128418  GigaBytes
Max Memory Allocated: 21.958191394805908  GigaBytes

---------------------------------------- batch 40
 Nvidia-smi: 23.404296875 GB
    Memory Allocated: 0.8022456169128418  GigaBytes
Max Memory Allocated: 21.958191394805908  GigaBytes

batch 41
src global  891298
seeds global  3266
----------------------------------------after load_block_subtensor
 Nvidia-smi: 23.404296875 GB
    Memory Allocated: 0.7581863403320312  GigaBytes
Max Memory Allocated: 21.958191394805908  GigaBytes

----------------------------------------after blocks to device
 Nvidia-smi: 23.404296875 GB
    Memory Allocated: 0.7809638977050781  GigaBytes
Max Memory Allocated: 21.958191394805908  GigaBytes

----------------------------------------after model forward
 Nvidia-smi: 23.404296875 GB
    Memory Allocated: 18.269054889678955  GigaBytes
Max Memory Allocated: 21.958191394805908  GigaBytes

----------------------------------------after loss_fcn calculation
 Nvidia-smi: 23.404296875 GB
    Memory Allocated: 18.269627571105957  GigaBytes
Max Memory Allocated: 21.958191394805908  GigaBytes

----------------------------------------after loss backward
 Nvidia-smi: 23.404296875 GB
    Memory Allocated: 0.8084917068481445  GigaBytes
Max Memory Allocated: 21.958191394805908  GigaBytes

---------------------------------------- batch 41
 Nvidia-smi: 23.404296875 GB
    Memory Allocated: 0.8084917068481445  GigaBytes
Max Memory Allocated: 21.958191394805908  GigaBytes

batch 42
src global  897498
seeds global  3266
----------------------------------------after load_block_subtensor
 Nvidia-smi: 23.404296875 GB
    Memory Allocated: 0.7709918022155762  GigaBytes
Max Memory Allocated: 21.958191394805908  GigaBytes

----------------------------------------after blocks to device
 Nvidia-smi: 23.404296875 GB
    Memory Allocated: 0.792809009552002  GigaBytes
Max Memory Allocated: 21.958191394805908  GigaBytes

----------------------------------------after model forward
 Nvidia-smi: 23.404296875 GB
    Memory Allocated: 18.360642910003662  GigaBytes
Max Memory Allocated: 21.958191394805908  GigaBytes

----------------------------------------after loss_fcn calculation
 Nvidia-smi: 23.404296875 GB
    Memory Allocated: 18.361215591430664  GigaBytes
Max Memory Allocated: 21.958191394805908  GigaBytes

----------------------------------------after loss backward
 Nvidia-smi: 23.404296875 GB
    Memory Allocated: 0.8204960823059082  GigaBytes
Max Memory Allocated: 21.958191394805908  GigaBytes

---------------------------------------- batch 42
 Nvidia-smi: 23.404296875 GB
    Memory Allocated: 0.8204960823059082  GigaBytes
Max Memory Allocated: 21.958191394805908  GigaBytes

batch 43
src global  903964
seeds global  3266
----------------------------------------after load_block_subtensor
 Nvidia-smi: 23.404296875 GB
    Memory Allocated: 0.7830896377563477  GigaBytes
Max Memory Allocated: 21.958191394805908  GigaBytes

----------------------------------------after blocks to device
 Nvidia-smi: 23.404296875 GB
    Memory Allocated: 0.8062458038330078  GigaBytes
Max Memory Allocated: 21.958191394805908  GigaBytes

----------------------------------------after model forward
 Nvidia-smi: 23.404296875 GB
    Memory Allocated: 18.490684032440186  GigaBytes
Max Memory Allocated: 21.958191394805908  GigaBytes

----------------------------------------after loss_fcn calculation
 Nvidia-smi: 23.404296875 GB
    Memory Allocated: 18.491256713867188  GigaBytes
Max Memory Allocated: 21.958191394805908  GigaBytes

----------------------------------------after loss backward
 Nvidia-smi: 23.404296875 GB
    Memory Allocated: 0.8331656455993652  GigaBytes
Max Memory Allocated: 21.958191394805908  GigaBytes

---------------------------------------- batch 43
 Nvidia-smi: 23.404296875 GB
    Memory Allocated: 0.8331656455993652  GigaBytes
Max Memory Allocated: 21.958191394805908  GigaBytes

batch 44
src global  890980
seeds global  3234
----------------------------------------after load_block_subtensor
 Nvidia-smi: 23.404296875 GB
    Memory Allocated: 0.7882366180419922  GigaBytes
Max Memory Allocated: 21.958191394805908  GigaBytes

----------------------------------------after blocks to device
 Nvidia-smi: 23.404296875 GB
    Memory Allocated: 0.8107256889343262  GigaBytes
Max Memory Allocated: 21.958191394805908  GigaBytes

----------------------------------------after model forward
 Nvidia-smi: 23.404296875 GB
    Memory Allocated: 18.270046710968018  GigaBytes
Max Memory Allocated: 21.958191394805908  GigaBytes

----------------------------------------after loss_fcn calculation
 Nvidia-smi: 23.404296875 GB
    Memory Allocated: 18.27061367034912  GigaBytes
Max Memory Allocated: 21.958191394805908  GigaBytes

----------------------------------------after loss backward
 Nvidia-smi: 23.404296875 GB
    Memory Allocated: 0.8386645317077637  GigaBytes
Max Memory Allocated: 21.958191394805908  GigaBytes

---------------------------------------- batch 44
 Nvidia-smi: 23.404296875 GB
    Memory Allocated: 0.8386645317077637  GigaBytes
Max Memory Allocated: 21.958191394805908  GigaBytes

----------------------------------------after optimizer
 Nvidia-smi: 23.404296875 GB
    Memory Allocated: 0.8405337333679199  GigaBytes
Max Memory Allocated: 21.958191394805908  GigaBytes

----------------------------------------------------------pseudo_mini_loss sum 5.199180603027344
---------------------------------------- batch 44 after optimizer
 Nvidia-smi: 23.404296875 GB
    Memory Allocated: 0.8405337333679199  GigaBytes
Max Memory Allocated: 21.958191394805908  GigaBytes

