main start at this time 1684529326.6554809
-----------------------------------------before load data 
 Nvidia-smi: 0.166015625 GB
    Memory Allocated: 0.0  GigaBytes
Max Memory Allocated: 0.0  GigaBytes

#nodes: 2449029
#edges: 123718024
#classes: 47
success----------------------------------------
196571
39255
2164782
# Nodes: 2400608
# Edges: 123718024
# Train: 196571
# Val: 39255
# Test: 2164782
# Classes: 47

----------------------------------------start of run function 
 Nvidia-smi: 0.166015625 GB
    Memory Allocated: 0.0  GigaBytes
Max Memory Allocated: 0.0  GigaBytes

len(bkt)  173
len(bkt)  221
len(bkt)  374
len(bkt)  456
len(bkt)  445
len(bkt)  550
len(bkt)  655
len(bkt)  512
len(bkt)  576
len(bkt)  640
len(bkt)  624
len(bkt)  583
len(bkt)  615
len(bkt)  695
len(bkt)  673
len(bkt)  614
len(bkt)  556
len(bkt)  604
len(bkt)  584
len(bkt)  572
len(bkt)  586
len(bkt)  592
len(bkt)  648
len(bkt)  645
len(bkt)  671
len(bkt)  659
len(bkt)  646
len(bkt)  768
len(bkt)  643
len(bkt)  689
len(bkt)  691
len(bkt)  727
len(bkt)  793
len(bkt)  677
len(bkt)  754
len(bkt)  741
len(bkt)  791
len(bkt)  775
len(bkt)  816
len(bkt)  852
len(bkt)  861
len(bkt)  813
len(bkt)  933
len(bkt)  806
len(bkt)  884
len(bkt)  807
len(bkt)  927
len(bkt)  958
len(bkt)  879
len(bkt)  877
len(bkt)  928
len(bkt)  959
len(bkt)  907
len(bkt)  996
len(bkt)  907
len(bkt)  913
len(bkt)  923
len(bkt)  957
len(bkt)  950
len(bkt)  930
len(bkt)  981
len(bkt)  959
len(bkt)  955
len(bkt)  953
len(bkt)  994
len(bkt)  977
len(bkt)  1158
len(bkt)  1053
len(bkt)  1107
len(bkt)  1068
len(bkt)  1080
len(bkt)  1052
len(bkt)  1080
len(bkt)  1069
len(bkt)  1169
len(bkt)  1145
len(bkt)  1190
len(bkt)  1169
len(bkt)  1185
len(bkt)  1117
len(bkt)  1185
len(bkt)  1160
len(bkt)  1165
len(bkt)  1177
len(bkt)  1164
len(bkt)  1151
len(bkt)  1156
len(bkt)  1183
len(bkt)  1142
len(bkt)  1108
len(bkt)  1154
len(bkt)  1119
len(bkt)  1088
len(bkt)  1069
len(bkt)  1017
len(bkt)  1020
len(bkt)  1034
len(bkt)  963
len(bkt)  1042
len(bkt)  111012
---||-----||-----||-----||-----||-----||-----||-----||-----||-----||-----||-----||-----||-----||-----||-----||-----||-----||-----||-----||--

100
100
[0.0008800891281012967, 0.001124275706996454, 0.0019026204272247686, 0.0023197724995039962, 0.002263813075173856, 0.0027979712165070126, 0.00333212935784017, 0.0026046568415483465, 0.0029302389467418897, 0.003255821051935433, 0.003174425525637047, 0.0029658494894974335, 0.0031286405420942053, 0.003535618173586134, 0.0034236993249258537, 0.0031235533217005562, 0.0028284945388689074, 0.003072681117764065, 0.0029709367098910825, 0.002909890065167293, 0.0029811111506783806, 0.0030116344730402754, 0.003296518815084626, 0.0032812571539036785, 0.0034135248841385556, 0.003352478239414766, 0.0032863443742973276, 0.00390698526232252, 0.0032710827131163804, 0.00350509485122424, 0.003515269292011538, 0.003698409226182906, 0.004034165772163747, 0.0034440482065004503, 0.003835764176811432, 0.0037696303116939935, 0.004023991331376449, 0.003942595805078063, 0.0041511718412176775, 0.004334311775389045, 0.004380096758931887, 0.00413591018003673, 0.004746376627274624, 0.004100299637281186, 0.004497102827985816, 0.004105386857674835, 0.004715853304912729, 0.004873557137115851, 0.004471666726017572, 0.004461492285230273, 0.004720940525306378, 0.0048786443575095, 0.004614108897039747, 0.005066871512074518, 0.004614108897039747, 0.004644632219401641, 0.004695504423338132, 0.004868469916722202, 0.004832859373966658, 0.004731114966093676, 0.004990563206169781, 0.0048786443575095, 0.004858295475934904, 0.004848121035147606, 0.00505669707128722, 0.004970214324595185, 0.005891001215845674, 0.005356843074512517, 0.005631552975769569, 0.005433151380417254, 0.005494198025141043, 0.005351755854118868, 0.005494198025141043, 0.0054382386008109025, 0.0059469606401758145, 0.005824867350728236, 0.006053792268442446, 0.0059469606401758145, 0.0060283561664742, 0.00568242517970606, 0.0060283561664742, 0.005901175656632973, 0.0059266117586012175, 0.005987658403325007, 0.005921524538207569, 0.00585539067309013, 0.005880826775058376, 0.006018181725686902, 0.005809605689547288, 0.0056366401961632185, 0.0058706523342710775, 0.0056925996204933585, 0.005534895788290236, 0.0054382386008109025, 0.005173703140341149, 0.005188964801522096, 0.005260185887033184, 0.004898993239084097, 0.005300883650182377, 0.5647425103397754]
 the number of batches:  100
check_connections_block*********************************
num of batch  100
check_connections_block*********************************
redundancy ratio #input/#seeds/degree
7.976878612716763
7.233031674208145
5.85204991087344
5.703399122807017
6.147865168539326
5.845151515151515
5.285932388222465
6.48876953125
6.010030864197531
5.8481250000000005
6.019085081585081
5.894368210405946
6.152595372107568
5.485097636176773
5.616146607231302
5.864719055374593
6.397905205247566
5.810338484179543
6.064617880317232
5.782954545454546
5.939460425808549
6.184735872235873
5.800523349436393
5.681976744186046
5.638628912071535
5.89109373176141
5.646141497534686
5.159830729166666
5.868826084624873
5.454620222544751
5.450305774707063
5.518999312242091
5.277886048377852
5.456686071769919
5.313755210306934
5.538573999100315
5.221683124337991
5.425466893039049
5.030071644042232
4.906484741784038
5.170448429222968
4.987729163005916
4.903811161793664
5.14617640424092
5.001106083459025
5.45067614891439
5.1156785788060315
4.702570459290188
5.094773745675745
5.054025085518814
4.9181457065584855
4.7226678431058
4.93544964739656
4.791517923546036
5.103297584444222
4.987189015803474
4.986770827393511
4.861636579829208
4.982765388046388
4.806075268817205
4.8104643973195635
4.6862995728076955
4.689969251225796
4.814828174186778
4.759835938709179
4.783676064638193
4.283143866161421
4.530305569521255
4.436235811633479
4.4134162653825575
4.479251434533125
4.512502640473173
4.45755961440893
4.400310975147271
4.255431993156544
4.201608825557343
4.096867838044308
4.173948805685332
4.12986166746782
4.320490152193375
4.098880033338542
4.226303616484441
4.130513470189772
4.015272889104665
4.055255710531635
4.040965389044915
4.075915761842262
4.000845308537617
4.019943328282729
4.087103890894505
4.0101700725617535
4.065664218828923
4.078075585072739
4.11998686384173
4.230336904207421
4.133006535947712
4.160611378093282
4.237618411850722
4.122045793830822
0.17781347962382443
layer  0
{1: 181, 2: 3, 3: 6, 4: 3, 5: 5, 6: 2, 7: 3, 9: 3, 10: 101}
layer  1
{1: 173}

layer  0
{1: 11, 2: 248, 3: 13, 4: 12, 5: 11, 6: 9, 7: 4, 8: 4, 9: 7, 10: 256}
layer  1
{2: 221}

layer  0
{1: 12, 2: 20, 3: 408, 4: 19, 5: 22, 6: 17, 7: 13, 8: 5, 9: 7, 10: 566}
layer  1
{3: 374}

layer  0
{1: 7, 2: 17, 3: 30, 4: 499, 5: 39, 6: 33, 7: 32, 8: 17, 9: 13, 10: 939}
layer  1
{4: 456}

layer  0
{1: 9, 2: 27, 3: 28, 4: 52, 5: 491, 6: 37, 7: 29, 8: 32, 9: 19, 10: 1302}
layer  1
{5: 445}

layer  0
{1: 9, 2: 26, 3: 35, 4: 32, 5: 61, 6: 616, 7: 44, 8: 28, 9: 34, 10: 1890}
layer  1
{6: 550}

layer  0
{1: 7, 2: 28, 3: 41, 4: 51, 5: 53, 6: 55, 7: 717, 8: 47, 9: 53, 10: 2442}
layer  1
{7: 655}

layer  0
{1: 12, 2: 18, 3: 20, 4: 45, 5: 68, 6: 50, 7: 53, 8: 580, 9: 46, 10: 2785}
layer  1
{8: 512}

layer  0
{1: 9, 2: 16, 3: 28, 4: 37, 5: 43, 6: 50, 7: 54, 8: 56, 9: 628, 10: 3299}
layer  1
{9: 576}

layer  0
{1: 6, 2: 22, 3: 52, 4: 36, 5: 57, 6: 57, 7: 84, 8: 69, 9: 53, 10: 4690}
layer  1
{10: 640}

layer  0
{1: 18, 2: 23, 3: 39, 4: 46, 5: 59, 6: 70, 7: 76, 8: 89, 9: 97, 10: 5246}
layer  1
{11: 624}

layer  0
{1: 21, 2: 35, 3: 38, 4: 49, 5: 59, 6: 61, 7: 74, 8: 83, 9: 72, 10: 5148}
layer  1
{12: 583}

layer  0
{1: 12, 2: 12, 3: 35, 4: 51, 5: 63, 6: 59, 7: 93, 8: 75, 9: 95, 10: 6258}
layer  1
{13: 615}

layer  0
{1: 12, 2: 29, 3: 39, 4: 43, 5: 66, 6: 68, 7: 61, 8: 93, 9: 85, 10: 6974}
layer  1
{14: 695}

layer  0
{1: 13, 2: 22, 3: 28, 4: 46, 5: 87, 6: 84, 7: 83, 8: 88, 9: 96, 10: 7226}
layer  1
{15: 673}

layer  0
{1: 12, 2: 20, 3: 46, 4: 56, 5: 69, 6: 83, 7: 107, 8: 87, 9: 106, 10: 7442}
layer  1
{16: 614}

layer  0
{1: 17, 2: 29, 3: 39, 4: 63, 5: 60, 6: 79, 7: 85, 8: 108, 9: 88, 10: 7835}
layer  1
{17: 556}

layer  0
{1: 11, 2: 33, 3: 43, 4: 65, 5: 73, 6: 72, 7: 79, 8: 104, 9: 96, 10: 8253}
layer  1
{18: 604}

layer  0
{1: 15, 2: 31, 3: 33, 4: 63, 5: 87, 6: 94, 7: 99, 8: 120, 9: 109, 10: 8898}
layer  1
{19: 584}

layer  0
{1: 14, 2: 43, 3: 50, 4: 60, 5: 83, 6: 75, 7: 92, 8: 73, 9: 104, 10: 8689}
layer  1
{20: 572}

layer  0
{1: 13, 2: 31, 3: 40, 4: 51, 5: 83, 6: 78, 7: 100, 8: 107, 9: 111, 10: 9765}
layer  1
{21: 586}

layer  0
{1: 17, 2: 31, 3: 40, 4: 61, 5: 76, 6: 99, 7: 105, 8: 104, 9: 125, 10: 10796}
layer  1
{22: 592}

layer  0
{1: 21, 2: 25, 3: 66, 4: 58, 5: 86, 6: 84, 7: 83, 8: 113, 9: 102, 10: 11629}
layer  1
{23: 648}

layer  0
{1: 15, 2: 39, 3: 54, 4: 66, 5: 94, 6: 116, 7: 110, 8: 133, 9: 111, 10: 11759}
layer  1
{24: 645}

layer  0
{1: 22, 2: 37, 3: 39, 4: 78, 5: 74, 6: 109, 7: 107, 8: 129, 9: 122, 10: 12900}
layer  1
{25: 671}

layer  0
{1: 17, 2: 38, 3: 57, 4: 57, 5: 82, 6: 90, 7: 124, 8: 124, 9: 143, 10: 13917}
layer  1
{26: 659}

layer  0
{1: 19, 2: 34, 3: 38, 4: 49, 5: 80, 6: 99, 7: 96, 8: 120, 9: 103, 10: 13483}
layer  1
{27: 646}

layer  0
{1: 25, 2: 37, 3: 52, 4: 76, 5: 83, 6: 125, 7: 120, 8: 128, 9: 133, 10: 15501}
layer  1
{28: 768}

layer  0
{1: 23, 2: 37, 3: 44, 4: 88, 5: 107, 6: 92, 7: 134, 8: 130, 9: 108, 10: 15346}
layer  1
{29: 643}

layer  0
{1: 32, 2: 29, 3: 54, 4: 69, 5: 78, 6: 107, 7: 137, 8: 120, 9: 121, 10: 15829}
layer  1
{30: 689}

layer  0
{1: 15, 2: 44, 3: 52, 4: 79, 5: 98, 6: 110, 7: 133, 8: 148, 9: 133, 10: 16605}
layer  1
{31: 691}

layer  0
{1: 30, 2: 53, 3: 52, 4: 86, 5: 85, 6: 95, 7: 145, 8: 144, 9: 151, 10: 18176}
layer  1
{32: 727}

layer  0
{1: 26, 2: 47, 3: 61, 4: 83, 5: 111, 6: 135, 7: 145, 8: 145, 9: 153, 10: 20116}
layer  1
{33: 793}

layer  0
{1: 47, 2: 40, 3: 80, 4: 96, 5: 85, 6: 101, 7: 127, 8: 125, 9: 127, 10: 18248}
layer  1
{34: 677}

layer  0
{1: 20, 2: 31, 3: 41, 4: 77, 5: 90, 6: 104, 7: 121, 8: 126, 9: 142, 10: 20249}
layer  1
{35: 754}

layer  0
{1: 16, 2: 42, 3: 57, 4: 95, 5: 108, 6: 118, 7: 123, 8: 148, 9: 137, 10: 21411}
layer  1
{36: 741}

layer  0
{1: 33, 2: 47, 3: 79, 4: 89, 5: 132, 6: 124, 7: 139, 8: 164, 9: 177, 10: 23000}
layer  1
{37: 791}

layer  0
{1: 29, 2: 51, 3: 64, 4: 93, 5: 113, 6: 126, 7: 137, 8: 137, 9: 150, 10: 23789}
layer  1
{38: 775}

layer  0
{1: 20, 2: 34, 3: 59, 4: 97, 5: 95, 6: 88, 7: 161, 8: 145, 9: 138, 10: 23871}
layer  1
{39: 816}

layer  0
{1: 20, 2: 59, 3: 61, 4: 78, 5: 119, 6: 123, 7: 139, 8: 151, 9: 148, 10: 25108}
layer  1
{40: 852}

layer  0
{1: 31, 2: 52, 3: 87, 4: 110, 5: 142, 6: 143, 7: 161, 8: 175, 9: 176, 10: 27836}
layer  1
{41: 861}

layer  0
{1: 17, 2: 47, 3: 58, 4: 73, 5: 84, 6: 130, 7: 135, 8: 152, 9: 158, 10: 26195}
layer  1
{42: 813}

layer  0
{1: 36, 2: 51, 3: 65, 4: 91, 5: 101, 6: 123, 7: 148, 8: 146, 9: 192, 10: 30589}
layer  1
{43: 933}

layer  0
{1: 29, 2: 57, 3: 89, 4: 98, 5: 125, 6: 133, 7: 146, 8: 147, 9: 179, 10: 27826}
layer  1
{44: 806}

layer  0
{1: 34, 2: 48, 3: 69, 4: 107, 5: 116, 6: 134, 7: 149, 8: 173, 9: 150, 10: 30993}
layer  1
{45: 884}

layer  0
{1: 37, 2: 60, 3: 72, 4: 103, 5: 106, 6: 127, 7: 150, 8: 143, 9: 205, 10: 31606}
layer  1
{46: 807}

layer  0
{1: 37, 2: 62, 3: 68, 4: 106, 5: 157, 6: 166, 7: 172, 8: 198, 9: 192, 10: 35958}
layer  1
{47: 927}

layer  0
{1: 30, 2: 74, 3: 76, 4: 94, 5: 151, 6: 176, 7: 179, 8: 198, 9: 204, 10: 34215}
layer  1
{48: 958}

layer  0
{1: 33, 2: 40, 3: 78, 4: 106, 5: 136, 6: 185, 7: 202, 8: 171, 9: 185, 10: 34857}
layer  1
{49: 879}

layer  0
{1: 25, 2: 48, 3: 58, 4: 113, 5: 133, 6: 165, 7: 163, 8: 206, 9: 177, 10: 35444}
layer  1
{50: 877}

layer  0
{1: 34, 2: 51, 3: 86, 4: 111, 5: 115, 6: 148, 7: 175, 8: 169, 9: 189, 10: 37263}
layer  1
{51: 928}

layer  0
{1: 28, 2: 54, 3: 79, 4: 128, 5: 131, 6: 151, 7: 149, 8: 163, 9: 187, 10: 38380}
layer  1
{52: 959}

layer  0
{1: 29, 2: 58, 3: 71, 4: 112, 5: 110, 6: 161, 7: 165, 8: 180, 9: 180, 10: 37884}
layer  1
{53: 907}

layer  0
{1: 33, 2: 60, 3: 70, 4: 94, 5: 138, 6: 166, 7: 174, 8: 182, 9: 203, 10: 42591}
layer  1
{54: 996}

layer  0
{1: 40, 2: 55, 3: 96, 4: 109, 5: 141, 6: 168, 7: 172, 8: 198, 9: 212, 10: 41930}
layer  1
{55: 907}

layer  0
{1: 45, 2: 63, 3: 82, 4: 119, 5: 135, 6: 172, 7: 229, 8: 244, 9: 224, 10: 42413}
layer  1
{56: 913}

layer  0
{1: 38, 2: 60, 3: 88, 4: 122, 5: 148, 6: 163, 7: 202, 8: 189, 9: 202, 10: 43599}
layer  1
{57: 923}

layer  0
{1: 47, 2: 57, 3: 84, 4: 125, 5: 178, 6: 136, 7: 189, 8: 226, 9: 219, 10: 45145}
layer  1
{58: 957}

layer  0
{1: 36, 2: 65, 3: 71, 4: 116, 5: 146, 6: 162, 7: 209, 8: 207, 9: 231, 10: 47457}
layer  1
{59: 950}

layer  0
{1: 41, 2: 67, 3: 71, 4: 117, 5: 155, 6: 165, 7: 163, 8: 181, 9: 209, 10: 45429}
layer  1
{60: 930}

layer  0
{1: 44, 2: 67, 3: 104, 4: 126, 5: 166, 6: 167, 7: 184, 8: 161, 9: 208, 10: 49731}
layer  1
{61: 981}

layer  0
{1: 37, 2: 62, 3: 90, 4: 119, 5: 151, 6: 178, 7: 199, 8: 203, 9: 177, 10: 48122}
layer  1
{62: 959}

layer  0
{1: 56, 2: 72, 3: 103, 4: 133, 5: 162, 6: 196, 7: 212, 8: 254, 9: 215, 10: 48862}
layer  1
{63: 955}

layer  0
{1: 51, 2: 79, 3: 114, 4: 151, 5: 160, 6: 184, 7: 177, 8: 231, 9: 248, 10: 50598}
layer  1
{64: 953}

layer  0
{1: 37, 2: 58, 3: 101, 4: 119, 5: 163, 6: 198, 7: 199, 8: 222, 9: 246, 10: 53424}
layer  1
{65: 994}

layer  0
{1: 50, 2: 99, 3: 129, 4: 127, 5: 186, 6: 215, 7: 219, 8: 248, 9: 265, 10: 53963}
layer  1
{66: 977}

layer  0
{1: 62, 2: 83, 3: 103, 4: 137, 5: 168, 6: 206, 7: 248, 8: 241, 9: 237, 10: 59930}
layer  1
{67: 1158}

layer  0
{1: 48, 2: 75, 3: 98, 4: 119, 5: 168, 6: 162, 7: 234, 8: 222, 9: 242, 10: 58325}
layer  1
{68: 1053}

layer  0
{1: 45, 2: 77, 3: 132, 4: 190, 5: 179, 6: 207, 7: 254, 8: 314, 9: 309, 10: 61492}
layer  1
{69: 1107}

layer  0
{1: 51, 2: 78, 3: 114, 4: 148, 5: 185, 6: 232, 7: 274, 8: 281, 9: 263, 10: 60805}
layer  1
{70: 1068}

layer  0
{1: 52, 2: 83, 3: 111, 4: 183, 5: 200, 6: 235, 7: 256, 8: 246, 9: 271, 10: 63293}
layer  1
{71: 1080}

layer  0
{1: 39, 2: 77, 3: 104, 4: 146, 5: 191, 6: 226, 7: 227, 8: 241, 9: 239, 10: 62530}
layer  1
{72: 1052}

layer  0
{1: 56, 2: 95, 3: 115, 4: 175, 5: 198, 6: 223, 7: 233, 8: 270, 9: 297, 10: 64709}
layer  1
{73: 1080}

layer  0
{1: 42, 2: 78, 3: 104, 4: 139, 5: 169, 6: 234, 7: 223, 8: 284, 9: 272, 10: 65047}
layer  1
{74: 1069}

layer  0
{1: 74, 2: 90, 3: 167, 4: 216, 5: 242, 6: 267, 7: 306, 8: 323, 9: 334, 10: 70194}
layer  1
{75: 1169}

layer  0
{1: 53, 2: 108, 3: 138, 4: 193, 5: 213, 6: 241, 7: 285, 8: 299, 9: 312, 10: 69717}
layer  1
{76: 1145}

layer  0
{1: 47, 2: 98, 3: 124, 4: 190, 5: 239, 6: 266, 7: 270, 8: 312, 9: 307, 10: 72299}
layer  1
{77: 1190}

layer  0
{1: 52, 2: 92, 3: 121, 4: 174, 5: 226, 6: 257, 7: 260, 8: 318, 9: 334, 10: 72927}
layer  1
{78: 1169}

layer  0
{1: 64, 2: 90, 3: 174, 4: 230, 5: 246, 6: 268, 7: 309, 8: 344, 9: 323, 10: 75373}
layer  1
{79: 1185}

layer  0
{1: 48, 2: 104, 3: 143, 4: 185, 5: 213, 6: 265, 7: 261, 8: 319, 9: 310, 10: 74219}
layer  1
{80: 1117}

layer  0
{1: 56, 2: 114, 3: 144, 4: 199, 5: 276, 6: 306, 7: 300, 8: 365, 9: 341, 10: 76110}
layer  1
{81: 1185}

layer  0
{1: 61, 2: 84, 3: 148, 4: 221, 5: 253, 6: 296, 7: 314, 8: 323, 9: 339, 10: 79587}
layer  1
{82: 1160}

layer  0
{1: 71, 2: 116, 3: 139, 4: 202, 5: 224, 6: 257, 7: 304, 8: 311, 9: 357, 10: 79166}
layer  1
{83: 1165}

layer  0
{1: 62, 2: 82, 3: 129, 4: 184, 5: 195, 6: 238, 7: 331, 8: 313, 9: 327, 10: 79232}
layer  1
{84: 1177}

layer  0
{1: 59, 2: 94, 3: 145, 4: 214, 5: 249, 6: 290, 7: 313, 8: 325, 9: 330, 10: 79433}
layer  1
{85: 1164}

layer  0
{1: 70, 2: 88, 3: 125, 4: 158, 5: 225, 6: 262, 7: 322, 8: 340, 9: 337, 10: 79149}
layer  1
{86: 1151}

layer  0
{1: 57, 2: 118, 3: 149, 4: 215, 5: 271, 6: 296, 7: 319, 8: 337, 9: 379, 10: 82419}
layer  1
{87: 1156}

layer  0
{1: 65, 2: 99, 3: 144, 4: 198, 5: 260, 6: 293, 7: 326, 8: 307, 9: 345, 10: 84277}
layer  1
{88: 1183}

layer  0
{1: 69, 2: 95, 3: 141, 4: 182, 5: 253, 6: 308, 7: 324, 8: 327, 9: 323, 10: 82927}
layer  1
{89: 1142}

layer  0
{1: 61, 2: 100, 3: 138, 4: 205, 5: 225, 6: 280, 7: 316, 8: 320, 9: 337, 10: 82695}
layer  1
{90: 1108}

layer  0
{1: 63, 2: 91, 3: 171, 4: 214, 5: 249, 6: 302, 7: 332, 8: 338, 9: 351, 10: 85729}
layer  1
{91: 1154}

layer  0
{1: 63, 2: 107, 3: 122, 4: 178, 5: 246, 6: 281, 7: 317, 8: 353, 9: 353, 10: 84507}
layer  1
{92: 1119}

layer  0
{1: 71, 2: 111, 3: 160, 4: 204, 5: 254, 6: 269, 7: 343, 8: 347, 9: 348, 10: 84520}
layer  1
{93: 1088}

layer  0
{1: 59, 2: 115, 3: 170, 4: 182, 5: 246, 6: 256, 7: 318, 8: 339, 9: 340, 10: 83356}
layer  1
{94: 1069}

layer  0
{1: 72, 2: 98, 3: 123, 4: 171, 5: 235, 6: 271, 7: 282, 8: 310, 9: 333, 10: 82086}
layer  1
{95: 1017}

layer  0
{1: 72, 2: 124, 3: 167, 4: 211, 5: 231, 6: 298, 7: 379, 8: 306, 9: 343, 10: 82746}
layer  1
{96: 1020}

layer  0
{1: 50, 2: 107, 3: 155, 4: 192, 5: 242, 6: 252, 7: 276, 8: 341, 9: 308, 10: 83608}
layer  1
{97: 1034}

layer  0
{1: 56, 2: 94, 3: 96, 4: 157, 5: 207, 6: 262, 7: 288, 8: 257, 9: 316, 10: 80816}
layer  1
{98: 963}

layer  0
{1: 63, 2: 95, 3: 160, 4: 175, 5: 198, 6: 297, 7: 323, 8: 323, 9: 377, 10: 87348}
layer  1
{99: 1042}

layer  0
{1: 5676, 2: 8548, 3: 11127, 4: 14588, 5: 16974, 6: 18634, 7: 20098, 8: 20734, 9: 21133, 10: 1366013}
layer  1
{100: 111012}

data_dict
[[{1: 181, 2: 3, 3: 6, 4: 3, 5: 5, 6: 2, 7: 3, 9: 3, 10: 101}, {1: 173}], [{1: 11, 2: 248, 3: 13, 4: 12, 5: 11, 6: 9, 7: 4, 8: 4, 9: 7, 10: 256}, {2: 221}], [{1: 12, 2: 20, 3: 408, 4: 19, 5: 22, 6: 17, 7: 13, 8: 5, 9: 7, 10: 566}, {3: 374}], [{1: 7, 2: 17, 3: 30, 4: 499, 5: 39, 6: 33, 7: 32, 8: 17, 9: 13, 10: 939}, {4: 456}], [{1: 9, 2: 27, 3: 28, 4: 52, 5: 491, 6: 37, 7: 29, 8: 32, 9: 19, 10: 1302}, {5: 445}], [{1: 9, 2: 26, 3: 35, 4: 32, 5: 61, 6: 616, 7: 44, 8: 28, 9: 34, 10: 1890}, {6: 550}], [{1: 7, 2: 28, 3: 41, 4: 51, 5: 53, 6: 55, 7: 717, 8: 47, 9: 53, 10: 2442}, {7: 655}], [{1: 12, 2: 18, 3: 20, 4: 45, 5: 68, 6: 50, 7: 53, 8: 580, 9: 46, 10: 2785}, {8: 512}], [{1: 9, 2: 16, 3: 28, 4: 37, 5: 43, 6: 50, 7: 54, 8: 56, 9: 628, 10: 3299}, {9: 576}], [{1: 6, 2: 22, 3: 52, 4: 36, 5: 57, 6: 57, 7: 84, 8: 69, 9: 53, 10: 4690}, {10: 640}], [{1: 18, 2: 23, 3: 39, 4: 46, 5: 59, 6: 70, 7: 76, 8: 89, 9: 97, 10: 5246}, {11: 624}], [{1: 21, 2: 35, 3: 38, 4: 49, 5: 59, 6: 61, 7: 74, 8: 83, 9: 72, 10: 5148}, {12: 583}], [{1: 12, 2: 12, 3: 35, 4: 51, 5: 63, 6: 59, 7: 93, 8: 75, 9: 95, 10: 6258}, {13: 615}], [{1: 12, 2: 29, 3: 39, 4: 43, 5: 66, 6: 68, 7: 61, 8: 93, 9: 85, 10: 6974}, {14: 695}], [{1: 13, 2: 22, 3: 28, 4: 46, 5: 87, 6: 84, 7: 83, 8: 88, 9: 96, 10: 7226}, {15: 673}], [{1: 12, 2: 20, 3: 46, 4: 56, 5: 69, 6: 83, 7: 107, 8: 87, 9: 106, 10: 7442}, {16: 614}], [{1: 17, 2: 29, 3: 39, 4: 63, 5: 60, 6: 79, 7: 85, 8: 108, 9: 88, 10: 7835}, {17: 556}], [{1: 11, 2: 33, 3: 43, 4: 65, 5: 73, 6: 72, 7: 79, 8: 104, 9: 96, 10: 8253}, {18: 604}], [{1: 15, 2: 31, 3: 33, 4: 63, 5: 87, 6: 94, 7: 99, 8: 120, 9: 109, 10: 8898}, {19: 584}], [{1: 14, 2: 43, 3: 50, 4: 60, 5: 83, 6: 75, 7: 92, 8: 73, 9: 104, 10: 8689}, {20: 572}], [{1: 13, 2: 31, 3: 40, 4: 51, 5: 83, 6: 78, 7: 100, 8: 107, 9: 111, 10: 9765}, {21: 586}], [{1: 17, 2: 31, 3: 40, 4: 61, 5: 76, 6: 99, 7: 105, 8: 104, 9: 125, 10: 10796}, {22: 592}], [{1: 21, 2: 25, 3: 66, 4: 58, 5: 86, 6: 84, 7: 83, 8: 113, 9: 102, 10: 11629}, {23: 648}], [{1: 15, 2: 39, 3: 54, 4: 66, 5: 94, 6: 116, 7: 110, 8: 133, 9: 111, 10: 11759}, {24: 645}], [{1: 22, 2: 37, 3: 39, 4: 78, 5: 74, 6: 109, 7: 107, 8: 129, 9: 122, 10: 12900}, {25: 671}], [{1: 17, 2: 38, 3: 57, 4: 57, 5: 82, 6: 90, 7: 124, 8: 124, 9: 143, 10: 13917}, {26: 659}], [{1: 19, 2: 34, 3: 38, 4: 49, 5: 80, 6: 99, 7: 96, 8: 120, 9: 103, 10: 13483}, {27: 646}], [{1: 25, 2: 37, 3: 52, 4: 76, 5: 83, 6: 125, 7: 120, 8: 128, 9: 133, 10: 15501}, {28: 768}], [{1: 23, 2: 37, 3: 44, 4: 88, 5: 107, 6: 92, 7: 134, 8: 130, 9: 108, 10: 15346}, {29: 643}], [{1: 32, 2: 29, 3: 54, 4: 69, 5: 78, 6: 107, 7: 137, 8: 120, 9: 121, 10: 15829}, {30: 689}], [{1: 15, 2: 44, 3: 52, 4: 79, 5: 98, 6: 110, 7: 133, 8: 148, 9: 133, 10: 16605}, {31: 691}], [{1: 30, 2: 53, 3: 52, 4: 86, 5: 85, 6: 95, 7: 145, 8: 144, 9: 151, 10: 18176}, {32: 727}], [{1: 26, 2: 47, 3: 61, 4: 83, 5: 111, 6: 135, 7: 145, 8: 145, 9: 153, 10: 20116}, {33: 793}], [{1: 47, 2: 40, 3: 80, 4: 96, 5: 85, 6: 101, 7: 127, 8: 125, 9: 127, 10: 18248}, {34: 677}], [{1: 20, 2: 31, 3: 41, 4: 77, 5: 90, 6: 104, 7: 121, 8: 126, 9: 142, 10: 20249}, {35: 754}], [{1: 16, 2: 42, 3: 57, 4: 95, 5: 108, 6: 118, 7: 123, 8: 148, 9: 137, 10: 21411}, {36: 741}], [{1: 33, 2: 47, 3: 79, 4: 89, 5: 132, 6: 124, 7: 139, 8: 164, 9: 177, 10: 23000}, {37: 791}], [{1: 29, 2: 51, 3: 64, 4: 93, 5: 113, 6: 126, 7: 137, 8: 137, 9: 150, 10: 23789}, {38: 775}], [{1: 20, 2: 34, 3: 59, 4: 97, 5: 95, 6: 88, 7: 161, 8: 145, 9: 138, 10: 23871}, {39: 816}], [{1: 20, 2: 59, 3: 61, 4: 78, 5: 119, 6: 123, 7: 139, 8: 151, 9: 148, 10: 25108}, {40: 852}], [{1: 31, 2: 52, 3: 87, 4: 110, 5: 142, 6: 143, 7: 161, 8: 175, 9: 176, 10: 27836}, {41: 861}], [{1: 17, 2: 47, 3: 58, 4: 73, 5: 84, 6: 130, 7: 135, 8: 152, 9: 158, 10: 26195}, {42: 813}], [{1: 36, 2: 51, 3: 65, 4: 91, 5: 101, 6: 123, 7: 148, 8: 146, 9: 192, 10: 30589}, {43: 933}], [{1: 29, 2: 57, 3: 89, 4: 98, 5: 125, 6: 133, 7: 146, 8: 147, 9: 179, 10: 27826}, {44: 806}], [{1: 34, 2: 48, 3: 69, 4: 107, 5: 116, 6: 134, 7: 149, 8: 173, 9: 150, 10: 30993}, {45: 884}], [{1: 37, 2: 60, 3: 72, 4: 103, 5: 106, 6: 127, 7: 150, 8: 143, 9: 205, 10: 31606}, {46: 807}], [{1: 37, 2: 62, 3: 68, 4: 106, 5: 157, 6: 166, 7: 172, 8: 198, 9: 192, 10: 35958}, {47: 927}], [{1: 30, 2: 74, 3: 76, 4: 94, 5: 151, 6: 176, 7: 179, 8: 198, 9: 204, 10: 34215}, {48: 958}], [{1: 33, 2: 40, 3: 78, 4: 106, 5: 136, 6: 185, 7: 202, 8: 171, 9: 185, 10: 34857}, {49: 879}], [{1: 25, 2: 48, 3: 58, 4: 113, 5: 133, 6: 165, 7: 163, 8: 206, 9: 177, 10: 35444}, {50: 877}], [{1: 34, 2: 51, 3: 86, 4: 111, 5: 115, 6: 148, 7: 175, 8: 169, 9: 189, 10: 37263}, {51: 928}], [{1: 28, 2: 54, 3: 79, 4: 128, 5: 131, 6: 151, 7: 149, 8: 163, 9: 187, 10: 38380}, {52: 959}], [{1: 29, 2: 58, 3: 71, 4: 112, 5: 110, 6: 161, 7: 165, 8: 180, 9: 180, 10: 37884}, {53: 907}], [{1: 33, 2: 60, 3: 70, 4: 94, 5: 138, 6: 166, 7: 174, 8: 182, 9: 203, 10: 42591}, {54: 996}], [{1: 40, 2: 55, 3: 96, 4: 109, 5: 141, 6: 168, 7: 172, 8: 198, 9: 212, 10: 41930}, {55: 907}], [{1: 45, 2: 63, 3: 82, 4: 119, 5: 135, 6: 172, 7: 229, 8: 244, 9: 224, 10: 42413}, {56: 913}], [{1: 38, 2: 60, 3: 88, 4: 122, 5: 148, 6: 163, 7: 202, 8: 189, 9: 202, 10: 43599}, {57: 923}], [{1: 47, 2: 57, 3: 84, 4: 125, 5: 178, 6: 136, 7: 189, 8: 226, 9: 219, 10: 45145}, {58: 957}], [{1: 36, 2: 65, 3: 71, 4: 116, 5: 146, 6: 162, 7: 209, 8: 207, 9: 231, 10: 47457}, {59: 950}], [{1: 41, 2: 67, 3: 71, 4: 117, 5: 155, 6: 165, 7: 163, 8: 181, 9: 209, 10: 45429}, {60: 930}], [{1: 44, 2: 67, 3: 104, 4: 126, 5: 166, 6: 167, 7: 184, 8: 161, 9: 208, 10: 49731}, {61: 981}], [{1: 37, 2: 62, 3: 90, 4: 119, 5: 151, 6: 178, 7: 199, 8: 203, 9: 177, 10: 48122}, {62: 959}], [{1: 56, 2: 72, 3: 103, 4: 133, 5: 162, 6: 196, 7: 212, 8: 254, 9: 215, 10: 48862}, {63: 955}], [{1: 51, 2: 79, 3: 114, 4: 151, 5: 160, 6: 184, 7: 177, 8: 231, 9: 248, 10: 50598}, {64: 953}], [{1: 37, 2: 58, 3: 101, 4: 119, 5: 163, 6: 198, 7: 199, 8: 222, 9: 246, 10: 53424}, {65: 994}], [{1: 50, 2: 99, 3: 129, 4: 127, 5: 186, 6: 215, 7: 219, 8: 248, 9: 265, 10: 53963}, {66: 977}], [{1: 62, 2: 83, 3: 103, 4: 137, 5: 168, 6: 206, 7: 248, 8: 241, 9: 237, 10: 59930}, {67: 1158}], [{1: 48, 2: 75, 3: 98, 4: 119, 5: 168, 6: 162, 7: 234, 8: 222, 9: 242, 10: 58325}, {68: 1053}], [{1: 45, 2: 77, 3: 132, 4: 190, 5: 179, 6: 207, 7: 254, 8: 314, 9: 309, 10: 61492}, {69: 1107}], [{1: 51, 2: 78, 3: 114, 4: 148, 5: 185, 6: 232, 7: 274, 8: 281, 9: 263, 10: 60805}, {70: 1068}], [{1: 52, 2: 83, 3: 111, 4: 183, 5: 200, 6: 235, 7: 256, 8: 246, 9: 271, 10: 63293}, {71: 1080}], [{1: 39, 2: 77, 3: 104, 4: 146, 5: 191, 6: 226, 7: 227, 8: 241, 9: 239, 10: 62530}, {72: 1052}], [{1: 56, 2: 95, 3: 115, 4: 175, 5: 198, 6: 223, 7: 233, 8: 270, 9: 297, 10: 64709}, {73: 1080}], [{1: 42, 2: 78, 3: 104, 4: 139, 5: 169, 6: 234, 7: 223, 8: 284, 9: 272, 10: 65047}, {74: 1069}], [{1: 74, 2: 90, 3: 167, 4: 216, 5: 242, 6: 267, 7: 306, 8: 323, 9: 334, 10: 70194}, {75: 1169}], [{1: 53, 2: 108, 3: 138, 4: 193, 5: 213, 6: 241, 7: 285, 8: 299, 9: 312, 10: 69717}, {76: 1145}], [{1: 47, 2: 98, 3: 124, 4: 190, 5: 239, 6: 266, 7: 270, 8: 312, 9: 307, 10: 72299}, {77: 1190}], [{1: 52, 2: 92, 3: 121, 4: 174, 5: 226, 6: 257, 7: 260, 8: 318, 9: 334, 10: 72927}, {78: 1169}], [{1: 64, 2: 90, 3: 174, 4: 230, 5: 246, 6: 268, 7: 309, 8: 344, 9: 323, 10: 75373}, {79: 1185}], [{1: 48, 2: 104, 3: 143, 4: 185, 5: 213, 6: 265, 7: 261, 8: 319, 9: 310, 10: 74219}, {80: 1117}], [{1: 56, 2: 114, 3: 144, 4: 199, 5: 276, 6: 306, 7: 300, 8: 365, 9: 341, 10: 76110}, {81: 1185}], [{1: 61, 2: 84, 3: 148, 4: 221, 5: 253, 6: 296, 7: 314, 8: 323, 9: 339, 10: 79587}, {82: 1160}], [{1: 71, 2: 116, 3: 139, 4: 202, 5: 224, 6: 257, 7: 304, 8: 311, 9: 357, 10: 79166}, {83: 1165}], [{1: 62, 2: 82, 3: 129, 4: 184, 5: 195, 6: 238, 7: 331, 8: 313, 9: 327, 10: 79232}, {84: 1177}], [{1: 59, 2: 94, 3: 145, 4: 214, 5: 249, 6: 290, 7: 313, 8: 325, 9: 330, 10: 79433}, {85: 1164}], [{1: 70, 2: 88, 3: 125, 4: 158, 5: 225, 6: 262, 7: 322, 8: 340, 9: 337, 10: 79149}, {86: 1151}], [{1: 57, 2: 118, 3: 149, 4: 215, 5: 271, 6: 296, 7: 319, 8: 337, 9: 379, 10: 82419}, {87: 1156}], [{1: 65, 2: 99, 3: 144, 4: 198, 5: 260, 6: 293, 7: 326, 8: 307, 9: 345, 10: 84277}, {88: 1183}], [{1: 69, 2: 95, 3: 141, 4: 182, 5: 253, 6: 308, 7: 324, 8: 327, 9: 323, 10: 82927}, {89: 1142}], [{1: 61, 2: 100, 3: 138, 4: 205, 5: 225, 6: 280, 7: 316, 8: 320, 9: 337, 10: 82695}, {90: 1108}], [{1: 63, 2: 91, 3: 171, 4: 214, 5: 249, 6: 302, 7: 332, 8: 338, 9: 351, 10: 85729}, {91: 1154}], [{1: 63, 2: 107, 3: 122, 4: 178, 5: 246, 6: 281, 7: 317, 8: 353, 9: 353, 10: 84507}, {92: 1119}], [{1: 71, 2: 111, 3: 160, 4: 204, 5: 254, 6: 269, 7: 343, 8: 347, 9: 348, 10: 84520}, {93: 1088}], [{1: 59, 2: 115, 3: 170, 4: 182, 5: 246, 6: 256, 7: 318, 8: 339, 9: 340, 10: 83356}, {94: 1069}], [{1: 72, 2: 98, 3: 123, 4: 171, 5: 235, 6: 271, 7: 282, 8: 310, 9: 333, 10: 82086}, {95: 1017}], [{1: 72, 2: 124, 3: 167, 4: 211, 5: 231, 6: 298, 7: 379, 8: 306, 9: 343, 10: 82746}, {96: 1020}], [{1: 50, 2: 107, 3: 155, 4: 192, 5: 242, 6: 252, 7: 276, 8: 341, 9: 308, 10: 83608}, {97: 1034}], [{1: 56, 2: 94, 3: 96, 4: 157, 5: 207, 6: 262, 7: 288, 8: 257, 9: 316, 10: 80816}, {98: 963}], [{1: 63, 2: 95, 3: 160, 4: 175, 5: 198, 6: 297, 7: 323, 8: 323, 9: 377, 10: 87348}, {99: 1042}], [{1: 5676, 2: 8548, 3: 11127, 4: 14588, 5: 16974, 6: 18634, 7: 20098, 8: 20734, 9: 21133, 10: 1366013}, {100: 111012}]]
 MM estimated memory/GB degree 0: 0.00397878885269165 * 7.976878612716763
 MM estimated memory/GB degree 1: 0.0073892176151275635 * 7.233031674208145
 MM estimated memory/GB degree 2: 0.008050382137298584 * 5.85204991087344
 MM estimated memory/GB degree 3: 0.012629717588424683 * 5.703399122807017
 MM estimated memory/GB degree 4: 0.015520870685577393 * 6.147865168539326
 MM estimated memory/GB degree 5: 0.022712141275405884 * 5.845151515151515
 MM estimated memory/GB degree 6: 0.03133249282836914 * 5.285932388222465
 MM estimated memory/GB degree 7: 0.027958273887634277 * 6.48876953125
 MM estimated memory/GB degree 8: 0.0351736843585968 * 6.010030864197531
 MM estimated memory/GB degree 9: 0.04338473081588745 * 5.8481250000000005
 MM estimated memory/GB degree 10: 0.04669672250747681 * 6.019085081585081
 MM estimated memory/GB degree 11: 0.04783371090888977 * 5.894368210405946
 MM estimated memory/GB degree 12: 0.05400010943412781 * 6.152595372107568
 MM estimated memory/GB degree 13: 0.06592601537704468 * 5.485097636176773
 MM estimated memory/GB degree 14: 0.06826865673065186 * 5.616146607231302
 MM estimated memory/GB degree 15: 0.06640183925628662 * 5.864719055374593
 MM estimated memory/GB degree 16: 0.06413832306861877 * 6.397905205247566
 MM estimated memory/GB degree 17: 0.07363709807395935 * 5.810338484179543
 MM estimated memory/GB degree 18: 0.07516595721244812 * 6.064617880317232
 MM estimated memory/GB degree 19: 0.0776633620262146 * 5.782954545454546
 MM estimated memory/GB degree 20: 0.0832490622997284 * 5.939460425808549
 MM estimated memory/GB degree 21: 0.08812478184700012 * 6.184735872235873
 MM estimated memory/GB degree 22: 0.10068932175636292 * 5.800523349436393
 MM estimated memory/GB degree 23: 0.10470029711723328 * 5.681976744186046
 MM estimated memory/GB degree 24: 0.11345663666725159 * 5.638628912071535
 MM estimated memory/GB degree 25: 0.11580464243888855 * 5.89109373176141
 MM estimated memory/GB degree 26: 0.11783185601234436 * 5.646141497534686
 MM estimated memory/GB degree 27: 0.14521291851997375 * 5.159830729166666
 MM estimated memory/GB degree 28: 0.12602466344833374 * 5.868826084624873
 MM estimated memory/GB degree 29: 0.13959020376205444 * 5.454620222544751
 MM estimated memory/GB degree 30: 0.14462363719940186 * 5.450305774707063
 MM estimated memory/GB degree 31: 0.15736573934555054 * 5.518999312242091
 MM estimated memory/GB degree 32: 0.17668113112449646 * 5.277886048377852
 MM estimated memory/GB degree 33: 0.15575292706489563 * 5.456686071769919
 MM estimated memory/GB degree 34: 0.17779666185379028 * 5.313755210306934
 MM estimated memory/GB degree 35: 0.17984211444854736 * 5.538573999100315
 MM estimated memory/GB degree 36: 0.1975618600845337 * 5.221683124337991
 MM estimated memory/GB degree 37: 0.19879648089408875 * 5.425466893039049
 MM estimated memory/GB degree 38: 0.2142859697341919 * 5.030071644042232
 MM estimated memory/GB degree 39: 0.22984278202056885 * 4.906484741784038
 MM estimated memory/GB degree 40: 0.23807823657989502 * 5.170448429222968
 MM estimated memory/GB degree 41: 0.2300334870815277 * 4.987729163005916
 MM estimated memory/GB degree 42: 0.27044472098350525 * 4.903811161793664
 MM estimated memory/GB degree 43: 0.23922649025917053 * 5.14617640424092
 MM estimated memory/GB degree 44: 0.2680894732475281 * 5.001106083459025
 MM estimated memory/GB degree 45: 0.2505180537700653 * 5.45067614891439
 MM estimated memory/GB degree 46: 0.29378288984298706 * 5.1156785788060315
 MM estimated memory/GB degree 47: 0.31007570028305054 * 4.702570459290188
 MM estimated memory/GB degree 48: 0.2900047302246094 * 5.094773745675745
 MM estimated memory/GB degree 49: 0.29524335265159607 * 5.054025085518814
 MM estimated memory/GB degree 50: 0.31875425577163696 * 4.9181457065584855
 MM estimated memory/GB degree 51: 0.33574604988098145 * 4.7226678431058
 MM estimated memory/GB degree 52: 0.3237801790237427 * 4.93544964739656
 MM estimated memory/GB degree 53: 0.3621843159198761 * 4.791517923546036
 MM estimated memory/GB degree 54: 0.33606067299842834 * 5.103297584444222
 MM estimated memory/GB degree 55: 0.34460940957069397 * 4.987189015803474
 MM estimated memory/GB degree 56: 0.35439518094062805 * 4.986770827393511
 MM estimated memory/GB degree 57: 0.37389376759529114 * 4.861636579829208
 MM estimated memory/GB degree 58: 0.3775107264518738 * 4.982765388046388
 MM estimated memory/GB degree 59: 0.375945121049881 * 4.806075268817205
 MM estimated memory/GB degree 60: 0.4030880033969879 * 4.8104643973195635
 MM estimated memory/GB degree 61: 0.4003269374370575 * 4.6862995728076955
 MM estimated memory/GB degree 62: 0.4055298864841461 * 4.689969251225796
 MM estimated memory/GB degree 63: 0.4111190736293793 * 4.814828174186778
 MM estimated memory/GB degree 64: 0.43480512499809265 * 4.759835938709179
 MM estimated memory/GB degree 65: 0.4348493814468384 * 4.783676064638193
 MM estimated memory/GB degree 66: 0.5226273536682129 * 4.283143866161421
 MM estimated memory/GB degree 67: 0.48216354846954346 * 4.530305569521255
 MM estimated memory/GB degree 68: 0.5141977071762085 * 4.436235811633479
 MM estimated memory/GB degree 69: 0.5034235417842865 * 4.4134162653825575
 MM estimated memory/GB degree 70: 0.5163992643356323 * 4.479251434533125
 MM estimated memory/GB degree 71: 0.5098211467266083 * 4.512502640473173
 MM estimated memory/GB degree 72: 0.5311503410339355 * 4.45755961440893
 MM estimated memory/GB degree 73: 0.5324281454086304 * 4.400310975147271
 MM estimated memory/GB degree 74: 0.5905829966068268 * 4.255431993156544
 MM estimated memory/GB degree 75: 0.5861788094043732 * 4.201608825557343
 MM estimated memory/GB degree 76: 0.6168278753757477 * 4.096867838044308
 MM estimated memory/GB degree 77: 0.6137972474098206 * 4.173948805685332
 MM estimated memory/GB degree 78: 0.6302609145641327 * 4.12986166746782
 MM estimated memory/GB degree 79: 0.6017246246337891 * 4.320490152193375
 MM estimated memory/GB degree 80: 0.6464426815509796 * 4.098880033338542
 MM estimated memory/GB degree 81: 0.6402038633823395 * 4.226303616484441
 MM estimated memory/GB degree 82: 0.6514672636985779 * 4.130513470189772
 MM estimated memory/GB degree 83: 0.6653171181678772 * 4.015272889104665
 MM estimated memory/GB degree 84: 0.665960043668747 * 4.055255710531635
 MM estimated memory/GB degree 85: 0.6663336753845215 * 4.040965389044915
 MM estimated memory/GB degree 86: 0.6772848665714264 * 4.075915761842262
 MM estimated memory/GB degree 87: 0.700764924287796 * 4.000845308537617
 MM estimated memory/GB degree 88: 0.6842215955257416 * 4.019943328282729
 MM estimated memory/GB degree 89: 0.6713239252567291 * 4.087103890894505
 MM estimated memory/GB degree 90: 0.7066990435123444 * 4.0101700725617535
 MM estimated memory/GB degree 91: 0.6931200921535492 * 4.065664218828923
 MM estimated memory/GB degree 92: 0.6814825236797333 * 4.078075585072739
 MM estimated memory/GB degree 93: 0.6766872704029083 * 4.11998686384173
 MM estimated memory/GB degree 94: 0.6506371200084686 * 4.230336904207421
 MM estimated memory/GB degree 95: 0.6598341464996338 * 4.133006535947712
 MM estimated memory/GB degree 96: 0.6751517057418823 * 4.160611378093282
 MM estimated memory/GB degree 97: 0.6352967619895935 * 4.237618411850722
 MM estimated memory/GB degree 98: 0.694322258234024 * 4.122045793830822
 MM estimated memory/GB degree 99: 74.67286098003387 * 0.17781347962382443

[0.03173831570355189, 0.053446445057834434, 0.04711123806907531, 0.0720323202151217, 0.09542022027326434, 0.13275590698827397, 0.16562143864522455, 0.18141479574842378, 0.2113949286027087, 0.2537193289026618, 0.28107154580367194, 0.28194950496710797, 0.33224082339771693, 0.36161063110718134, 0.3834067848780888, 0.3894281319982648, 0.4103509110165661, 0.42785646480242934, 0.45585280810177287, 0.4491236924447797, 0.4944545110149072, 0.5450284995221023, 0.5840507618866969, 0.5949046533294887, 0.6397398717783603, 0.6822160031806077, 0.6652953319628295, 0.7492740792513358, 0.7396168321516519, 0.7614115483096445, 0.7882430449870391, 0.8685014072185615, 0.9325028769735977, 0.8498948277524121, 0.9447679383007582, 0.9960688590279475, 1.031605430816233, 1.0785637255435483, 1.0778737800760507, 1.1277201029931156]

[1.2309712443566923, 1.1473447319844805, 1.3262098414070862, 1.2311017194411138, 1.340743895569538, 1.3654927805569477, 1.502898836389501, 1.4581528282947915, 1.477508485670117, 1.492167310633844, 1.5676798744705216, 1.5856170732227068, 1.5980007703967258, 1.7354126413573463, 1.715017620739579]

[1.7186322621534855, 1.7672875496835687, 1.8177356175114279, 1.8810473813806445, 1.8068205487103233, 1.9390404893278377, 1.8760519558946955, 1.901922698063733, 1.9794676986563038, 2.069601060300858, 2.0801785777499644]

[2.2384881441521816, 2.1843482090517043, 2.281102282834921, 2.2218176476872658, 2.3130821455672312, 2.300569270772881, 2.3676343093724013, 2.342849411718903, 2.5131857783749534, 2.46289405894811, 2.5270622842361035, 2.5619582877591647]

[2.2384881441521816, 2.1843482090517043, 2.281102282834921, 2.2218176476872658, 2.3130821455672312, 2.300569270772881, 2.3676343093724013, 2.342849411718903, 2.5131857783749534]

[2.46289405894811, 2.5270622842361035, 2.5619582877591647, 2.602890391561622, 2.5997453150625405, 2.649691000107136, 2.7056959031000924, 2.690894308094648, 2.671429787236722]

[2.700638270073583, 2.692631319783941, 2.76055606291571, 2.803652059724547, 2.7505320380006686, 2.743770626967349, 2.83398335460122, 2.8179935580200905]

[2.7791372414720747, 2.7879426649888988, 2.7524142200190576, 2.7270988401244667, 2.809043868848763, 2.6921452555962473, 2.862028144116677]

13.277841244325927
mem estimated with fanout mem estimate * reduandant ratio
1-40 degree
21.16928032280061
41-50 degree
13.572591674304114
