main start at this time 1684448682.7772226
-----------------------------------------before load data 
 Nvidia-smi: 0.166015625 GB
    Memory Allocated: 0.0  GigaBytes
Max Memory Allocated: 0.0  GigaBytes

#nodes: 2449029
#edges: 123718024
#classes: 47
success----------------------------------------
196571
39255
2164782
# Nodes: 2400608
# Edges: 123718024
# Train: 196571
# Val: 39255
# Test: 2164782
# Classes: 47

----------------------------------------start of run function 
 Nvidia-smi: 0.166015625 GB
    Memory Allocated: 0.0  GigaBytes
Max Memory Allocated: 0.0  GigaBytes

len(bkt)  173
len(bkt)  221
len(bkt)  374
len(bkt)  456
len(bkt)  445
len(bkt)  550
len(bkt)  655
len(bkt)  512
len(bkt)  576
len(bkt)  640
len(bkt)  624
len(bkt)  583
len(bkt)  615
len(bkt)  695
len(bkt)  673
len(bkt)  614
len(bkt)  556
len(bkt)  604
len(bkt)  584
len(bkt)  572
len(bkt)  586
len(bkt)  592
len(bkt)  648
len(bkt)  645
len(bkt)  671
len(bkt)  659
len(bkt)  646
len(bkt)  768
len(bkt)  643
len(bkt)  689
len(bkt)  691
len(bkt)  727
len(bkt)  793
len(bkt)  677
len(bkt)  754
len(bkt)  741
len(bkt)  791
len(bkt)  775
len(bkt)  816
len(bkt)  852
len(bkt)  861
len(bkt)  813
len(bkt)  933
len(bkt)  806
len(bkt)  884
len(bkt)  807
len(bkt)  927
len(bkt)  958
len(bkt)  879
len(bkt)  877
len(bkt)  928
len(bkt)  959
len(bkt)  907
len(bkt)  996
len(bkt)  907
len(bkt)  913
len(bkt)  923
len(bkt)  957
len(bkt)  950
len(bkt)  930
len(bkt)  981
len(bkt)  959
len(bkt)  955
len(bkt)  953
len(bkt)  994
len(bkt)  977
len(bkt)  1158
len(bkt)  1053
len(bkt)  1107
len(bkt)  1068
len(bkt)  1080
len(bkt)  1052
len(bkt)  1080
len(bkt)  1069
len(bkt)  1169
len(bkt)  1145
len(bkt)  1190
len(bkt)  1169
len(bkt)  1185
len(bkt)  1117
len(bkt)  1185
len(bkt)  1160
len(bkt)  1165
len(bkt)  1177
len(bkt)  1164
len(bkt)  1151
len(bkt)  1156
len(bkt)  1183
len(bkt)  1142
len(bkt)  1108
len(bkt)  1154
len(bkt)  1119
len(bkt)  1088
len(bkt)  1069
len(bkt)  1017
len(bkt)  1020
len(bkt)  1034
len(bkt)  963
len(bkt)  1042
len(bkt)  111012
---||-----||-----||-----||-----||-----||-----||-----||-----||-----||-----||-----||-----||-----||-----||-----||-----||-----||-----||-----||--

__ 
100
group 1 start =========================
group 2 start=========================
group 3 start=========================
group 4 start=========================
group 5 start=========================
group 6 start=========================
group 7 start=========================
46
length  196571
group1  24886
group2  13442
group7  8352
[0.12660056671635186, 0.06838241653143139, 0.0533751163701665, 0.05003789979193268, 0.047392545187235145, 0.046980480335349566, 0.0424884647277574, 0.014483316460719028, 0.014483316460719028, 0.014483316460719028, 0.014483316460719028, 0.014483316460719028, 0.014483316460719028, 0.014483316460719028, 0.014483316460719028, 0.014483316460719028, 0.014483316460719028, 0.014483316460719028, 0.014483316460719028, 0.014483316460719028, 0.014483316460719028, 0.014483316460719028, 0.014483316460719028, 0.014483316460719028, 0.014483316460719028, 0.014483316460719028, 0.014483316460719028, 0.014483316460719028, 0.014483316460719028, 0.014483316460719028, 0.014483316460719028, 0.014483316460719028, 0.014483316460719028, 0.014483316460719028, 0.014483316460719028, 0.014483316460719028, 0.014483316460719028, 0.014483316460719028, 0.014483316460719028, 0.014483316460719028, 0.014483316460719028, 0.014483316460719028, 0.014483316460719028, 0.014483316460719028, 0.014483316460719028, 0.014376484832452397]
 the number of batches:  46
check_connections_block*********************************
num of batch  46
check_connections_block*********************************
redundancy ratio #input/#seeds/degree/cluster_coeff
0.8641126163040692
1.7780436160619417
2.33352627375463
2.550054469949508
2.76085462156518
2.896849892704287
3.2741578572027854
7.173051925576674
7.1937336180911835
7.191263779604947
7.198861310450153
7.174769702516928
7.160164325447797
7.2011174950880985
7.13673931752124
7.166403017817877
7.214458041375351
7.22837117997602
7.318883496265759
7.223593879928247
7.199502271995022
7.181239141043161
7.234310756958493
7.226687587651491
7.143268579124994
7.171334148636419
7.215389572153896
7.254479680237106
7.22430321070457
7.186785594944779
7.267529657290682
7.234763703116868
7.250386072503861
7.2694269034635
7.203954818193394
7.2189704106512425
7.172180217875649
7.234635510807894
7.198989502759126
7.2570264341087265
7.201724272017244
7.179598279488291
7.164958717803434
7.223064018384487
7.197109348894171
7.211744265535702
layer  0
layer  1

layer  0
layer  1

layer  0
layer  1

layer  0
layer  1

layer  0
layer  1

layer  0
layer  1

layer  0
layer  1

layer  0
layer  1

layer  0
layer  1

layer  0
layer  1

layer  0
layer  1

layer  0
layer  1

layer  0
layer  1

layer  0
layer  1

layer  0
layer  1

layer  0
layer  1

layer  0
layer  1

layer  0
layer  1

layer  0
layer  1

layer  0
layer  1

layer  0
layer  1

layer  0
layer  1

layer  0
layer  1

layer  0
layer  1

layer  0
layer  1

layer  0
layer  1

layer  0
layer  1

layer  0
layer  1

layer  0
layer  1

layer  0
layer  1

layer  0
layer  1

layer  0
layer  1

layer  0
layer  1

layer  0
layer  1

layer  0
layer  1

layer  0
layer  1

layer  0
layer  1

layer  0
layer  1

layer  0
layer  1

layer  0
layer  1

layer  0
layer  1

layer  0
layer  1

layer  0
layer  1

layer  0
layer  1

layer  0
layer  1

layer  0
layer  1

data_dict
[[{1: 860, 2: 1431, 3: 2009, 4: 2607, 5: 3090, 6: 3332, 7: 3830, 8: 3735, 9: 3807, 10: 244155}, {1: 173, 2: 221, 3: 374, 4: 456, 5: 445, 6: 550, 7: 655, 8: 512, 9: 576, 10: 640, 11: 624, 12: 583, 13: 615, 14: 695, 15: 673, 16: 614, 17: 556, 18: 604, 19: 584, 20: 572, 21: 586, 22: 592, 23: 648, 24: 645, 25: 671, 26: 659, 27: 646, 28: 768, 29: 643, 30: 689, 31: 691, 32: 727, 33: 793, 34: 677, 35: 754, 36: 741, 37: 791, 38: 775, 39: 816, 40: 852}], [{1: 473, 2: 805, 3: 1096, 4: 1498, 5: 1795, 6: 2142, 7: 2277, 8: 2395, 9: 2568, 10: 297155}, {41: 861, 42: 813, 43: 933, 44: 806, 45: 884, 46: 807, 47: 927, 48: 958, 49: 879, 50: 877, 51: 928, 52: 959, 53: 907, 54: 996, 55: 907}], [{1: 482, 2: 743, 3: 1014, 4: 1336, 5: 1699, 6: 1866, 7: 2082, 8: 2241, 9: 2301, 10: 318151}, {56: 913, 57: 923, 58: 957, 59: 950, 60: 930, 61: 981, 62: 959, 63: 955, 64: 953, 65: 994, 66: 977}], [{1: 469, 2: 724, 3: 1032, 4: 1415, 5: 1644, 6: 1926, 7: 2169, 8: 2297, 9: 2310, 10: 341451}, {67: 1158, 68: 1053, 69: 1107, 70: 1068, 71: 1080, 72: 1052, 73: 1080, 74: 1069, 75: 1169}], [{1: 452, 2: 798, 3: 1106, 4: 1554, 5: 1824, 6: 2072, 7: 2190, 8: 2460, 9: 2464, 10: 361318}, {76: 1145, 77: 1190, 78: 1169, 79: 1185, 80: 1117, 81: 1185, 82: 1160, 83: 1165}], [{1: 506, 2: 765, 3: 1120, 4: 1543, 5: 1863, 6: 2185, 7: 2469, 8: 2468, 9: 2577, 10: 391882}, {84: 1177, 85: 1164, 86: 1151, 87: 1156, 88: 1183, 89: 1142, 90: 1108, 91: 1154}], [{1: 506, 2: 845, 3: 1135, 4: 1440, 5: 1821, 6: 2113, 7: 2431, 8: 2464, 9: 2573, 10: 408536}, {92: 1119, 93: 1088, 94: 1069, 95: 1017, 96: 1020, 97: 1034, 98: 963, 99: 1042}], [{1: 139, 2: 207, 3: 278, 4: 495, 5: 573, 6: 603, 7: 730, 8: 827, 9: 858, 10: 229869}, {100: 2847}], [{1: 136, 2: 234, 3: 286, 4: 404, 5: 481, 6: 576, 7: 679, 8: 727, 9: 823, 10: 228701}, {100: 2847}], [{1: 125, 2: 231, 3: 298, 4: 461, 5: 571, 6: 671, 7: 761, 8: 819, 9: 855, 10: 229219}, {100: 2847}], [{1: 130, 2: 195, 3: 298, 4: 391, 5: 537, 6: 596, 7: 756, 8: 824, 9: 818, 10: 229740}, {100: 2847}], [{1: 134, 2: 227, 3: 329, 4: 433, 5: 545, 6: 613, 7: 752, 8: 841, 9: 833, 10: 228772}, {100: 2847}], [{1: 151, 2: 231, 3: 361, 4: 423, 5: 546, 6: 629, 7: 739, 8: 758, 9: 865, 10: 228566}, {100: 2847}], [{1: 164, 2: 232, 3: 299, 4: 425, 5: 516, 6: 608, 7: 709, 8: 792, 9: 842, 10: 229797}, {100: 2847}], [{1: 146, 2: 243, 3: 287, 4: 408, 5: 540, 6: 664, 7: 826, 8: 803, 9: 902, 10: 227746}, {100: 2847}], [{1: 142, 2: 256, 3: 312, 4: 450, 5: 604, 6: 619, 7: 667, 8: 780, 9: 854, 10: 228811}, {100: 2847}], [{1: 144, 2: 241, 3: 302, 4: 418, 5: 524, 6: 664, 7: 742, 8: 771, 9: 843, 10: 229489}, {100: 2847}], [{1: 154, 2: 240, 3: 360, 4: 465, 5: 570, 6: 719, 7: 688, 8: 802, 9: 829, 10: 229467}, {100: 2847}], [{1: 135, 2: 262, 3: 341, 4: 455, 5: 548, 6: 618, 7: 706, 8: 778, 9: 914, 10: 230939}, {100: 2847}], [{1: 164, 2: 222, 3: 316, 4: 439, 5: 508, 6: 606, 7: 724, 8: 825, 9: 888, 10: 229171}, {100: 2847}], [{1: 130, 2: 213, 3: 298, 4: 451, 5: 530, 6: 607, 7: 719, 8: 787, 9: 822, 10: 229311}, {100: 2847}], [{1: 146, 2: 224, 3: 342, 4: 451, 5: 577, 6: 629, 7: 791, 8: 774, 9: 905, 10: 229034}, {100: 2847}], [{1: 120, 2: 255, 3: 331, 4: 498, 5: 559, 6: 705, 7: 707, 8: 808, 9: 853, 10: 230782}, {100: 2847}], [{1: 133, 2: 242, 3: 327, 4: 420, 5: 560, 6: 698, 7: 804, 8: 862, 9: 896, 10: 229719}, {100: 2847}], [{1: 154, 2: 197, 3: 292, 4: 425, 5: 541, 6: 622, 7: 741, 8: 776, 9: 801, 10: 228370}, {100: 2847}], [{1: 146, 2: 242, 3: 369, 4: 431, 5: 533, 6: 659, 7: 741, 8: 786, 9: 813, 10: 227989}, {100: 2847}], [{1: 117, 2: 245, 3: 337, 4: 493, 5: 558, 6: 620, 7: 785, 8: 845, 9: 919, 10: 229803}, {100: 2847}], [{1: 146, 2: 241, 3: 361, 4: 455, 5: 572, 6: 692, 7: 817, 8: 842, 9: 855, 10: 230191}, {100: 2847}], [{1: 154, 2: 222, 3: 319, 4: 458, 5: 543, 6: 666, 7: 664, 8: 781, 9: 859, 10: 229549}, {100: 2847}], [{1: 131, 2: 247, 3: 340, 4: 442, 5: 583, 6: 598, 7: 729, 8: 803, 9: 837, 10: 228990}, {100: 2847}], [{1: 147, 2: 232, 3: 275, 4: 468, 5: 548, 6: 679, 7: 746, 8: 822, 9: 884, 10: 230699}, {100: 2847}], [{1: 131, 2: 236, 3: 317, 4: 443, 5: 550, 6: 653, 7: 723, 8: 835, 9: 838, 10: 230166}, {100: 2847}], [{1: 146, 2: 237, 3: 350, 4: 444, 5: 579, 6: 681, 7: 799, 8: 828, 9: 886, 10: 230344}, {100: 2847}], [{1: 143, 2: 253, 3: 359, 4: 438, 5: 613, 6: 685, 7: 794, 8: 821, 9: 883, 10: 230216}, {100: 2847}], [{1: 154, 2: 237, 3: 307, 4: 495, 5: 614, 6: 695, 7: 686, 8: 826, 9: 890, 10: 229233}, {100: 2847}], [{1: 133, 2: 232, 3: 318, 4: 434, 5: 546, 6: 616, 7: 728, 8: 783, 9: 905, 10: 229710}, {100: 2847}], [{1: 155, 2: 247, 3: 323, 4: 522, 5: 578, 6: 682, 7: 739, 8: 826, 9: 895, 10: 228969}, {100: 2847}], [{1: 160, 2: 229, 3: 298, 4: 436, 5: 560, 6: 608, 7: 668, 8: 803, 9: 924, 10: 230434}, {100: 2847}], [{1: 141, 2: 226, 3: 362, 4: 476, 5: 570, 6: 724, 7: 795, 8: 803, 9: 834, 10: 228437}, {100: 2847}], [{1: 146, 2: 254, 3: 326, 4: 450, 5: 543, 6: 655, 7: 810, 8: 805, 9: 909, 10: 229663}, {100: 2847}], [{1: 183, 2: 222, 3: 338, 4: 526, 5: 552, 6: 694, 7: 768, 8: 809, 9: 931, 10: 229148}, {100: 2847}], [{1: 146, 2: 253, 3: 339, 4: 477, 5: 591, 6: 663, 7: 751, 8: 774, 9: 890, 10: 228106}, {100: 2847}], [{1: 170, 2: 259, 3: 347, 4: 507, 5: 624, 6: 709, 7: 780, 8: 810, 9: 846, 10: 228158}, {100: 2847}], [{1: 156, 2: 245, 3: 377, 4: 441, 5: 600, 6: 684, 7: 719, 8: 819, 9: 917, 10: 229584}, {100: 2847}], [{1: 174, 2: 228, 3: 333, 4: 456, 5: 555, 6: 699, 7: 744, 8: 784, 9: 875, 10: 228573}, {100: 2847}], [{1: 150, 2: 210, 3: 324, 4: 436, 5: 563, 6: 693, 7: 753, 8: 821, 9: 908, 10: 228226}, {100: 2826}]]
 MM estimated memory/GB item 0: 0.04415157437324524 * 0.8641126163040692
 MM estimated memory/GB item 1: 0.8538302779197693 * 1.7780436160619417
 MM estimated memory/GB item 2: 1.2533624768257141 * 2.33352627375463
 MM estimated memory/GB item 3: 1.8203613460063934 * 2.550054469949508
 MM estimated memory/GB item 4: 2.137488842010498 * 2.76085462156518
 MM estimated memory/GB item 5: 2.3816294074058533 * 2.896849892704287
 MM estimated memory/GB item 6: 2.4646405577659607 * 3.2741578572027854
 MM estimated memory/GB item 7: 1.9147407710552216 * 7.173051925576674
 MM estimated memory/GB item 8: 1.9151583909988403 * 7.1937336180911835
 MM estimated memory/GB item 9: 1.9149387180805206 * 7.191263779604947
 MM estimated memory/GB item 10: 1.9143971800804138 * 7.198861310450153
 MM estimated memory/GB item 11: 1.9150076508522034 * 7.174769702516928
 MM estimated memory/GB item 12: 1.9153362214565277 * 7.160164325447797
 MM estimated memory/GB item 13: 1.9155521392822266 * 7.2011174950880985
 MM estimated memory/GB item 14: 1.915465772151947 * 7.13673931752124
 MM estimated memory/GB item 15: 1.9156277775764465 * 7.166403017817877
 MM estimated memory/GB item 16: 1.9154008626937866 * 7.214458041375351
 MM estimated memory/GB item 17: 1.9155365824699402 * 7.22837117997602
 MM estimated memory/GB item 18: 1.9156237542629242 * 7.318883496265759
 MM estimated memory/GB item 19: 1.9153804779052734 * 7.223593879928247
 MM estimated memory/GB item 20: 1.9147061705589294 * 7.199502271995022
 MM estimated memory/GB item 21: 1.915139615535736 * 7.181239141043161
 MM estimated memory/GB item 22: 1.9152742624282837 * 7.234310756958493
 MM estimated memory/GB item 23: 1.9152498543262482 * 7.226687587651491
 MM estimated memory/GB item 24: 1.9147984385490417 * 7.143268579124994
 MM estimated memory/GB item 25: 1.9154486060142517 * 7.171334148636419
 MM estimated memory/GB item 26: 1.915056735277176 * 7.215389572153896
 MM estimated memory/GB item 27: 1.9154314398765564 * 7.254479680237106
 MM estimated memory/GB item 28: 1.9152275919914246 * 7.22430321070457
 MM estimated memory/GB item 29: 1.915305107831955 * 7.186785594944779
 MM estimated memory/GB item 30: 1.9152922332286835 * 7.267529657290682
 MM estimated memory/GB item 31: 1.9151162803173065 * 7.234763703116868
 MM estimated memory/GB item 32: 1.9153627753257751 * 7.250386072503861
 MM estimated memory/GB item 33: 1.9155915677547455 * 7.2694269034635
 MM estimated memory/GB item 34: 1.9154850840568542 * 7.203954818193394
 MM estimated memory/GB item 35: 1.915078192949295 * 7.2189704106512425
 MM estimated memory/GB item 36: 1.9156720340251923 * 7.172180217875649
 MM estimated memory/GB item 37: 1.915439486503601 * 7.234635510807894
 MM estimated memory/GB item 38: 1.9150975048542023 * 7.198989502759126
 MM estimated memory/GB item 39: 1.9156545996665955 * 7.2570264341087265
 MM estimated memory/GB item 40: 1.9156709611415863 * 7.201724272017244
 MM estimated memory/GB item 41: 1.9156374335289001 * 7.179598279488291
 MM estimated memory/GB item 42: 1.9161073565483093 * 7.164958717803434
 MM estimated memory/GB item 43: 1.9156529903411865 * 7.223064018384487
 MM estimated memory/GB item 44: 1.9156363606452942 * 7.197109348894171
 MM estimated memory/GB item 45: 1.9008788466453552 * 7.211744265535702
mem estimated with fanout mem estimate * reduandant ratio
1-40 degree
0.03815193244560864
41-55 degree
1.5181474748556392
55-66 degree
2.9247542702109826
66-75 degree
4.642020587306907
75-83 degree
5.901295948008689
83-91 degree
6.89922289330502
91-99 degree
8.069622247390075
100 degree split 34 parts
[13.734534974797823, 13.777139301297778, 13.770829443495577, 13.781479792515764, 13.739738873422503, 13.714122084111011, 13.794116022938676, 13.67017988748298, 13.7281606862396, 13.818579156318473, 13.846209426915474, 14.020227080129569, 13.835930697930573, 13.7849314251419, 13.75307556764758, 13.855689199210676, 13.840912349510823, 13.67791952144497, 13.736321998268028, 13.81788039780202, 13.89545845947178, 13.836184842053632, 13.76488715889085, 13.91944310736796, 13.855413752087838, 13.887119590014343, 13.925252878684171, 13.799068000468955, 13.824892808984412, 13.739545066373092, 13.85750652786259, 13.786766834205597, 13.901956068402454]
