main start at this time 1683235139.846807
-----------------------------------------before load data 
 Nvidia-smi: 2.84765625 GB
    Memory Allocated: 0.0  GigaBytes
Max Memory Allocated: 0.0  GigaBytes

#nodes: 2449029
#edges: 123718024
#classes: 47
success----------------------------------------
196571
39255
2164782
# Nodes: 2400608
# Edges: 123718024
# Train: 196571
# Val: 39255
# Test: 2164782
# Classes: 47

----------------------------------------start of run function 
 Nvidia-smi: 2.84765625 GB
    Memory Allocated: 0.0  GigaBytes
Max Memory Allocated: 0.0  GigaBytes

173
221
374
456
445
550
655
512
576
640
624
583
615
695
673
614
556
604
584
572
586
592
648
645
183378
---||-----||-----||-----||-----||-----||-----||-----||-----||-----||-----||-----||-----||-----||-----||-----||-----||-----||-----||-----||--

25
25
[0.0008800891281012967, 0.001124275706996454, 0.0019026204272247686, 0.0023197724995039962, 0.002263813075173856, 0.0027979712165070126, 0.00333212935784017, 0.0026046568415483465, 0.0029302389467418897, 0.003255821051935433, 0.003174425525637047, 0.0029658494894974335, 0.0031286405420942053, 0.003535618173586134, 0.0034236993249258537, 0.0031235533217005562, 0.0028284945388689074, 0.003072681117764065, 0.0029709367098910825, 0.002909890065167293, 0.0029811111506783806, 0.0030116344730402754, 0.003296518815084626, 0.0032812571539036785, 0.9328843013465873]

























 the number of batches:  25
check_connections_block*********************************
num of batch  25
check_connections_block*********************************
{1: 181, 2: 3, 3: 6, 4: 3, 5: 5, 6: 2, 7: 3, 9: 3, 10: 101}
{1: 173}

{1: 11, 2: 248, 3: 13, 4: 12, 5: 11, 6: 9, 7: 4, 8: 4, 9: 7, 10: 256}
{2: 221}

{1: 12, 2: 20, 3: 408, 4: 19, 5: 22, 6: 17, 7: 13, 8: 5, 9: 7, 10: 566}
{3: 374}

{1: 7, 2: 17, 3: 30, 4: 499, 5: 39, 6: 33, 7: 32, 8: 17, 9: 13, 10: 939}
{4: 456}

{1: 9, 2: 27, 3: 28, 4: 52, 5: 491, 6: 37, 7: 29, 8: 32, 9: 19, 10: 1302}
{5: 445}

{1: 9, 2: 26, 3: 35, 4: 32, 5: 61, 6: 616, 7: 44, 8: 28, 9: 34, 10: 1890}
{6: 550}

{1: 7, 2: 28, 3: 41, 4: 51, 5: 53, 6: 55, 7: 717, 8: 47, 9: 53, 10: 2442}
{7: 655}

{1: 12, 2: 18, 3: 20, 4: 45, 5: 68, 6: 50, 7: 53, 8: 580, 9: 46, 10: 2785}
{8: 512}

{1: 9, 2: 16, 3: 28, 4: 37, 5: 43, 6: 50, 7: 54, 8: 56, 9: 628, 10: 3299}
{9: 576}

{1: 6, 2: 22, 3: 52, 4: 36, 5: 57, 6: 57, 7: 84, 8: 69, 9: 53, 10: 4690}
{10: 640}

{1: 18, 2: 23, 3: 39, 4: 46, 5: 59, 6: 70, 7: 76, 8: 89, 9: 97, 10: 5246}
{11: 624}

{1: 21, 2: 35, 3: 38, 4: 49, 5: 59, 6: 61, 7: 74, 8: 83, 9: 72, 10: 5148}
{12: 583}

{1: 12, 2: 12, 3: 35, 4: 51, 5: 63, 6: 59, 7: 93, 8: 75, 9: 95, 10: 6258}
{13: 615}

{1: 12, 2: 29, 3: 39, 4: 43, 5: 66, 6: 68, 7: 61, 8: 93, 9: 85, 10: 6974}
{14: 695}

{1: 13, 2: 22, 3: 28, 4: 46, 5: 87, 6: 84, 7: 83, 8: 88, 9: 96, 10: 7226}
{15: 673}

{1: 12, 2: 20, 3: 46, 4: 56, 5: 69, 6: 83, 7: 107, 8: 87, 9: 106, 10: 7442}
{16: 614}

{1: 17, 2: 29, 3: 39, 4: 63, 5: 60, 6: 79, 7: 85, 8: 108, 9: 88, 10: 7835}
{17: 556}

{1: 11, 2: 33, 3: 43, 4: 65, 5: 73, 6: 72, 7: 79, 8: 104, 9: 96, 10: 8253}
{18: 604}

{1: 15, 2: 31, 3: 33, 4: 63, 5: 87, 6: 94, 7: 99, 8: 120, 9: 109, 10: 8898}
{19: 584}

{1: 14, 2: 43, 3: 50, 4: 60, 5: 83, 6: 75, 7: 92, 8: 73, 9: 104, 10: 8689}
{20: 572}

{1: 13, 2: 31, 3: 40, 4: 51, 5: 83, 6: 78, 7: 100, 8: 107, 9: 111, 10: 9765}
{21: 586}

{1: 17, 2: 31, 3: 40, 4: 61, 5: 76, 6: 99, 7: 105, 8: 104, 9: 125, 10: 10796}
{22: 592}

{1: 21, 2: 25, 3: 66, 4: 58, 5: 86, 6: 84, 7: 83, 8: 113, 9: 102, 10: 11629}
{23: 648}

{1: 15, 2: 39, 3: 54, 4: 66, 5: 94, 6: 116, 7: 110, 8: 133, 9: 111, 10: 11759}
{24: 645}

{1: 2709, 2: 4376, 3: 5796, 4: 7894, 5: 9452, 6: 10556, 7: 11720, 8: 12212, 9: 12614, 10: 1103303}
{25: 183378}

data_dict
[[{1: 181, 2: 3, 3: 6, 4: 3, 5: 5, 6: 2, 7: 3, 9: 3, 10: 101}, {1: 173}], [{1: 11, 2: 248, 3: 13, 4: 12, 5: 11, 6: 9, 7: 4, 8: 4, 9: 7, 10: 256}, {2: 221}], [{1: 12, 2: 20, 3: 408, 4: 19, 5: 22, 6: 17, 7: 13, 8: 5, 9: 7, 10: 566}, {3: 374}], [{1: 7, 2: 17, 3: 30, 4: 499, 5: 39, 6: 33, 7: 32, 8: 17, 9: 13, 10: 939}, {4: 456}], [{1: 9, 2: 27, 3: 28, 4: 52, 5: 491, 6: 37, 7: 29, 8: 32, 9: 19, 10: 1302}, {5: 445}], [{1: 9, 2: 26, 3: 35, 4: 32, 5: 61, 6: 616, 7: 44, 8: 28, 9: 34, 10: 1890}, {6: 550}], [{1: 7, 2: 28, 3: 41, 4: 51, 5: 53, 6: 55, 7: 717, 8: 47, 9: 53, 10: 2442}, {7: 655}], [{1: 12, 2: 18, 3: 20, 4: 45, 5: 68, 6: 50, 7: 53, 8: 580, 9: 46, 10: 2785}, {8: 512}], [{1: 9, 2: 16, 3: 28, 4: 37, 5: 43, 6: 50, 7: 54, 8: 56, 9: 628, 10: 3299}, {9: 576}], [{1: 6, 2: 22, 3: 52, 4: 36, 5: 57, 6: 57, 7: 84, 8: 69, 9: 53, 10: 4690}, {10: 640}], [{1: 18, 2: 23, 3: 39, 4: 46, 5: 59, 6: 70, 7: 76, 8: 89, 9: 97, 10: 5246}, {11: 624}], [{1: 21, 2: 35, 3: 38, 4: 49, 5: 59, 6: 61, 7: 74, 8: 83, 9: 72, 10: 5148}, {12: 583}], [{1: 12, 2: 12, 3: 35, 4: 51, 5: 63, 6: 59, 7: 93, 8: 75, 9: 95, 10: 6258}, {13: 615}], [{1: 12, 2: 29, 3: 39, 4: 43, 5: 66, 6: 68, 7: 61, 8: 93, 9: 85, 10: 6974}, {14: 695}], [{1: 13, 2: 22, 3: 28, 4: 46, 5: 87, 6: 84, 7: 83, 8: 88, 9: 96, 10: 7226}, {15: 673}], [{1: 12, 2: 20, 3: 46, 4: 56, 5: 69, 6: 83, 7: 107, 8: 87, 9: 106, 10: 7442}, {16: 614}], [{1: 17, 2: 29, 3: 39, 4: 63, 5: 60, 6: 79, 7: 85, 8: 108, 9: 88, 10: 7835}, {17: 556}], [{1: 11, 2: 33, 3: 43, 4: 65, 5: 73, 6: 72, 7: 79, 8: 104, 9: 96, 10: 8253}, {18: 604}], [{1: 15, 2: 31, 3: 33, 4: 63, 5: 87, 6: 94, 7: 99, 8: 120, 9: 109, 10: 8898}, {19: 584}], [{1: 14, 2: 43, 3: 50, 4: 60, 5: 83, 6: 75, 7: 92, 8: 73, 9: 104, 10: 8689}, {20: 572}], [{1: 13, 2: 31, 3: 40, 4: 51, 5: 83, 6: 78, 7: 100, 8: 107, 9: 111, 10: 9765}, {21: 586}], [{1: 17, 2: 31, 3: 40, 4: 61, 5: 76, 6: 99, 7: 105, 8: 104, 9: 125, 10: 10796}, {22: 592}], [{1: 21, 2: 25, 3: 66, 4: 58, 5: 86, 6: 84, 7: 83, 8: 113, 9: 102, 10: 11629}, {23: 648}], [{1: 15, 2: 39, 3: 54, 4: 66, 5: 94, 6: 116, 7: 110, 8: 133, 9: 111, 10: 11759}, {24: 645}], [{1: 2709, 2: 4376, 3: 5796, 4: 7894, 5: 9452, 6: 10556, 7: 11720, 8: 12212, 9: 12614, 10: 1103303}, {25: 183378}]]
sum mem of all batches directly  32.43225163221359
modified 1-24 degree bucket batches mem estimated :
[0.00669314760970736, 0.015560251447553977, 0.007146352870902698, 0.010416167586472843, 0.01304782029911658, 0.01848199635666554, 0.025082257302479264, 0.02222012317547087, 0.02757468209253957, 0.034000601915352924, 0.036795775985752274, 0.03819030082324117, 0.041805735587101274, 0.05154903626325888, 0.05307727706745181, 0.05155842700290527, 0.050286390073847546, 0.05755523085318141, 0.05871886598327755, 0.061070429678642006, 0.06483182920004926, 0.06862119679388162, 0.07802745157533945, 0.0815114159841501]
sum of them
0.9738227635283412
the memory estimated for each bucket batch is shown below: 
degree 1 0.008793890476226807
degree 2 0.02044406533241272
degree 3 0.009389340877532959
degree 4 0.013685435056686401
degree 5 0.017143070697784424
degree 6 0.024282842874526978
degree 7 0.03295469284057617
degree 8 0.029194235801696777
degree 9 0.03622940182685852
degree 10 0.04467219114303589
degree 11 0.04834467172622681
degree 12 0.05017688870429993
degree 13 0.05492708086967468
degree 14 0.06772845983505249
degree 15 0.06973636150360107
degree 16 0.067740797996521
degree 17 0.06606951355934143
degree 18 0.07561978697776794
degree 19 0.07714864611625671
degree 20 0.08023828268051147
degree 21 0.08518025279045105
degree 22 0.09015896916389465
degree 23 0.1025175154209137
degree 24 0.10709497332572937
degree 25 31.152780264616013


the modified memory estimated for each bucket batch is shown below: 
degree 1 0.00669314760970736
degree 2 0.015560251447553977
degree 3 0.007146352870902698
degree 4 0.010416167586472843
degree 5 0.01304782029911658
degree 6 0.01848199635666554
degree 7 0.025082257302479264
degree 8 0.02222012317547087
degree 9 0.02757468209253957
degree 10 0.034000601915352924
degree 11 0.036795775985752274
degree 12 0.03819030082324117
degree 13 0.041805735587101274
degree 14 0.05154903626325888
degree 15 0.05307727706745181
degree 16 0.05155842700290527
degree 17 0.050286390073847546
degree 18 0.05755523085318141
degree 19 0.05871886598327755
degree 20 0.061070429678642006
degree 21 0.06483182920004926
degree 22 0.06862119679388162
degree 23 0.07802745157533945
degree 24 0.0815114159841501
degree 25 23.710797550587497


