main start at this time 1683236444.137655
-----------------------------------------before load data 
 Nvidia-smi: 2.84765625 GB
    Memory Allocated: 0.0  GigaBytes
Max Memory Allocated: 0.0  GigaBytes

#nodes: 2449029
#edges: 123718024
#classes: 47
success----------------------------------------
196571
39255
2164782
# Nodes: 2400608
# Edges: 123718024
# Train: 196571
# Val: 39255
# Test: 2164782
# Classes: 47

----------------------------------------start of run function 
 Nvidia-smi: 2.84765625 GB
    Memory Allocated: 0.0  GigaBytes
Max Memory Allocated: 0.0  GigaBytes

in feats:  100
layer  1
{1: 173, 2: 221, 3: 374, 4: 456, 5: 445, 6: 550, 7: 655, 8: 512, 9: 576, 10: 640, 11: 624, 12: 583, 13: 615, 14: 695, 15: 673, 16: 614, 17: 556, 18: 604, 19: 584, 20: 572, 21: 586, 22: 592, 23: 648, 24: 645, 25: 183378}

173
221
374
456
445
550
655
512
576
640
624
583
615
695
673
614
556
604
584
572
586
592
648
645
183378
---||-----||-----||-----||-----||-----||-----||-----||-----||-----||-----||-----||-----||-----||-----||-----||-----||-----||-----||-----||--

25
25
[0.0008800891281012967, 0.001124275706996454, 0.0019026204272247686, 0.0023197724995039962, 0.002263813075173856, 0.0027979712165070126, 0.00333212935784017, 0.0026046568415483465, 0.0029302389467418897, 0.003255821051935433, 0.003174425525637047, 0.0029658494894974335, 0.0031286405420942053, 0.003535618173586134, 0.0034236993249258537, 0.0031235533217005562, 0.0028284945388689074, 0.003072681117764065, 0.0029709367098910825, 0.002909890065167293, 0.0029811111506783806, 0.0030116344730402754, 0.003296518815084626, 0.0032812571539036785, 0.9328843013465873]

























 the number of batches:  25
check_connections_block*********************************
num of batch  25
check_connections_block*********************************
layer  0
{1: 181, 2: 3, 3: 6, 4: 3, 5: 5, 6: 2, 7: 3, 9: 3, 10: 101}
layer  1
{1: 173}

layer  0
{1: 11, 2: 248, 3: 13, 4: 12, 5: 11, 6: 9, 7: 4, 8: 4, 9: 7, 10: 256}
layer  1
{2: 221}

layer  0
{1: 12, 2: 20, 3: 408, 4: 19, 5: 22, 6: 17, 7: 13, 8: 5, 9: 7, 10: 566}
layer  1
{3: 374}

layer  0
{1: 7, 2: 17, 3: 30, 4: 499, 5: 39, 6: 33, 7: 32, 8: 17, 9: 13, 10: 939}
layer  1
{4: 456}

layer  0
{1: 9, 2: 27, 3: 28, 4: 52, 5: 491, 6: 37, 7: 29, 8: 32, 9: 19, 10: 1302}
layer  1
{5: 445}

layer  0
{1: 9, 2: 26, 3: 35, 4: 32, 5: 61, 6: 616, 7: 44, 8: 28, 9: 34, 10: 1890}
layer  1
{6: 550}

layer  0
{1: 7, 2: 28, 3: 41, 4: 51, 5: 53, 6: 55, 7: 717, 8: 47, 9: 53, 10: 2442}
layer  1
{7: 655}

layer  0
{1: 12, 2: 18, 3: 20, 4: 45, 5: 68, 6: 50, 7: 53, 8: 580, 9: 46, 10: 2785}
layer  1
{8: 512}

layer  0
{1: 9, 2: 16, 3: 28, 4: 37, 5: 43, 6: 50, 7: 54, 8: 56, 9: 628, 10: 3299}
layer  1
{9: 576}

layer  0
{1: 6, 2: 22, 3: 52, 4: 36, 5: 57, 6: 57, 7: 84, 8: 69, 9: 53, 10: 4690}
layer  1
{10: 640}

layer  0
{1: 18, 2: 23, 3: 39, 4: 46, 5: 59, 6: 70, 7: 76, 8: 89, 9: 97, 10: 5246}
layer  1
{11: 624}

layer  0
{1: 21, 2: 35, 3: 38, 4: 49, 5: 59, 6: 61, 7: 74, 8: 83, 9: 72, 10: 5148}
layer  1
{12: 583}

layer  0
{1: 12, 2: 12, 3: 35, 4: 51, 5: 63, 6: 59, 7: 93, 8: 75, 9: 95, 10: 6258}
layer  1
{13: 615}

layer  0
{1: 12, 2: 29, 3: 39, 4: 43, 5: 66, 6: 68, 7: 61, 8: 93, 9: 85, 10: 6974}
layer  1
{14: 695}

layer  0
{1: 13, 2: 22, 3: 28, 4: 46, 5: 87, 6: 84, 7: 83, 8: 88, 9: 96, 10: 7226}
layer  1
{15: 673}

layer  0
{1: 12, 2: 20, 3: 46, 4: 56, 5: 69, 6: 83, 7: 107, 8: 87, 9: 106, 10: 7442}
layer  1
{16: 614}

layer  0
{1: 17, 2: 29, 3: 39, 4: 63, 5: 60, 6: 79, 7: 85, 8: 108, 9: 88, 10: 7835}
layer  1
{17: 556}

layer  0
{1: 11, 2: 33, 3: 43, 4: 65, 5: 73, 6: 72, 7: 79, 8: 104, 9: 96, 10: 8253}
layer  1
{18: 604}

layer  0
{1: 15, 2: 31, 3: 33, 4: 63, 5: 87, 6: 94, 7: 99, 8: 120, 9: 109, 10: 8898}
layer  1
{19: 584}

layer  0
{1: 14, 2: 43, 3: 50, 4: 60, 5: 83, 6: 75, 7: 92, 8: 73, 9: 104, 10: 8689}
layer  1
{20: 572}

layer  0
{1: 13, 2: 31, 3: 40, 4: 51, 5: 83, 6: 78, 7: 100, 8: 107, 9: 111, 10: 9765}
layer  1
{21: 586}

layer  0
{1: 17, 2: 31, 3: 40, 4: 61, 5: 76, 6: 99, 7: 105, 8: 104, 9: 125, 10: 10796}
layer  1
{22: 592}

layer  0
{1: 21, 2: 25, 3: 66, 4: 58, 5: 86, 6: 84, 7: 83, 8: 113, 9: 102, 10: 11629}
layer  1
{23: 648}

layer  0
{1: 15, 2: 39, 3: 54, 4: 66, 5: 94, 6: 116, 7: 110, 8: 133, 9: 111, 10: 11759}
layer  1
{24: 645}

layer  0
{1: 2709, 2: 4376, 3: 5796, 4: 7894, 5: 9452, 6: 10556, 7: 11720, 8: 12212, 9: 12614, 10: 1103303}
layer  1
{25: 183378}

degree	 	1 	 modified redundancy 	7.976878612716763
degree	 	2 	 modified redundancy 	7.248868778280543
degree	 	3 	 modified redundancy 	5.85204991087344
degree	 	4 	 modified redundancy 	5.722039473684211
degree	 	5 	 modified redundancy 	6.154157303370786
degree	 	6 	 modified redundancy 	5.834545454545455
degree	 	7 	 modified redundancy 	5.287677208287896
degree	 	8 	 modified redundancy 	6.475830078125
degree	 	9 	 modified redundancy 	6.010030864197531
degree	 	10 	 modified redundancy 	5.838125
degree	 	11 	 modified redundancy 	6.01923076923077
degree	 	12 	 modified redundancy 	5.901943967981704
degree	 	13 	 modified redundancy 	6.146466541588493
degree	 	14 	 modified redundancy 	5.490133607399794
degree	 	15 	 modified redundancy 	5.587518573551263
degree	 	16 	 modified redundancy 	5.859324104234528
degree	 	17 	 modified redundancy 	6.388806601777402
degree	 	18 	 modified redundancy 	5.797001471670345
degree	 	19 	 modified redundancy 	6.045331651045422
degree	 	20 	 modified redundancy 	5.7749125874125875
degree	 	21 	 modified redundancy 	5.94677393141557
degree	 	22 	 modified redundancy 	6.1750614250614255
degree	 	23 	 modified redundancy 	5.81568706387547
degree	 	24 	 modified redundancy 	5.67984496124031
degree	 	25 	 modified redundancy 	0.395462923578619
len(input_nodes)/len(seeds) 
7.976878612716763
14.497737556561086
17.55614973262032
22.888157894736842
30.77078651685393
35.00727272727273
37.01374045801527
51.806640625
54.09027777777778
58.38125
66.21153846153847
70.82332761578044
79.90406504065041
76.86187050359712
83.81277860326894
93.74918566775244
108.60971223021583
104.34602649006622
114.86130136986301
115.49825174825175
124.88225255972696
135.85135135135135
133.7608024691358
136.31627906976743
9.886573089465475

len(input_nodes)/len(seeds)/[(step+1)*0.441] 
18.088160119539143
16.437344168436606
13.269954446425034
12.975146198830409
13.955005223063006
13.230261801690373
11.990197751219718
14.684421945861677
13.628187900674673
13.238378684807255
13.64904936333508
13.383092897917695
13.937565853942163
12.449282556462117
12.670110144107172
13.28644921595131
14.487089799948757
13.145128053674252
13.708235036384178
13.095039880754166
13.484748143799479
14.002406859549717
13.187499011055488
12.879467032290952
0.8967413233075261

len(input_nodes)/len(seeds)/(step+1)*0.441 
3.5178034682080925
3.1967511312217196
2.580754010695187
2.5234194078947367
2.7139833707865164
2.573034545454546
2.331865648854962
2.855841064453125
2.650423611111111
2.574613125
2.6544807692307697
2.6027572898799316
2.7105917448405257
2.4211489208633092
2.464095690936107
2.5839619299674266
2.817463711383834
2.5564776490066223
2.665991258111031
2.546736451048951
2.6225273037542665
2.723202088452089
2.564717995169082
2.5048116279069768
0.174399149298171

len(input_nodes)/len(seeds)/(step+1) 
7.976878612716763
7.248868778280543
5.85204991087344
5.722039473684211
6.154157303370786
5.834545454545455
5.287677208287896
6.475830078125
6.010030864197531
5.838125
6.01923076923077
5.901943967981704
6.146466541588493
5.490133607399794
5.587518573551263
5.859324104234528
6.388806601777402
5.797001471670345
6.045331651045422
5.7749125874125875
5.94677393141557
6.1750614250614255
5.81568706387547
5.67984496124031
0.395462923578619

_+_+_+_+_+_+_+_+_+_+_+_+_+_+_+_+_+_+_+_+_+_+_+_+_+_+_+_+_+_+_+_+_+_+_+_+_+_+_+_+_+_+_+_+_+_+_+_+_+_+_+_+_+_+_+_+_+_+_+_+
len(input_nodes)/len(seeds)/(step+1)*(25*0.441)/50.5
1.7414868654495508
1.5825500649612474
1.277600995393657
1.249217528660761
1.3435561241517409
1.2737794779477947
1.1543889350767138
1.4137827051748144
1.312090896589659
1.274560952970297
1.3140993907083016
1.2884937078613523
1.3418771014062008
1.1985885746848064
1.2198493519485678
1.2791890742413004
1.3947840155365516
1.2655829945577337
1.3197976525302135
1.260760619331164
1.2982808434427062
1.3481198457683607
1.2696623738460804
1.2400057563895923
0.08633621252384703
_+_+_+_+_+_+_+_+_+_+_+_+_+_+_+_+_+_+_+_+_+_+_+_+_+_+_+_+_+_+_+_+_+_+_+_+_+_+_+_+_+_+_+_+_+_+_+_+_+_+_+_+_+_+_+_+_+_+_+_+

