main start at this time 1684128629.0639703
-----------------------------------------before load data 
 Nvidia-smi: 0.166015625 GB
    Memory Allocated: 0.0  GigaBytes
Max Memory Allocated: 0.0  GigaBytes

#nodes: 2449029
#edges: 123718024
#classes: 47
success----------------------------------------
196571
39255
2164782
# Nodes: 2400608
# Edges: 123718024
# Train: 196571
# Val: 39255
# Test: 2164782
# Classes: 47

----------------------------------------start of run function 
 Nvidia-smi: 0.166015625 GB
    Memory Allocated: 0.0  GigaBytes
Max Memory Allocated: 0.0  GigaBytes

len(bkt)  173
len(bkt)  221
len(bkt)  374
len(bkt)  456
len(bkt)  445
len(bkt)  550
len(bkt)  655
len(bkt)  512
len(bkt)  576
len(bkt)  640
len(bkt)  624
len(bkt)  583
len(bkt)  615
len(bkt)  695
len(bkt)  673
len(bkt)  614
len(bkt)  556
len(bkt)  604
len(bkt)  584
len(bkt)  572
len(bkt)  586
len(bkt)  592
len(bkt)  648
len(bkt)  645
len(bkt)  671
len(bkt)  659
len(bkt)  646
len(bkt)  768
len(bkt)  643
len(bkt)  689
len(bkt)  691
len(bkt)  727
len(bkt)  793
len(bkt)  677
len(bkt)  754
len(bkt)  741
len(bkt)  791
len(bkt)  775
len(bkt)  816
len(bkt)  852
len(bkt)  861
len(bkt)  813
len(bkt)  933
len(bkt)  806
len(bkt)  884
len(bkt)  807
len(bkt)  927
len(bkt)  958
len(bkt)  879
len(bkt)  163817
---||-----||-----||-----||-----||-----||-----||-----||-----||-----||-----||-----||-----||-----||-----||-----||-----||-----||-----||-----||--

__ 
50
group 1 start =========================

group 2 start=========================
28
length  196571
group1  24886
group2  7868
[0.12660056671635186, 0.040026250057231226, 0.032054575700383066, 0.032054575700383066, 0.032054575700383066, 0.032054575700383066, 0.032054575700383066, 0.032054575700383066, 0.032054575700383066, 0.032054575700383066, 0.032054575700383066, 0.032054575700383066, 0.032054575700383066, 0.032054575700383066, 0.032054575700383066, 0.032054575700383066, 0.032054575700383066, 0.032054575700383066, 0.032054575700383066, 0.032054575700383066, 0.032054575700383066, 0.032054575700383066, 0.032054575700383066, 0.032054575700383066, 0.032054575700383066, 0.032054575700383066, 0.032054575700383066, 0.03200879071684023]
 the number of batches:  28
check_connections_block*********************************
num of batch  28
check_connections_block*********************************
redundancy ratio #input/#seeds/degree/cluster_coeff
1.7281939463906753
4.728179190215193
7.092467074511404
7.071877904522937
7.084968168262791
7.074434174315203
7.068927768388057
7.091609836001005
7.108793220556271
7.135413951595371
7.127266324311864
7.100707376228468
7.108569257341843
7.079492653813495
7.062224317694136
7.129297438980642
7.1010162910069905
7.109588676110965
7.094853441175483
7.1429360264523725
7.08643551346077
7.12466371730282
7.117535508788432
7.144187131305387
7.117906206522659
7.0490104880428754
7.107526669964332
7.093323619534636
layer  0
layer  1

layer  0
layer  1

layer  0
layer  1

layer  0
layer  1

layer  0
layer  1

layer  0
layer  1

layer  0
layer  1

layer  0
layer  1

layer  0
layer  1

layer  0
layer  1

layer  0
layer  1

layer  0
layer  1

layer  0
layer  1

layer  0
layer  1

layer  0
layer  1

layer  0
layer  1

layer  0
layer  1

layer  0
layer  1

layer  0
layer  1

layer  0
layer  1

layer  0
layer  1

layer  0
layer  1

layer  0
layer  1

layer  0
layer  1

layer  0
layer  1

layer  0
layer  1

layer  0
layer  1

layer  0
layer  1

data_dict
[[{1: 860, 2: 1431, 3: 2009, 4: 2607, 5: 3090, 6: 3332, 7: 3830, 8: 3735, 9: 3807, 10: 244155}, {1: 173, 2: 221, 3: 374, 4: 456, 5: 445, 6: 550, 7: 655, 8: 512, 9: 576, 10: 640, 11: 624, 12: 583, 13: 615, 14: 695, 15: 673, 16: 614, 17: 556, 18: 604, 19: 584, 20: 572, 21: 586, 22: 592, 23: 648, 24: 645, 25: 671, 26: 659, 27: 646, 28: 768, 29: 643, 30: 689, 31: 691, 32: 727, 33: 793, 34: 677, 35: 754, 36: 741, 37: 791, 38: 775, 39: 816, 40: 852}], [{1: 284, 2: 487, 3: 653, 4: 868, 5: 1085, 6: 1269, 7: 1382, 8: 1423, 9: 1570, 10: 193635}, {41: 861, 42: 813, 43: 933, 44: 806, 45: 884, 46: 807, 47: 927, 48: 958, 49: 879}], [{1: 175, 2: 263, 3: 354, 4: 528, 5: 623, 6: 763, 7: 824, 8: 936, 9: 964, 10: 244551}, {50: 6301}], [{1: 151, 2: 295, 3: 394, 4: 525, 5: 684, 6: 789, 7: 877, 8: 944, 9: 932, 10: 243411}, {50: 6301}], [{1: 179, 2: 269, 3: 359, 4: 544, 5: 695, 6: 729, 7: 881, 8: 997, 9: 967, 10: 244545}, {50: 6301}], [{1: 172, 2: 277, 3: 400, 4: 549, 5: 619, 6: 745, 7: 911, 8: 1031, 9: 1030, 10: 243776}, {50: 6301}], [{1: 196, 2: 300, 3: 380, 4: 554, 5: 690, 6: 805, 7: 941, 8: 938, 9: 1003, 10: 243861}, {50: 6301}], [{1: 183, 2: 298, 3: 431, 4: 535, 5: 656, 6: 809, 7: 851, 8: 925, 9: 1018, 10: 244177}, {50: 6301}], [{1: 183, 2: 296, 3: 415, 4: 541, 5: 662, 6: 873, 7: 832, 8: 973, 9: 1036, 10: 244247}, {50: 6301}], [{1: 188, 2: 278, 3: 439, 4: 570, 5: 690, 6: 788, 7: 894, 8: 917, 9: 1022, 10: 244708}, {50: 6301}], [{1: 182, 2: 305, 3: 394, 4: 509, 5: 644, 6: 765, 7: 894, 8: 923, 9: 993, 10: 244629}, {50: 6301}], [{1: 173, 2: 299, 3: 438, 4: 573, 5: 679, 6: 781, 7: 923, 8: 962, 9: 1003, 10: 243920}, {50: 6301}], [{1: 192, 2: 307, 3: 381, 4: 576, 5: 741, 6: 855, 7: 968, 8: 982, 9: 992, 10: 244773}, {50: 6301}], [{1: 182, 2: 259, 3: 399, 4: 521, 5: 681, 6: 834, 7: 901, 8: 949, 9: 987, 10: 244103}, {50: 6301}], [{1: 159, 2: 306, 3: 412, 4: 510, 5: 652, 6: 817, 7: 883, 8: 937, 9: 1013, 10: 243316}, {50: 6301}], [{1: 175, 2: 236, 3: 373, 4: 539, 5: 679, 6: 768, 7: 891, 8: 980, 9: 997, 10: 244887}, {50: 6301}], [{1: 171, 2: 303, 3: 382, 4: 558, 5: 674, 6: 758, 7: 785, 8: 926, 9: 972, 10: 244383}, {50: 6301}], [{1: 187, 2: 279, 3: 365, 4: 539, 5: 647, 6: 734, 7: 874, 8: 947, 9: 1045, 10: 244409}, {50: 6301}], [{1: 193, 2: 298, 3: 400, 4: 512, 5: 696, 6: 820, 7: 932, 8: 949, 9: 1022, 10: 243453}, {50: 6301}], [{1: 197, 2: 273, 3: 418, 4: 587, 5: 720, 6: 804, 7: 885, 8: 1005, 9: 1005, 10: 244432}, {50: 6301}], [{1: 173, 2: 265, 3: 373, 4: 521, 5: 720, 6: 804, 7: 849, 8: 932, 9: 1010, 10: 244732}, {50: 6301}], [{1: 190, 2: 287, 3: 386, 4: 569, 5: 678, 6: 802, 7: 840, 8: 936, 9: 1055, 10: 244807}, {50: 6301}], [{1: 173, 2: 287, 3: 386, 4: 552, 5: 690, 6: 781, 7: 877, 8: 927, 9: 1029, 10: 244390}, {50: 6301}], [{1: 191, 2: 296, 3: 396, 4: 549, 5: 680, 6: 763, 7: 902, 8: 1028, 9: 963, 10: 244899}, {50: 6301}], [{1: 190, 2: 311, 3: 395, 4: 637, 5: 663, 6: 832, 7: 950, 8: 967, 9: 1002, 10: 244246}, {50: 6301}], [{1: 186, 2: 317, 3: 440, 4: 570, 5: 699, 6: 823, 7: 929, 8: 929, 9: 1021, 10: 243108}, {50: 6301}], [{1: 169, 2: 317, 3: 439, 4: 553, 5: 709, 6: 785, 7: 852, 8: 909, 9: 1003, 10: 243424}, {50: 6301}], [{1: 163, 2: 251, 3: 387, 4: 503, 5: 684, 6: 803, 7: 945, 8: 987, 9: 1045, 10: 243699}, {50: 6292}]]
 MM estimated memory/GB item 0: 0.04415157437324524 * 1.7281939463906753
 MM estimated memory/GB item 1: 0.8454819023609161 * 4.728179190215193
 MM estimated memory/GB item 2: 2.1197650730609894 * 7.092467074511404
 MM estimated memory/GB item 3: 2.119947463274002 * 7.071877904522937
 MM estimated memory/GB item 4: 2.119929224252701 * 7.084968168262791
 MM estimated memory/GB item 5: 2.119959533214569 * 7.074434174315203
 MM estimated memory/GB item 6: 2.1207212805747986 * 7.068927768388057
 MM estimated memory/GB item 7: 2.1204881966114044 * 7.091609836001005
 MM estimated memory/GB item 8: 2.120453864336014 * 7.108793220556271
 MM estimated memory/GB item 9: 2.1202213168144226 * 7.135413951595371
 MM estimated memory/GB item 10: 2.1205930709838867 * 7.127266324311864
 MM estimated memory/GB item 11: 2.120352476835251 * 7.100707376228468
 MM estimated memory/GB item 12: 2.120780289173126 * 7.108569257341843
 MM estimated memory/GB item 13: 2.1198034286499023 * 7.079492653813495
 MM estimated memory/GB item 14: 2.1202585995197296 * 7.062224317694136
 MM estimated memory/GB item 15: 2.119301587343216 * 7.129297438980642
 MM estimated memory/GB item 16: 2.1203905642032623 * 7.1010162910069905
 MM estimated memory/GB item 17: 2.120223194360733 * 7.109588676110965
 MM estimated memory/GB item 18: 2.1206410825252533 * 7.094853441175483
 MM estimated memory/GB item 19: 2.12027308344841 * 7.1429360264523725
 MM estimated memory/GB item 20: 2.1197688281536102 * 7.08643551346077
 MM estimated memory/GB item 21: 2.12040638923645 * 7.12466371730282
 MM estimated memory/GB item 22: 2.120146483182907 * 7.117535508788432
 MM estimated memory/GB item 23: 2.120576173067093 * 7.144187131305387
 MM estimated memory/GB item 24: 2.1208183765411377 * 7.117906206522659
 MM estimated memory/GB item 25: 2.12086021900177 * 7.0490104880428754
 MM estimated memory/GB item 26: 2.120600312948227 * 7.107526669964332
 MM estimated memory/GB item 27: 2.116358131170273 * 7.093323619534636
mem estimated with fanout mem estimate * reduandant ratio
1-40, 41-49 degree
[0.0763024835554601, 3.9975899364464373]
50 degree split 26 parts
[15.034363986384328, 14.992009624276866, 15.019631072800417, 14.997514169938453, 14.991225549266673, 15.03767495221347, 15.073868055294202, 15.128656764467541, 15.114031582392535, 15.056002472468368, 15.075713565192629, 15.007132800655643, 14.973741841328348, 15.109131379073599, 15.05692793970487, 15.073914813454886, 15.045637681852396, 15.144974993680906, 15.021605104154863, 15.107182467330016, 15.090217877887257, 15.149793006578749, 15.095786285289474, 14.949965927416386, 15.072223280614232]
[
15.034363986384328, 
14.992009624276866, 
15.019631072800417, 
14.997514169938453, 
14.991225549266673, 
15.03767495221347, 
15.073868055294202, 
15.128656764467541, 
15.114031582392535, 
15.056002472468368, 
15.075713565192629, 
15.007132800655643, 
14.973741841328348, 
15.109131379073599, 
15.05692793970487, 
15.073914813454886, 
15.045637681852396, 
15.144974993680906, 
15.021605104154863, 
15.107182467330016, 
15.090217877887257, 
15.149793006578749, 
15.095786285289474, 
14.949965927416386, 
15.072223280614232]
