main start at this time 1684114018.2196841
-----------------------------------------before load data 
 Nvidia-smi: 0.166015625 GB
    Memory Allocated: 0.0  GigaBytes
Max Memory Allocated: 0.0  GigaBytes

#nodes: 2449029
#edges: 123718024
#classes: 47
success----------------------------------------
196571
39255
2164782
# Nodes: 2400608
# Edges: 123718024
# Train: 196571
# Val: 39255
# Test: 2164782
# Classes: 47

----------------------------------------start of run function 
 Nvidia-smi: 0.166015625 GB
    Memory Allocated: 0.0  GigaBytes
Max Memory Allocated: 0.0  GigaBytes

len(bkt)  173
len(bkt)  221
len(bkt)  374
len(bkt)  456
len(bkt)  445
len(bkt)  550
len(bkt)  655
len(bkt)  512
len(bkt)  576
len(bkt)  640
len(bkt)  624
len(bkt)  583
len(bkt)  615
len(bkt)  695
len(bkt)  673
len(bkt)  614
len(bkt)  556
len(bkt)  604
len(bkt)  584
len(bkt)  572
len(bkt)  586
len(bkt)  592
len(bkt)  648
len(bkt)  645
len(bkt)  671
len(bkt)  659
len(bkt)  646
len(bkt)  768
len(bkt)  643
len(bkt)  689
len(bkt)  691
len(bkt)  727
len(bkt)  793
len(bkt)  677
len(bkt)  754
len(bkt)  741
len(bkt)  791
len(bkt)  775
len(bkt)  816
len(bkt)  852
len(bkt)  861
len(bkt)  813
len(bkt)  933
len(bkt)  806
len(bkt)  884
len(bkt)  807
len(bkt)  927
len(bkt)  958
len(bkt)  879
len(bkt)  163817
---||-----||-----||-----||-----||-----||-----||-----||-----||-----||-----||-----||-----||-----||-----||-----||-----||-----||-----||-----||--

__ 
50
group 1 start =========================

group 2 start=========================
28
length  196571
group1  24886
group2  7868
[0.12660056671635186, 0.040026250057231226, 0.032054575700383066, 0.032054575700383066, 0.032054575700383066, 0.032054575700383066, 0.032054575700383066, 0.032054575700383066, 0.032054575700383066, 0.032054575700383066, 0.032054575700383066, 0.032054575700383066, 0.032054575700383066, 0.032054575700383066, 0.032054575700383066, 0.032054575700383066, 0.032054575700383066, 0.032054575700383066, 0.032054575700383066, 0.032054575700383066, 0.032054575700383066, 0.032054575700383066, 0.032054575700383066, 0.032054575700383066, 0.032054575700383066, 0.032054575700383066, 0.032054575700383066, 0.03200879071684023]
 the number of batches:  28
check_connections_block*********************************
num of batch  28
check_connections_block*********************************
redundancy ratio #input/#seeds/degree
0.7102877119665675
1.9432816471784442
2.915003967624187
2.906541818758927
2.911921917156007
2.9075924456435485
2.905329312807491
2.914651642596413
2.9217140136486273
2.9326551341056972
2.929306459292176
2.9183907316299003
2.9216219647674975
2.9096714807173463
2.90257419457229
2.930141247421044
2.9185176956038728
2.9220409458816063
2.9159847643231234
2.935746706871925
2.912524996032376
2.928236787811459
2.9253070941120454
2.9362609109665136
2.9254594508808127
2.8971433105856215
2.9211934613553403
2.915356007628735
layer  0
layer  1

layer  0
layer  1

layer  0
layer  1

layer  0
layer  1

layer  0
layer  1

layer  0
layer  1

layer  0
layer  1

layer  0
layer  1

layer  0
layer  1

layer  0
layer  1

layer  0
layer  1

layer  0
layer  1

layer  0
layer  1

layer  0
layer  1

layer  0
layer  1

layer  0
layer  1

layer  0
layer  1

layer  0
layer  1

layer  0
layer  1

layer  0
layer  1

layer  0
layer  1

layer  0
layer  1

layer  0
layer  1

layer  0
layer  1

layer  0
layer  1

layer  0
layer  1

layer  0
layer  1

layer  0
layer  1

data_dict
[[{1: 860, 2: 1431, 3: 2009, 4: 2607, 5: 3090, 6: 3332, 7: 3830, 8: 3735, 9: 3807, 10: 244155}, {1: 173, 2: 221, 3: 374, 4: 456, 5: 445, 6: 550, 7: 655, 8: 512, 9: 576, 10: 640, 11: 624, 12: 583, 13: 615, 14: 695, 15: 673, 16: 614, 17: 556, 18: 604, 19: 584, 20: 572, 21: 586, 22: 592, 23: 648, 24: 645, 25: 671, 26: 659, 27: 646, 28: 768, 29: 643, 30: 689, 31: 691, 32: 727, 33: 793, 34: 677, 35: 754, 36: 741, 37: 791, 38: 775, 39: 816, 40: 852}], [{1: 284, 2: 487, 3: 653, 4: 868, 5: 1085, 6: 1269, 7: 1382, 8: 1423, 9: 1570, 10: 193635}, {41: 861, 42: 813, 43: 933, 44: 806, 45: 884, 46: 807, 47: 927, 48: 958, 49: 879}], [{1: 175, 2: 263, 3: 354, 4: 528, 5: 623, 6: 763, 7: 824, 8: 936, 9: 964, 10: 244551}, {50: 6301}], [{1: 151, 2: 295, 3: 394, 4: 525, 5: 684, 6: 789, 7: 877, 8: 944, 9: 932, 10: 243411}, {50: 6301}], [{1: 179, 2: 269, 3: 359, 4: 544, 5: 695, 6: 729, 7: 881, 8: 997, 9: 967, 10: 244545}, {50: 6301}], [{1: 172, 2: 277, 3: 400, 4: 549, 5: 619, 6: 745, 7: 911, 8: 1031, 9: 1030, 10: 243776}, {50: 6301}], [{1: 196, 2: 300, 3: 380, 4: 554, 5: 690, 6: 805, 7: 941, 8: 938, 9: 1003, 10: 243861}, {50: 6301}], [{1: 183, 2: 298, 3: 431, 4: 535, 5: 656, 6: 809, 7: 851, 8: 925, 9: 1018, 10: 244177}, {50: 6301}], [{1: 183, 2: 296, 3: 415, 4: 541, 5: 662, 6: 873, 7: 832, 8: 973, 9: 1036, 10: 244247}, {50: 6301}], [{1: 188, 2: 278, 3: 439, 4: 570, 5: 690, 6: 788, 7: 894, 8: 917, 9: 1022, 10: 244708}, {50: 6301}], [{1: 182, 2: 305, 3: 394, 4: 509, 5: 644, 6: 765, 7: 894, 8: 923, 9: 993, 10: 244629}, {50: 6301}], [{1: 173, 2: 299, 3: 438, 4: 573, 5: 679, 6: 781, 7: 923, 8: 962, 9: 1003, 10: 243920}, {50: 6301}], [{1: 192, 2: 307, 3: 381, 4: 576, 5: 741, 6: 855, 7: 968, 8: 982, 9: 992, 10: 244773}, {50: 6301}], [{1: 182, 2: 259, 3: 399, 4: 521, 5: 681, 6: 834, 7: 901, 8: 949, 9: 987, 10: 244103}, {50: 6301}], [{1: 159, 2: 306, 3: 412, 4: 510, 5: 652, 6: 817, 7: 883, 8: 937, 9: 1013, 10: 243316}, {50: 6301}], [{1: 175, 2: 236, 3: 373, 4: 539, 5: 679, 6: 768, 7: 891, 8: 980, 9: 997, 10: 244887}, {50: 6301}], [{1: 171, 2: 303, 3: 382, 4: 558, 5: 674, 6: 758, 7: 785, 8: 926, 9: 972, 10: 244383}, {50: 6301}], [{1: 187, 2: 279, 3: 365, 4: 539, 5: 647, 6: 734, 7: 874, 8: 947, 9: 1045, 10: 244409}, {50: 6301}], [{1: 193, 2: 298, 3: 400, 4: 512, 5: 696, 6: 820, 7: 932, 8: 949, 9: 1022, 10: 243453}, {50: 6301}], [{1: 197, 2: 273, 3: 418, 4: 587, 5: 720, 6: 804, 7: 885, 8: 1005, 9: 1005, 10: 244432}, {50: 6301}], [{1: 173, 2: 265, 3: 373, 4: 521, 5: 720, 6: 804, 7: 849, 8: 932, 9: 1010, 10: 244732}, {50: 6301}], [{1: 190, 2: 287, 3: 386, 4: 569, 5: 678, 6: 802, 7: 840, 8: 936, 9: 1055, 10: 244807}, {50: 6301}], [{1: 173, 2: 287, 3: 386, 4: 552, 5: 690, 6: 781, 7: 877, 8: 927, 9: 1029, 10: 244390}, {50: 6301}], [{1: 191, 2: 296, 3: 396, 4: 549, 5: 680, 6: 763, 7: 902, 8: 1028, 9: 963, 10: 244899}, {50: 6301}], [{1: 190, 2: 311, 3: 395, 4: 637, 5: 663, 6: 832, 7: 950, 8: 967, 9: 1002, 10: 244246}, {50: 6301}], [{1: 186, 2: 317, 3: 440, 4: 570, 5: 699, 6: 823, 7: 929, 8: 929, 9: 1021, 10: 243108}, {50: 6301}], [{1: 169, 2: 317, 3: 439, 4: 553, 5: 709, 6: 785, 7: 852, 8: 909, 9: 1003, 10: 243424}, {50: 6301}], [{1: 163, 2: 251, 3: 387, 4: 503, 5: 684, 6: 803, 7: 945, 8: 987, 9: 1045, 10: 243699}, {50: 6292}]]
 MM estimated memory/GB item 0: 0.04415157437324524 * 0.7102877119665675
 MM estimated memory/GB item 1: 0.8454819023609161 * 1.9432816471784442
 MM estimated memory/GB item 2: 2.1197650730609894 * 2.915003967624187
 MM estimated memory/GB item 3: 2.119947463274002 * 2.906541818758927
 MM estimated memory/GB item 4: 2.119929224252701 * 2.911921917156007
 MM estimated memory/GB item 5: 2.119959533214569 * 2.9075924456435485
 MM estimated memory/GB item 6: 2.1207212805747986 * 2.905329312807491
 MM estimated memory/GB item 7: 2.1204881966114044 * 2.914651642596413
 MM estimated memory/GB item 8: 2.120453864336014 * 2.9217140136486273
 MM estimated memory/GB item 9: 2.1202213168144226 * 2.9326551341056972
 MM estimated memory/GB item 10: 2.1205930709838867 * 2.929306459292176
 MM estimated memory/GB item 11: 2.120352476835251 * 2.9183907316299003
 MM estimated memory/GB item 12: 2.120780289173126 * 2.9216219647674975
 MM estimated memory/GB item 13: 2.1198034286499023 * 2.9096714807173463
 MM estimated memory/GB item 14: 2.1202585995197296 * 2.90257419457229
 MM estimated memory/GB item 15: 2.119301587343216 * 2.930141247421044
 MM estimated memory/GB item 16: 2.1203905642032623 * 2.9185176956038728
 MM estimated memory/GB item 17: 2.120223194360733 * 2.9220409458816063
 MM estimated memory/GB item 18: 2.1206410825252533 * 2.9159847643231234
 MM estimated memory/GB item 19: 2.12027308344841 * 2.935746706871925
 MM estimated memory/GB item 20: 2.1197688281536102 * 2.912524996032376
 MM estimated memory/GB item 21: 2.12040638923645 * 2.928236787811459
 MM estimated memory/GB item 22: 2.120146483182907 * 2.9253070941120454
 MM estimated memory/GB item 23: 2.120576173067093 * 2.9362609109665136
 MM estimated memory/GB item 24: 2.1208183765411377 * 2.9254594508808127
 MM estimated memory/GB item 25: 2.12086021900177 * 2.8971433105856215
 MM estimated memory/GB item 26: 2.120600312948227 * 2.9211934613553403
 MM estimated memory/GB item 27: 2.116358131170273 * 2.915356007628735
mem estimated with fanout mem estimate * reduandant ratio
1-40, 41-49 degree
[0.0313603207412941, 1.6430094638794857]
50 degree split 26 parts
[6.179123598403959, 6.161715955577792, 6.173068370920971, 6.163978323844704, 6.161393700748602, 6.180484405359736, 6.195359770725917, 6.217877930196159, 6.211866980363331, 6.1880170161844985, 6.196118275294171, 6.167931581069469, 6.154207896785951, 6.209852996799249, 6.1883973832187005, 6.195378988329957, 6.183757087241334, 6.224584722402852, 6.1738796978076484, 6.209051994072636, 6.202079547811662, 6.226564925703865, 6.204368163253974, 6.144435996168134, 6.194683768332449]

[
6.179123598403959, 
6.161715955577792, 
6.173068370920971, 
6.163978323844704, 
6.161393700748602, 
6.180484405359736, 
6.195359770725917, 
6.217877930196159, 
6.211866980363331, 
6.1880170161844985, 
6.196118275294171, 
6.167931581069469, 
6.154207896785951, 
6.209852996799249, 
6.1883973832187005, 
6.195378988329957, 
6.183757087241334, 
6.224584722402852, 
6.1738796978076484, 
6.209051994072636, 
6.202079547811662, 
6.226564925703865, 
6.204368163253974, 
6.144435996168134, 
6.194683768332449
]
