
my_dict  {23: 393, 22: 386, 21: 357, 20: 325, 18: 297, 19: 291, 17: 277, 16: 261, 15: 251, 14: 245, 13: 236, 12: 210, 10: 178, 11: 175, 9: 159, 8: 130, 7: 109, 6: 102, 5: 78, 4: 54, 3: 40, 2: 24, 1: 10, 0: 4}

weights after sort [393, 386, 357, 325, 297, 291, 277, 261, 251, 245, 236, 210, 178, 175, 159, 130, 109, 102, 78, 54, 40, 24, 10, 4]
Maximum values: 2000
reverse_dict  {393: 23, 386: 22, 357: 21, 325: 20, 297: 18, 291: 19, 277: 17, 261: 16, 251: 15, 245: 14, 236: 13, 210: 12, 178: 10, 175: 11, 159: 9, 130: 8, 109: 7, 102: 6, 78: 5, 54: 4, 40: 3, 24: 2, 10: 1, 4: 0}
value  [393 297 291 277 261 245 236]

remove bucket_id:  [0, 4, 5, 6, 7, 9, 10]
original bucket_id :,  [23, 18, 19, 17, 16, 14, 13]
remove weights:   [393 297 291 277 261 245 236]

before remove weights,  [393, 386, 357, 325, 297, 291, 277, 261, 251, 245, 236, 210, 178, 175, 159, 130, 109, 102, 78, 54, 40, 24, 10, 4]
after remove pre pack weights,  [386, 357, 325, 251, 210, 178, 175, 159, 130, 109, 102, 78, 54, 40, 24, 10, 4]
Maximum values: 2000
reverse_dict  {393: 23, 386: 22, 357: 21, 325: 20, 297: 18, 291: 19, 277: 17, 261: 16, 251: 15, 245: 14, 236: 13, 210: 12, 178: 10, 175: 11, 159: 9, 130: 8, 109: 7, 102: 6, 78: 5, 54: 4, 40: 3, 24: 2, 10: 1, 4: 0}
value  [386 357 325 251 210 178 130 109  54]

remove bucket_id:  [0, 1, 2, 3, 4, 5, 8, 9, 12]
original bucket_id :,  [22, 21, 20, 15, 12, 10, 8, 7, 4]
remove weights:   [386 357 325 251 210 178 130 109  54]

before remove weights,  [386, 357, 325, 251, 210, 178, 175, 159, 130, 109, 102, 78, 54, 40, 24, 10, 4]
after remove pre pack weights,  [175, 159, 102, 78, 40, 24, 10, 4]
reverse_dict  {393: 23, 386: 22, 357: 21, 325: 20, 297: 18, 291: 19, 277: 17, 261: 16, 251: 15, 245: 14, 236: 13, 210: 12, 178: 10, 175: 11, 159: 9, 130: 8, 109: 7, 102: 6, 78: 5, 54: 4, 40: 3, 24: 2, 10: 1, 4: 0}
value  [175, 159, 102, 78, 40, 24, 10, 4]

GROUPS_weight 
[0.393, 0.297, 0.291, 0.277, 0.261, 0.245, 0.236], sum memory of current group: 2.0
[0.386, 0.357, 0.325, 0.251, 0.21, 0.178, 0.13, 0.109, 0.054], sum memory of current group: 1.9999999999999998
[0.175, 0.159, 0.102, 0.078, 0.04, 0.024, 0.01, 0.004], sum memory of current group: 0.592

bucket id 
[23, 18, 19, 17, 16, 14, 13]
[22, 21, 20, 15, 12, 10, 8, 7, 4]
[11, 9, 6, 5, 3, 2, 1, 0]
