main start at this time 1685740282.1951382
-----------------------------------------before load data 
 Nvidia-smi: 0.166015625 GB
    Memory Allocated: 0.0  GigaBytes
Max Memory Allocated: 0.0  GigaBytes

#nodes: 2449029
#edges: 123718024
#classes: 47
success----------------------------------------
196571
39255
2164782
# Nodes: 2400608
# Edges: 123718024
# Train: 196571
# Val: 39255
# Test: 2164782
# Classes: 47

----------------------------------------start of run function 
 Nvidia-smi: 0.166015625 GB
    Memory Allocated: 0.0  GigaBytes
Max Memory Allocated: 0.0  GigaBytes

len(bkt)  173
len(bkt)  221
len(bkt)  374
len(bkt)  456
len(bkt)  445
len(bkt)  550
len(bkt)  655
len(bkt)  512
len(bkt)  576
len(bkt)  640
len(bkt)  624
len(bkt)  583
len(bkt)  615
len(bkt)  695
len(bkt)  673
len(bkt)  614
len(bkt)  556
len(bkt)  604
len(bkt)  584
len(bkt)  572
len(bkt)  586
len(bkt)  592
len(bkt)  648
len(bkt)  645
len(bkt)  183378
---||-----||-----||-----||-----||-----||-----||-----||-----||-----||-----||-----||-----||-----||-----||-----||-----||-----||-----||-----||--

 the number of batches:  18
the ratio of the output nids to be processed:  0.9328843013465873
weights list of these nids:  [0.051828601370497177, 0.051828601370497177, 0.051828601370497177, 0.051828601370497177, 0.051828601370497177, 0.051828601370497177, 0.051828601370497177, 0.051828601370497177, 0.051828601370497177, 0.051828601370497177, 0.051828601370497177, 0.051828601370497177, 0.051828601370497177, 0.051828601370497177, 0.051828601370497177, 0.051828601370497177, 0.051828601370497177, 0.05179807804813528]
check_connections_block*********************************
num of batch  18
check_connections_block*********************************
generate_K_hop_neighbors time  59.330477714538574
8.249760941979353
8.26814046772263
8.263450058606233
8.230034475939922
8.21692807816457
8.235345814980079
8.278543432137614
8.220758738155762
8.24249128548734
8.28165763452447
8.236196011337226
8.231486496684713
8.240762234468871
8.265427481594203
8.215113052233582
8.247133930763448
8.282374092128807
8.240934696551951
the split redundant ratio 
[8.249760941979353, 8.26814046772263, 8.263450058606233, 8.230034475939922, 8.21692807816457, 8.235345814980079, 8.278543432137614, 8.220758738155762, 8.24249128548734, 8.28165763452447, 8.236196011337226, 8.231486496684713, 8.240762234468871, 8.265427481594203, 8.215113052233582, 8.247133930763448, 8.282374092128807, 8.240934696551951]
18
 the number of batches:  19
the ratio of the output nids to be processed:  0.9328843013465873
weights list of these nids:  [0.04910185123950125, 0.04910185123950125, 0.04910185123950125, 0.04910185123950125, 0.04910185123950125, 0.04910185123950125, 0.04910185123950125, 0.04910185123950125, 0.04910185123950125, 0.04910185123950125, 0.04910185123950125, 0.04910185123950125, 0.04910185123950125, 0.04910185123950125, 0.04910185123950125, 0.04910185123950125, 0.04910185123950125, 0.04910185123950125, 0.04905097903556476]
check_connections_block*********************************
num of batch  19
check_connections_block*********************************
generate_K_hop_neighbors time  59.10846185684204
8.489265868274341
8.510481041963493
8.504128589765696
8.476853378344995
8.477488623564774
8.475260223666817
8.495940984710758
8.503967257646387
8.46694153626494
8.493319337771984
8.520201302151868
8.49355125269349
8.455577705111104
8.476500464334006
8.514605094263333
8.460800832473737
8.492926090731167
8.539097326625951
8.480265020583609
the split redundant ratio 
[8.489265868274341, 8.510481041963493, 8.504128589765696, 8.476853378344995, 8.477488623564774, 8.475260223666817, 8.495940984710758, 8.503967257646387, 8.46694153626494, 8.493319337771984, 8.520201302151868, 8.49355125269349, 8.455577705111104, 8.476500464334006, 8.514605094263333, 8.460800832473737, 8.492926090731167, 8.539097326625951, 8.480265020583609]
19
average memory estimation for each split fanout bucket batch 13.786546410165027
capacity est:  0.1352024986099689
capacity  500
sorted_dict  {23: 393, 22: 386, 21: 357, 20: 325, 18: 297, 19: 291, 17: 277, 16: 261, 15: 251, 14: 245, 13: 236, 12: 210, 10: 178, 11: 175, 9: 159, 8: 130, 7: 109, 6: 102, 5: 78, 4: 54, 3: 40, 2: 24, 1: 10, 0: 4}

weights after sort [393, 386, 357, 325, 297, 291, 277, 261, 251, 245, 236, 210, 178, 175, 159, 130, 109, 102, 78, 54, 40, 24, 10, 4]

remove bucket_id:  [3, 13]
original bucket_id :,  [20, 11]
remove weights:  [325 175], 		------------sum 500

before remove weights,  [393, 386, 357, 325, 297, 291, 277, 261, 251, 245, 236, 210, 178, 175, 159, 130, 109, 102, 78, 54, 40, 24, 10, 4]
after remove pre pack weights,  [393, 386, 357, 297, 291, 277, 261, 251, 245, 236, 210, 178, 159, 130, 109, 102, 78, 54, 40, 24, 10, 4]

remove bucket_id:  [6, 13, 14]
original bucket_id :,  [16, 8, 7]
remove weights:  [261 130 109], 		------------sum 500

before remove weights,  [393, 386, 357, 297, 291, 277, 261, 251, 245, 236, 210, 178, 159, 130, 109, 102, 78, 54, 40, 24, 10, 4]
after remove pre pack weights,  [393, 386, 357, 297, 291, 277, 251, 245, 236, 210, 178, 159, 102, 78, 54, 40, 24, 10, 4]

remove bucket_id:  [8, 9, 14]
original bucket_id :,  [13, 12, 4]
remove weights:  [236 210  54], 		------------sum 500

before remove weights,  [393, 386, 357, 297, 291, 277, 251, 245, 236, 210, 178, 159, 102, 78, 54, 40, 24, 10, 4]
after remove pre pack weights,  [393, 386, 357, 297, 291, 277, 251, 245, 178, 159, 102, 78, 40, 24, 10, 4]

remove bucket_id:  [5, 9, 12, 13]
original bucket_id :,  [17, 9, 3, 2]
remove weights:  [277 159  40  24], 		------------sum 500

before remove weights,  [393, 386, 357, 297, 291, 277, 251, 245, 178, 159, 102, 78, 40, 24, 10, 4]
after remove pre pack weights,  [393, 386, 357, 297, 291, 251, 245, 178, 102, 78, 10, 4]

remove bucket_id:  [5, 6, 11]
original bucket_id :,  [15, 14, 0]
remove weights:  [251 245   4], 		------------sum 500

before remove weights,  [393, 386, 357, 297, 291, 251, 245, 178, 102, 78, 10, 4]
after remove pre pack weights,  [393, 386, 357, 297, 291, 178, 102, 78, 10]

remove bucket_id:  [1, 6, 8]
original bucket_id :,  [22, 6, 1]
remove weights:  [386 102  10], 		------------sum 498

before remove weights,  [393, 386, 357, 297, 291, 178, 102, 78, 10]
after remove pre pack weights,  [393, 357, 297, 291, 178, 78]

remove bucket_id:  [2, 4]
original bucket_id :,  [18, 10]
remove weights:  [297 178], 		------------sum 475

before remove weights,  [393, 357, 297, 291, 178, 78]
after remove pre pack weights,  [393, 357, 291, 78]

remove bucket_id:  [0, 3]
original bucket_id :,  [23, 5]
remove weights:  [393  78], 		------------sum 471

before remove weights,  [393, 357, 291, 78]
after remove pre pack weights,  [357, 291]

remove bucket_id:  [0]
original bucket_id :,  [21]
remove weights:  [357], 		------------sum 357

before remove weights,  [357, 291]
after remove pre pack weights,  [291]
the last batch value is  291
G_BUCKET_ID_list [[20, 11], [16, 8, 7], [13, 12, 4], [17, 9, 3, 2], [15, 14, 0], [22, 6, 1], [18, 10], [23, 5], [21], [19]]
G_BUCKET_ID_list length 10
split_batches_nid_list  19
